[INFO] 2016-12-23 17:16:52 [gateway] [./sprj/util/util.lua:13] Gateway open source[8]
[INFO] 2016-12-23 17:17:01 [gateway] [./sprj/util/util.lua:13] Client fd[5] connect gateway
[INFO] 2016-12-23 17:17:09 [gateway] [./sprj/util/util.lua:13] Client fd[6] connect gateway
[INFO] 2016-12-23 17:18:19 [gateway] [./sprj/util/util.lua:13] Gateway open source[8]
[INFO] 2016-12-23 17:18:26 [gateway] [./sprj/util/util.lua:13] Client fd[5] connect gateway
[INFO] 2016-12-23 17:18:28 [gateway] [./sprj/util/util.lua:13] Client fd[6] connect gateway
[INFO] 2016-12-23 17:20:49 [gateway] [./sprj/util/util.lua:13] Gateway open source[8]
[INFO] 2016-12-23 17:20:54 [gateway] [./sprj/util/util.lua:13] Client fd[5] connect gateway
[INFO] 2016-12-23 17:20:54 [gateway] [./sprj/util/util.lua:13] Forword cluster_name[nil] fd[5]
[INFO] 2016-12-23 17:20:56 [gateway] [./sprj/util/util.lua:13] Client fd[6] connect gateway
[INFO] 2016-12-23 17:20:56 [gateway] [./sprj/util/util.lua:13] Forword cluster_name[nil] fd[6]
[INFO] 2016-12-23 17:21:32 [gateway] [./sprj/util/util.lua:13] Gateway open source[8]
[INFO] 2016-12-23 17:21:38 [gateway] [./sprj/util/util.lua:13] Client fd[5] connect gateway
[INFO] 2016-12-23 17:21:38 [gateway] [./sprj/util/util.lua:13] Forword cluster_name[cluster_login] fd[5]
[INFO] 2016-12-23 17:21:52 [gateway] [./sprj/util/util.lua:13] Client fd[7] connect gateway
[INFO] 2016-12-23 17:21:52 [gateway] [./sprj/util/util.lua:13] Forword cluster_name[cluster_login] fd[7]
[INFO] 2016-12-23 17:27:57 [gateway] [./sprj/util/util.lua:13] Client fd[5] disconnect gateway
[INFO] 2016-12-23 17:28:01 [gateway] [./sprj/util/util.lua:13] Gateway open source[8]
[INFO] 2016-12-23 17:28:08 [gateway] [./sprj/util/util.lua:13] Client fd[5] connect gateway
[INFO] 2016-12-23 17:28:08 [gateway] [./sprj/util/util.lua:13] Forword cluster_name[cluster_login] fd[5]
[INFO] 2016-12-23 17:42:05 [gateway] [./sprj/util/util.lua:13] Gateway open source[8]
[INFO] 2016-12-23 17:42:10 [gateway] [./sprj/util/util.lua:13] Client fd[5] connect gateway
[INFO] 2016-12-23 17:42:10 [gateway] [./sprj/util/util.lua:13] Forword cluster_name[cluster_login] fd[5]
[INFO] 2016-12-23 17:42:16 [gateway] [./sprj/util/util.lua:13] Client fd[7] connect gateway
[INFO] 2016-12-23 17:42:16 [gateway] [./sprj/util/util.lua:13] Forword cluster_name[cluster_login] fd[7]
[INFO] 2016-12-23 17:42:55 [gateway] [./sprj/util/util.lua:13] Client fd[7] disconnect gateway
[INFO] 2016-12-23 17:42:57 [gateway] [./sprj/util/util.lua:13] Client fd[5] disconnect gateway
