[INFO] 2016-12-29 09:58:55 [redispool] [./sprj/util/util.lua:13] Activity Redis DBC[1]
[INFO] 2016-12-29 09:58:55 [redispool] [./sprj/util/util.lua:13] Activity Redis DBC[2]
[INFO] 2016-12-29 09:58:55 [redispool] [./sprj/util/util.lua:13] Activity Redis DBC[3]
[INFO] 2016-12-29 09:58:55 [redispool] [./sprj/util/util.lua:13] Activity Redis DBC[4]
[INFO] 2016-12-29 09:58:55 [redispool] [./sprj/util/util.lua:13] Activity Redis DBC[5]
[INFO] 2016-12-29 09:58:55 [redispool] [./sprj/util/util.lua:13] Activity Redis DBC[6]
[INFO] 2016-12-29 09:58:55 [redispool] [./sprj/util/util.lua:13] Activity Redis DBC[7]
[INFO] 2016-12-29 09:58:55 [redispool] [./sprj/util/util.lua:13] Activity Redis DBC[8]
[INFO] 2016-12-29 09:58:55 [redispool] [./sprj/util/util.lua:13] Activity Redis DBC[9]
[INFO] 2016-12-29 09:58:55 [redispool] [./sprj/util/util.lua:13] Activity Redis DBC[10]
[INFO] 2016-12-29 09:58:55 [redispool] [./sprj/util/util.lua:13] Activity Redis DBC[11]
[INFO] 2016-12-29 09:58:55 [redispool] [./sprj/util/util.lua:13] Activity Redis DBC[12]
[INFO] 2016-12-29 09:58:55 [redispool] [./sprj/util/util.lua:13] Activity Redis DBC[13]
[INFO] 2016-12-29 09:58:55 [redispool] [./sprj/util/util.lua:13] Activity Redis DBC[14]
[INFO] 2016-12-29 09:58:55 [redispool] [./sprj/util/util.lua:13] Activity Redis DBC[0]
[INFO] 2016-12-29 09:58:55 [mysqlpool] [./sprj/util/util.lua:13] Activity MySQL DBC[1]
[INFO] 2016-12-29 09:58:55 [mysqlpool] [./sprj/util/util.lua:13] Activity MySQL DBC[2]
[INFO] 2016-12-29 09:58:55 [mysqlpool] [./sprj/util/util.lua:13] Activity MySQL DBC[3]
[INFO] 2016-12-29 09:58:55 [mysqlpool] [./sprj/util/util.lua:13] Activity MySQL DBC[4]
[INFO] 2016-12-29 09:58:55 [mysqlpool] [./sprj/util/util.lua:13] Activity MySQL DBC[5]
[INFO] 2016-12-29 09:58:55 [mysqlpool] [./sprj/util/util.lua:13] Activity MySQL DBC[6]
[INFO] 2016-12-29 09:58:55 [mysqlpool] [./sprj/util/util.lua:13] Activity MySQL DBC[7]
[INFO] 2016-12-29 09:58:55 [mysqlpool] [./sprj/util/util.lua:13] Activity MySQL DBC[8]
[INFO] 2016-12-29 09:58:55 [mysqlpool] [./sprj/util/util.lua:13] Activity MySQL DBC[9]
[INFO] 2016-12-29 09:58:55 [mysqlpool] [./sprj/util/util.lua:13] Activity MySQL DBC[10]
[INFO] 2016-12-29 09:58:55 [mysqlpool] [./sprj/util/util.lua:13] Activity MySQL DBC[11]
[INFO] 2016-12-29 09:58:55 [mysqlpool] [./sprj/util/util.lua:13] Activity MySQL DBC[12]
[INFO] 2016-12-29 09:58:55 [mysqlpool] [./sprj/util/util.lua:13] Activity MySQL DBC[13]
[INFO] 2016-12-29 09:58:55 [mysqlpool] [./sprj/util/util.lua:13] Activity MySQL DBC[14]
[INFO] 2016-12-29 09:58:55 [mysqlpool] [./sprj/util/util.lua:13] Activity MySQL DBC[15]
[INFO] 2016-12-29 10:01:57 [redispool] [./sprj/util/util.lua:13] Redis DBPool useful is 15
[INFO] 2016-12-29 10:01:57 [redispool] [./sprj/util/util.lua:13] Activity Redis DBC[1]
[INFO] 2016-12-29 10:01:57 [redispool] [./sprj/util/util.lua:13] Activity Redis DBC[2]
[INFO] 2016-12-29 10:01:57 [redispool] [./sprj/util/util.lua:13] Activity Redis DBC[3]
[INFO] 2016-12-29 10:01:57 [redispool] [./sprj/util/util.lua:13] Activity Redis DBC[4]
[INFO] 2016-12-29 10:01:57 [redispool] [./sprj/util/util.lua:13] Activity Redis DBC[5]
[INFO] 2016-12-29 10:01:57 [redispool] [./sprj/util/util.lua:13] Activity Redis DBC[6]
[INFO] 2016-12-29 10:01:57 [redispool] [./sprj/util/util.lua:13] Activity Redis DBC[7]
[INFO] 2016-12-29 10:01:57 [redispool] [./sprj/util/util.lua:13] Activity Redis DBC[8]
[INFO] 2016-12-29 10:01:57 [redispool] [./sprj/util/util.lua:13] Activity Redis DBC[9]
[INFO] 2016-12-29 10:01:57 [redispool] [./sprj/util/util.lua:13] Activity Redis DBC[10]
[INFO] 2016-12-29 10:01:57 [redispool] [./sprj/util/util.lua:13] Activity Redis DBC[11]
[INFO] 2016-12-29 10:01:57 [redispool] [./sprj/util/util.lua:13] Activity Redis DBC[12]
[INFO] 2016-12-29 10:01:57 [redispool] [./sprj/util/util.lua:13] Activity Redis DBC[13]
[INFO] 2016-12-29 10:01:57 [redispool] [./sprj/util/util.lua:13] Activity Redis DBC[14]
[INFO] 2016-12-29 10:01:57 [redispool] [./sprj/util/util.lua:13] Activity Redis DBC[0]
[INFO] 2016-12-29 10:01:57 [mysqlpool] [./sprj/util/util.lua:13] MySQL DBPool useful is 15
[INFO] 2016-12-29 10:01:57 [mysqlpool] [./sprj/util/util.lua:13] Activity MySQL DBC[1]
[INFO] 2016-12-29 10:01:57 [mysqlpool] [./sprj/util/util.lua:13] Activity MySQL DBC[2]
[INFO] 2016-12-29 10:01:57 [mysqlpool] [./sprj/util/util.lua:13] Activity MySQL DBC[3]
[INFO] 2016-12-29 10:01:57 [mysqlpool] [./sprj/util/util.lua:13] Activity MySQL DBC[4]
[INFO] 2016-12-29 10:01:57 [mysqlpool] [./sprj/util/util.lua:13] Activity MySQL DBC[5]
[INFO] 2016-12-29 10:01:57 [mysqlpool] [./sprj/util/util.lua:13] Activity MySQL DBC[6]
[INFO] 2016-12-29 10:01:57 [mysqlpool] [./sprj/util/util.lua:13] Activity MySQL DBC[7]
[INFO] 2016-12-29 10:01:57 [mysqlpool] [./sprj/util/util.lua:13] Activity MySQL DBC[8]
[INFO] 2016-12-29 10:01:57 [mysqlpool] [./sprj/util/util.lua:13] Activity MySQL DBC[9]
[INFO] 2016-12-29 10:01:57 [mysqlpool] [./sprj/util/util.lua:13] Activity MySQL DBC[10]
[INFO] 2016-12-29 10:01:57 [mysqlpool] [./sprj/util/util.lua:13] Activity MySQL DBC[11]
[INFO] 2016-12-29 10:01:57 [mysqlpool] [./sprj/util/util.lua:13] Activity MySQL DBC[12]
[INFO] 2016-12-29 10:01:57 [mysqlpool] [./sprj/util/util.lua:13] Activity MySQL DBC[13]
[INFO] 2016-12-29 10:01:57 [mysqlpool] [./sprj/util/util.lua:13] Activity MySQL DBC[14]
[INFO] 2016-12-29 10:01:57 [mysqlpool] [./sprj/util/util.lua:13] Activity MySQL DBC[0]
[INFO] 2016-12-29 10:02:16 [mysqlpool] [./sprj/util/util.lua:13] MySQL getDB success
[INFO] 2016-12-29 10:02:16 [mysqlpool] [./sprj/util/util.lua:13] execute sql[select * from user where username='interface' and password='interface']
[INFO] 2016-12-29 11:01:56 [redispool] [./sprj/util/util.lua:13] Activity Redis DBC[1]
[INFO] 2016-12-29 11:01:56 [redispool] [./sprj/util/util.lua:13] Activity Redis DBC[2]
[INFO] 2016-12-29 11:01:56 [redispool] [./sprj/util/util.lua:13] Activity Redis DBC[3]
[INFO] 2016-12-29 11:01:56 [redispool] [./sprj/util/util.lua:13] Activity Redis DBC[4]
[INFO] 2016-12-29 11:01:56 [redispool] [./sprj/util/util.lua:13] Activity Redis DBC[5]
[INFO] 2016-12-29 11:01:56 [redispool] [./sprj/util/util.lua:13] Activity Redis DBC[6]
[INFO] 2016-12-29 11:01:56 [redispool] [./sprj/util/util.lua:13] Activity Redis DBC[7]
[INFO] 2016-12-29 11:01:56 [redispool] [./sprj/util/util.lua:13] Activity Redis DBC[8]
[INFO] 2016-12-29 11:01:56 [redispool] [./sprj/util/util.lua:13] Activity Redis DBC[9]
[INFO] 2016-12-29 11:01:56 [redispool] [./sprj/util/util.lua:13] Activity Redis DBC[10]
[INFO] 2016-12-29 11:01:56 [redispool] [./sprj/util/util.lua:13] Activity Redis DBC[11]
[INFO] 2016-12-29 11:01:56 [redispool] [./sprj/util/util.lua:13] Activity Redis DBC[12]
[INFO] 2016-12-29 11:01:56 [mysqlpool] [./sprj/util/util.lua:13] Activity MySQL DBC[1]
[INFO] 2016-12-29 11:01:56 [redispool] [./sprj/util/util.lua:13] Activity Redis DBC[13]
[INFO] 2016-12-29 11:01:56 [mysqlpool] [./sprj/util/util.lua:13] Activity MySQL DBC[2]
[INFO] 2016-12-29 11:01:56 [redispool] [./sprj/util/util.lua:13] Activity Redis DBC[14]
[INFO] 2016-12-29 11:01:56 [mysqlpool] [./sprj/util/util.lua:13] Activity MySQL DBC[3]
[INFO] 2016-12-29 11:01:56 [redispool] [./sprj/util/util.lua:13] Activity Redis DBC[0]
[INFO] 2016-12-29 11:01:56 [mysqlpool] [./sprj/util/util.lua:13] Activity MySQL DBC[4]
[INFO] 2016-12-29 11:01:56 [mysqlpool] [./sprj/util/util.lua:13] Activity MySQL DBC[5]
[INFO] 2016-12-29 11:01:56 [mysqlpool] [./sprj/util/util.lua:13] Activity MySQL DBC[6]
[INFO] 2016-12-29 11:01:56 [mysqlpool] [./sprj/util/util.lua:13] Activity MySQL DBC[7]
[INFO] 2016-12-29 11:01:56 [mysqlpool] [./sprj/util/util.lua:13] Activity MySQL DBC[8]
[INFO] 2016-12-29 11:01:56 [mysqlpool] [./sprj/util/util.lua:13] Activity MySQL DBC[9]
[INFO] 2016-12-29 11:01:56 [mysqlpool] [./sprj/util/util.lua:13] Activity MySQL DBC[10]
[INFO] 2016-12-29 11:01:56 [mysqlpool] [./sprj/util/util.lua:13] Activity MySQL DBC[11]
[INFO] 2016-12-29 11:01:56 [mysqlpool] [./sprj/util/util.lua:13] Activity MySQL DBC[12]
[INFO] 2016-12-29 11:01:56 [mysqlpool] [./sprj/util/util.lua:13] Activity MySQL DBC[13]
[INFO] 2016-12-29 11:01:56 [mysqlpool] [./sprj/util/util.lua:13] Activity MySQL DBC[14]
[INFO] 2016-12-29 11:01:56 [mysqlpool] [./sprj/util/util.lua:13] Activity MySQL DBC[15]
[INFO] 2016-12-29 11:05:35 [mysqlpool] [./sprj/util/util.lua:13] MySQL getDB success
[INFO] 2016-12-29 11:05:35 [mysqlpool] [./sprj/util/util.lua:13] execute sql[select * from user where username='interface' and password='interface']
[INFO] 2016-12-29 11:13:18 [redispool] [./sprj/util/util.lua:13] Redis DBPool useful is 15
[INFO] 2016-12-29 11:13:18 [redispool] [./sprj/util/util.lua:13] Activity Redis DBC[1]
[INFO] 2016-12-29 11:13:18 [redispool] [./sprj/util/util.lua:13] Activity Redis DBC[2]
[INFO] 2016-12-29 11:13:18 [redispool] [./sprj/util/util.lua:13] Activity Redis DBC[3]
[INFO] 2016-12-29 11:13:18 [redispool] [./sprj/util/util.lua:13] Activity Redis DBC[4]
[INFO] 2016-12-29 11:13:18 [redispool] [./sprj/util/util.lua:13] Activity Redis DBC[5]
[INFO] 2016-12-29 11:13:18 [redispool] [./sprj/util/util.lua:13] Activity Redis DBC[6]
[INFO] 2016-12-29 11:13:18 [redispool] [./sprj/util/util.lua:13] Activity Redis DBC[7]
[INFO] 2016-12-29 11:13:18 [redispool] [./sprj/util/util.lua:13] Activity Redis DBC[8]
[INFO] 2016-12-29 11:13:18 [redispool] [./sprj/util/util.lua:13] Activity Redis DBC[9]
[INFO] 2016-12-29 11:13:18 [redispool] [./sprj/util/util.lua:13] Activity Redis DBC[10]
[INFO] 2016-12-29 11:13:18 [redispool] [./sprj/util/util.lua:13] Activity Redis DBC[11]
[INFO] 2016-12-29 11:13:18 [redispool] [./sprj/util/util.lua:13] Activity Redis DBC[12]
[INFO] 2016-12-29 11:13:18 [redispool] [./sprj/util/util.lua:13] Activity Redis DBC[13]
[INFO] 2016-12-29 11:13:18 [redispool] [./sprj/util/util.lua:13] Activity Redis DBC[14]
[INFO] 2016-12-29 11:13:18 [redispool] [./sprj/util/util.lua:13] Activity Redis DBC[0]
[INFO] 2016-12-29 11:13:18 [mysqlpool] [./sprj/util/util.lua:13] MySQL DBPool useful is 15
[INFO] 2016-12-29 11:13:18 [mysqlpool] [./sprj/util/util.lua:13] Activity MySQL DBC[1]
[INFO] 2016-12-29 11:13:18 [mysqlpool] [./sprj/util/util.lua:13] Activity MySQL DBC[2]
[INFO] 2016-12-29 11:13:18 [mysqlpool] [./sprj/util/util.lua:13] Activity MySQL DBC[3]
[INFO] 2016-12-29 11:13:18 [mysqlpool] [./sprj/util/util.lua:13] Activity MySQL DBC[4]
[INFO] 2016-12-29 11:13:18 [mysqlpool] [./sprj/util/util.lua:13] Activity MySQL DBC[5]
[INFO] 2016-12-29 11:13:18 [mysqlpool] [./sprj/util/util.lua:13] Activity MySQL DBC[6]
[INFO] 2016-12-29 11:13:18 [mysqlpool] [./sprj/util/util.lua:13] Activity MySQL DBC[7]
[INFO] 2016-12-29 11:13:18 [mysqlpool] [./sprj/util/util.lua:13] Activity MySQL DBC[8]
[INFO] 2016-12-29 11:13:18 [mysqlpool] [./sprj/util/util.lua:13] Activity MySQL DBC[9]
[INFO] 2016-12-29 11:13:18 [mysqlpool] [./sprj/util/util.lua:13] Activity MySQL DBC[10]
[INFO] 2016-12-29 11:13:18 [mysqlpool] [./sprj/util/util.lua:13] Activity MySQL DBC[11]
[INFO] 2016-12-29 11:13:18 [mysqlpool] [./sprj/util/util.lua:13] Activity MySQL DBC[12]
[INFO] 2016-12-29 11:13:18 [mysqlpool] [./sprj/util/util.lua:13] Activity MySQL DBC[13]
[INFO] 2016-12-29 11:13:18 [mysqlpool] [./sprj/util/util.lua:13] Activity MySQL DBC[14]
[INFO] 2016-12-29 11:13:18 [mysqlpool] [./sprj/util/util.lua:13] Activity MySQL DBC[0]
[INFO] 2016-12-29 11:13:31 [mysqlpool] [./sprj/util/util.lua:13] MySQL getDB success
[INFO] 2016-12-29 11:13:31 [mysqlpool] [./sprj/util/util.lua:13] execute sql[select * from user where username='interface' and password='interface']
[INFO] 2016-12-29 11:13:45 [mysqlpool] [./sprj/util/util.lua:13] MySQL getDB success
[INFO] 2016-12-29 11:13:45 [mysqlpool] [./sprj/util/util.lua:13] execute sql[select * from user where username='interface' and password='interface']
[INFO] 2016-12-29 11:23:30 [redispool] [./sprj/util/util.lua:13] Redis DBPool useful is 15
[INFO] 2016-12-29 11:23:30 [redispool] [./sprj/util/util.lua:13] Activity Redis DBC[1]
[INFO] 2016-12-29 11:23:30 [redispool] [./sprj/util/util.lua:13] Activity Redis DBC[2]
[INFO] 2016-12-29 11:23:30 [redispool] [./sprj/util/util.lua:13] Activity Redis DBC[3]
[INFO] 2016-12-29 11:23:30 [redispool] [./sprj/util/util.lua:13] Activity Redis DBC[4]
[INFO] 2016-12-29 11:23:30 [redispool] [./sprj/util/util.lua:13] Activity Redis DBC[5]
[INFO] 2016-12-29 11:23:30 [redispool] [./sprj/util/util.lua:13] Activity Redis DBC[6]
[INFO] 2016-12-29 11:23:30 [redispool] [./sprj/util/util.lua:13] Activity Redis DBC[7]
[INFO] 2016-12-29 11:23:30 [redispool] [./sprj/util/util.lua:13] Activity Redis DBC[8]
[INFO] 2016-12-29 11:23:30 [redispool] [./sprj/util/util.lua:13] Activity Redis DBC[9]
[INFO] 2016-12-29 11:23:30 [redispool] [./sprj/util/util.lua:13] Activity Redis DBC[10]
[INFO] 2016-12-29 11:23:30 [redispool] [./sprj/util/util.lua:13] Activity Redis DBC[11]
[INFO] 2016-12-29 11:23:30 [redispool] [./sprj/util/util.lua:13] Activity Redis DBC[12]
[INFO] 2016-12-29 11:23:30 [redispool] [./sprj/util/util.lua:13] Activity Redis DBC[13]
[INFO] 2016-12-29 11:23:30 [redispool] [./sprj/util/util.lua:13] Activity Redis DBC[14]
[INFO] 2016-12-29 11:23:30 [redispool] [./sprj/util/util.lua:13] Activity Redis DBC[0]
[INFO] 2016-12-29 11:23:30 [mysqlpool] [./sprj/util/util.lua:13] MySQL DBPool useful is 15
[INFO] 2016-12-29 11:23:30 [mysqlpool] [./sprj/util/util.lua:13] Activity MySQL DBC[1]
[INFO] 2016-12-29 11:23:30 [mysqlpool] [./sprj/util/util.lua:13] Activity MySQL DBC[2]
[INFO] 2016-12-29 11:23:30 [mysqlpool] [./sprj/util/util.lua:13] Activity MySQL DBC[3]
[INFO] 2016-12-29 11:23:30 [mysqlpool] [./sprj/util/util.lua:13] Activity MySQL DBC[4]
[INFO] 2016-12-29 11:23:30 [mysqlpool] [./sprj/util/util.lua:13] Activity MySQL DBC[5]
[INFO] 2016-12-29 11:23:30 [mysqlpool] [./sprj/util/util.lua:13] Activity MySQL DBC[6]
[INFO] 2016-12-29 11:23:30 [mysqlpool] [./sprj/util/util.lua:13] Activity MySQL DBC[7]
[INFO] 2016-12-29 11:23:30 [mysqlpool] [./sprj/util/util.lua:13] Activity MySQL DBC[8]
[INFO] 2016-12-29 11:23:30 [mysqlpool] [./sprj/util/util.lua:13] Activity MySQL DBC[9]
[INFO] 2016-12-29 11:23:30 [mysqlpool] [./sprj/util/util.lua:13] Activity MySQL DBC[10]
[INFO] 2016-12-29 11:23:30 [mysqlpool] [./sprj/util/util.lua:13] Activity MySQL DBC[11]
[INFO] 2016-12-29 11:23:30 [mysqlpool] [./sprj/util/util.lua:13] Activity MySQL DBC[12]
[INFO] 2016-12-29 11:23:30 [mysqlpool] [./sprj/util/util.lua:13] Activity MySQL DBC[13]
[INFO] 2016-12-29 11:23:30 [mysqlpool] [./sprj/util/util.lua:13] Activity MySQL DBC[14]
[INFO] 2016-12-29 11:23:30 [mysqlpool] [./sprj/util/util.lua:13] Activity MySQL DBC[0]
[INFO] 2016-12-29 11:25:32 [mysqlpool] [./sprj/util/util.lua:13] MySQL getDB success
[INFO] 2016-12-29 11:25:32 [mysqlpool] [./sprj/util/util.lua:13] execute sql[select * from user where username='interface' and password='interface']
[INFO] 2016-12-29 11:26:58 [mysqlpool] [./sprj/util/util.lua:13] MySQL getDB success
[INFO] 2016-12-29 11:26:58 [mysqlpool] [./sprj/util/util.lua:13] execute sql[select * from user where username='interface' and password='interface']
[INFO] 2016-12-29 11:32:51 [mysqlpool] [./sprj/util/util.lua:13] MySQL getDB success
[INFO] 2016-12-29 11:32:51 [mysqlpool] [./sprj/util/util.lua:13] execute sql[select * from user where username='interface' and password='interface']
[INFO] 2016-12-29 11:33:29 [mysqlpool] [./sprj/util/util.lua:13] MySQL getDB success
[INFO] 2016-12-29 11:33:29 [mysqlpool] [./sprj/util/util.lua:13] execute sql[select * from user where username='interface' and password='interface']
[INFO] 2016-12-29 11:35:07 [mysqlpool] [./sprj/util/util.lua:13] MySQL getDB success
[INFO] 2016-12-29 11:35:07 [mysqlpool] [./sprj/util/util.lua:13] execute sql[select * from user where username='interface' and password='interface']
[INFO] 2016-12-29 11:37:59 [mysqlpool] [./sprj/util/util.lua:13] MySQL getDB success
[INFO] 2016-12-29 11:37:59 [mysqlpool] [./sprj/util/util.lua:13] execute sql[select * from user where username='interface' and password='interface']
[INFO] 2016-12-29 11:42:21 [mysqlpool] [./sprj/util/util.lua:13] MySQL getDB success
[INFO] 2016-12-29 11:42:21 [mysqlpool] [./sprj/util/util.lua:13] execute sql[select * from user where username='interface' and password='interface']
[INFO] 2016-12-29 11:49:11 [mysqlpool] [./sprj/util/util.lua:13] MySQL getDB success
[INFO] 2016-12-29 11:49:11 [mysqlpool] [./sprj/util/util.lua:13] execute sql[select * from user where username='interface' and password='interface']
[INFO] 2016-12-29 11:51:35 [mysqlpool] [./sprj/util/util.lua:13] MySQL getDB success
[INFO] 2016-12-29 11:51:35 [mysqlpool] [./sprj/util/util.lua:13] execute sql[select * from user where username='interface' and password='interface']
[INFO] 2016-12-29 11:55:25 [mysqlpool] [./sprj/util/util.lua:13] MySQL getDB success
[INFO] 2016-12-29 11:55:25 [mysqlpool] [./sprj/util/util.lua:13] execute sql[select * from user where username='interface' and password='interface']
[INFO] 2016-12-29 12:02:08 [mysqlpool] [./sprj/util/util.lua:13] MySQL getDB success
[INFO] 2016-12-29 12:02:08 [mysqlpool] [./sprj/util/util.lua:13] execute sql[select * from user where username='interface' and password='interface']
[INFO] 2016-12-29 12:23:30 [redispool] [./sprj/util/util.lua:13] Activity Redis DBC[1]
[INFO] 2016-12-29 12:23:30 [redispool] [./sprj/util/util.lua:13] Activity Redis DBC[2]
[INFO] 2016-12-29 12:23:30 [redispool] [./sprj/util/util.lua:13] Activity Redis DBC[3]
[INFO] 2016-12-29 12:23:30 [redispool] [./sprj/util/util.lua:13] Activity Redis DBC[4]
[INFO] 2016-12-29 12:23:30 [redispool] [./sprj/util/util.lua:13] Activity Redis DBC[5]
[INFO] 2016-12-29 12:23:30 [redispool] [./sprj/util/util.lua:13] Activity Redis DBC[6]
[INFO] 2016-12-29 12:23:30 [redispool] [./sprj/util/util.lua:13] Activity Redis DBC[7]
[INFO] 2016-12-29 12:23:30 [redispool] [./sprj/util/util.lua:13] Activity Redis DBC[8]
[INFO] 2016-12-29 12:23:30 [redispool] [./sprj/util/util.lua:13] Activity Redis DBC[9]
[INFO] 2016-12-29 12:23:30 [redispool] [./sprj/util/util.lua:13] Activity Redis DBC[10]
[INFO] 2016-12-29 12:23:30 [redispool] [./sprj/util/util.lua:13] Activity Redis DBC[11]
[INFO] 2016-12-29 12:23:30 [redispool] [./sprj/util/util.lua:13] Activity Redis DBC[12]
[INFO] 2016-12-29 12:23:30 [redispool] [./sprj/util/util.lua:13] Activity Redis DBC[13]
[INFO] 2016-12-29 12:23:30 [redispool] [./sprj/util/util.lua:13] Activity Redis DBC[14]
[INFO] 2016-12-29 12:23:30 [redispool] [./sprj/util/util.lua:13] Activity Redis DBC[0]
[INFO] 2016-12-29 12:23:30 [mysqlpool] [./sprj/util/util.lua:13] Activity MySQL DBC[11]
[INFO] 2016-12-29 12:23:30 [mysqlpool] [./sprj/util/util.lua:13] Activity MySQL DBC[12]
[INFO] 2016-12-29 12:23:30 [mysqlpool] [./sprj/util/util.lua:13] Activity MySQL DBC[13]
[INFO] 2016-12-29 12:23:30 [mysqlpool] [./sprj/util/util.lua:13] Activity MySQL DBC[14]
[INFO] 2016-12-29 12:23:30 [mysqlpool] [./sprj/util/util.lua:13] Activity MySQL DBC[15]
[INFO] 2016-12-29 12:23:30 [mysqlpool] [./sprj/util/util.lua:13] Activity MySQL DBC[16]
[INFO] 2016-12-29 12:23:30 [mysqlpool] [./sprj/util/util.lua:13] Activity MySQL DBC[17]
[INFO] 2016-12-29 12:23:30 [mysqlpool] [./sprj/util/util.lua:13] Activity MySQL DBC[18]
[INFO] 2016-12-29 12:23:30 [mysqlpool] [./sprj/util/util.lua:13] Activity MySQL DBC[19]
[INFO] 2016-12-29 12:23:30 [mysqlpool] [./sprj/util/util.lua:13] Activity MySQL DBC[20]
[INFO] 2016-12-29 12:23:30 [mysqlpool] [./sprj/util/util.lua:13] Activity MySQL DBC[22]
[INFO] 2016-12-29 12:23:30 [mysqlpool] [./sprj/util/util.lua:13] Activity MySQL DBC[23]
[INFO] 2016-12-29 12:23:30 [mysqlpool] [./sprj/util/util.lua:13] Activity MySQL DBC[24]
[INFO] 2016-12-29 12:23:30 [mysqlpool] [./sprj/util/util.lua:13] Activity MySQL DBC[25]
[INFO] 2016-12-29 12:23:30 [mysqlpool] [./sprj/util/util.lua:13] Activity MySQL DBC[21]
[INFO] 2016-12-29 13:23:30 [redispool] [./sprj/util/util.lua:13] Activity Redis DBC[1]
[INFO] 2016-12-29 13:23:30 [redispool] [./sprj/util/util.lua:13] Activity Redis DBC[2]
[INFO] 2016-12-29 13:23:30 [redispool] [./sprj/util/util.lua:13] Activity Redis DBC[3]
[INFO] 2016-12-29 13:23:30 [redispool] [./sprj/util/util.lua:13] Activity Redis DBC[4]
[INFO] 2016-12-29 13:23:30 [redispool] [./sprj/util/util.lua:13] Activity Redis DBC[5]
[INFO] 2016-12-29 13:23:30 [redispool] [./sprj/util/util.lua:13] Activity Redis DBC[6]
[INFO] 2016-12-29 13:23:30 [redispool] [./sprj/util/util.lua:13] Activity Redis DBC[7]
[INFO] 2016-12-29 13:23:30 [redispool] [./sprj/util/util.lua:13] Activity Redis DBC[8]
[INFO] 2016-12-29 13:23:30 [redispool] [./sprj/util/util.lua:13] Activity Redis DBC[9]
[INFO] 2016-12-29 13:23:30 [redispool] [./sprj/util/util.lua:13] Activity Redis DBC[10]
[INFO] 2016-12-29 13:23:30 [redispool] [./sprj/util/util.lua:13] Activity Redis DBC[11]
[INFO] 2016-12-29 13:23:30 [redispool] [./sprj/util/util.lua:13] Activity Redis DBC[12]
[INFO] 2016-12-29 13:23:30 [redispool] [./sprj/util/util.lua:13] Activity Redis DBC[13]
[INFO] 2016-12-29 13:23:30 [redispool] [./sprj/util/util.lua:13] Activity Redis DBC[14]
[INFO] 2016-12-29 13:23:30 [redispool] [./sprj/util/util.lua:13] Activity Redis DBC[0]
[INFO] 2016-12-29 13:23:30 [mysqlpool] [./sprj/util/util.lua:13] Activity MySQL DBC[11]
[INFO] 2016-12-29 13:23:30 [mysqlpool] [./sprj/util/util.lua:13] Activity MySQL DBC[12]
[INFO] 2016-12-29 13:23:30 [mysqlpool] [./sprj/util/util.lua:13] Activity MySQL DBC[13]
[INFO] 2016-12-29 13:23:30 [mysqlpool] [./sprj/util/util.lua:13] Activity MySQL DBC[14]
[INFO] 2016-12-29 13:23:30 [mysqlpool] [./sprj/util/util.lua:13] Activity MySQL DBC[15]
[INFO] 2016-12-29 13:23:30 [mysqlpool] [./sprj/util/util.lua:13] Activity MySQL DBC[16]
[INFO] 2016-12-29 13:23:30 [mysqlpool] [./sprj/util/util.lua:13] Activity MySQL DBC[17]
[INFO] 2016-12-29 13:23:30 [mysqlpool] [./sprj/util/util.lua:13] Activity MySQL DBC[18]
[INFO] 2016-12-29 13:23:30 [mysqlpool] [./sprj/util/util.lua:13] Activity MySQL DBC[19]
[INFO] 2016-12-29 13:23:30 [mysqlpool] [./sprj/util/util.lua:13] Activity MySQL DBC[20]
[INFO] 2016-12-29 13:23:30 [mysqlpool] [./sprj/util/util.lua:13] Activity MySQL DBC[22]
[INFO] 2016-12-29 13:23:30 [mysqlpool] [./sprj/util/util.lua:13] Activity MySQL DBC[23]
[INFO] 2016-12-29 13:23:30 [mysqlpool] [./sprj/util/util.lua:13] Activity MySQL DBC[24]
[INFO] 2016-12-29 13:23:30 [mysqlpool] [./sprj/util/util.lua:13] Activity MySQL DBC[25]
[INFO] 2016-12-29 13:23:30 [mysqlpool] [./sprj/util/util.lua:13] Activity MySQL DBC[21]
[INFO] 2016-12-29 13:52:44 [mysqlpool] [./sprj/util/util.lua:13] MySQL getDB success
[INFO] 2016-12-29 13:52:44 [mysqlpool] [./sprj/util/util.lua:13] execute sql[select * from user where username='id' and password='dd']
[INFO] 2016-12-29 14:23:30 [redispool] [./sprj/util/util.lua:13] Activity Redis DBC[1]
[INFO] 2016-12-29 14:23:30 [redispool] [./sprj/util/util.lua:13] Activity Redis DBC[2]
[INFO] 2016-12-29 14:23:30 [redispool] [./sprj/util/util.lua:13] Activity Redis DBC[3]
[INFO] 2016-12-29 14:23:30 [redispool] [./sprj/util/util.lua:13] Activity Redis DBC[4]
[INFO] 2016-12-29 14:23:30 [redispool] [./sprj/util/util.lua:13] Activity Redis DBC[5]
[INFO] 2016-12-29 14:23:30 [redispool] [./sprj/util/util.lua:13] Activity Redis DBC[6]
[INFO] 2016-12-29 14:23:30 [redispool] [./sprj/util/util.lua:13] Activity Redis DBC[7]
[INFO] 2016-12-29 14:23:30 [redispool] [./sprj/util/util.lua:13] Activity Redis DBC[8]
[INFO] 2016-12-29 14:23:30 [redispool] [./sprj/util/util.lua:13] Activity Redis DBC[9]
[INFO] 2016-12-29 14:23:30 [redispool] [./sprj/util/util.lua:13] Activity Redis DBC[10]
[INFO] 2016-12-29 14:23:30 [redispool] [./sprj/util/util.lua:13] Activity Redis DBC[11]
[INFO] 2016-12-29 14:23:30 [redispool] [./sprj/util/util.lua:13] Activity Redis DBC[12]
[INFO] 2016-12-29 14:23:30 [redispool] [./sprj/util/util.lua:13] Activity Redis DBC[13]
[INFO] 2016-12-29 14:23:30 [redispool] [./sprj/util/util.lua:13] Activity Redis DBC[14]
[INFO] 2016-12-29 14:23:30 [redispool] [./sprj/util/util.lua:13] Activity Redis DBC[0]
[INFO] 2016-12-29 14:23:30 [mysqlpool] [./sprj/util/util.lua:13] Activity MySQL DBC[12]
[INFO] 2016-12-29 14:23:30 [mysqlpool] [./sprj/util/util.lua:13] Activity MySQL DBC[13]
[INFO] 2016-12-29 14:23:30 [mysqlpool] [./sprj/util/util.lua:13] Activity MySQL DBC[14]
[INFO] 2016-12-29 14:23:30 [mysqlpool] [./sprj/util/util.lua:13] Activity MySQL DBC[15]
[INFO] 2016-12-29 14:23:30 [mysqlpool] [./sprj/util/util.lua:13] Activity MySQL DBC[16]
[INFO] 2016-12-29 14:23:30 [mysqlpool] [./sprj/util/util.lua:13] Activity MySQL DBC[17]
[INFO] 2016-12-29 14:23:30 [mysqlpool] [./sprj/util/util.lua:13] Activity MySQL DBC[18]
[INFO] 2016-12-29 14:23:30 [mysqlpool] [./sprj/util/util.lua:13] Activity MySQL DBC[19]
[INFO] 2016-12-29 14:23:30 [mysqlpool] [./sprj/util/util.lua:13] Activity MySQL DBC[20]
[INFO] 2016-12-29 14:23:30 [mysqlpool] [./sprj/util/util.lua:13] Activity MySQL DBC[22]
[INFO] 2016-12-29 14:23:30 [mysqlpool] [./sprj/util/util.lua:13] Activity MySQL DBC[23]
[INFO] 2016-12-29 14:23:30 [mysqlpool] [./sprj/util/util.lua:13] Activity MySQL DBC[24]
[INFO] 2016-12-29 14:23:30 [mysqlpool] [./sprj/util/util.lua:13] Activity MySQL DBC[25]
[INFO] 2016-12-29 14:23:30 [mysqlpool] [./sprj/util/util.lua:13] Activity MySQL DBC[26]
[INFO] 2016-12-29 14:23:30 [mysqlpool] [./sprj/util/util.lua:13] Activity MySQL DBC[21]
[INFO] 2016-12-29 15:00:47 [mysqlpool] [./sprj/util/util.lua:13] MySQL getDB success
[INFO] 2016-12-29 15:00:47 [mysqlpool] [./sprj/util/util.lua:13] execute sql[select * from user where username='interface' and password='interface']
[INFO] 2016-12-29 15:23:30 [redispool] [./sprj/util/util.lua:13] Activity Redis DBC[1]
[INFO] 2016-12-29 15:23:30 [redispool] [./sprj/util/util.lua:13] Activity Redis DBC[2]
[INFO] 2016-12-29 15:23:30 [redispool] [./sprj/util/util.lua:13] Activity Redis DBC[3]
[INFO] 2016-12-29 15:23:30 [redispool] [./sprj/util/util.lua:13] Activity Redis DBC[4]
[INFO] 2016-12-29 15:23:30 [redispool] [./sprj/util/util.lua:13] Activity Redis DBC[5]
[INFO] 2016-12-29 15:23:30 [redispool] [./sprj/util/util.lua:13] Activity Redis DBC[6]
[INFO] 2016-12-29 15:23:30 [redispool] [./sprj/util/util.lua:13] Activity Redis DBC[7]
[INFO] 2016-12-29 15:23:30 [redispool] [./sprj/util/util.lua:13] Activity Redis DBC[8]
[INFO] 2016-12-29 15:23:30 [redispool] [./sprj/util/util.lua:13] Activity Redis DBC[9]
[INFO] 2016-12-29 15:23:30 [redispool] [./sprj/util/util.lua:13] Activity Redis DBC[10]
[INFO] 2016-12-29 15:23:30 [redispool] [./sprj/util/util.lua:13] Activity Redis DBC[11]
[INFO] 2016-12-29 15:23:30 [redispool] [./sprj/util/util.lua:13] Activity Redis DBC[12]
[INFO] 2016-12-29 15:23:30 [redispool] [./sprj/util/util.lua:13] Activity Redis DBC[13]
[INFO] 2016-12-29 15:23:30 [redispool] [./sprj/util/util.lua:13] Activity Redis DBC[14]
[INFO] 2016-12-29 15:23:30 [redispool] [./sprj/util/util.lua:13] Activity Redis DBC[0]
[INFO] 2016-12-29 15:23:30 [mysqlpool] [./sprj/util/util.lua:13] Activity MySQL DBC[13]
[INFO] 2016-12-29 15:23:30 [mysqlpool] [./sprj/util/util.lua:13] Activity MySQL DBC[14]
[INFO] 2016-12-29 15:23:30 [mysqlpool] [./sprj/util/util.lua:13] Activity MySQL DBC[15]
[INFO] 2016-12-29 15:23:30 [mysqlpool] [./sprj/util/util.lua:13] Activity MySQL DBC[16]
[INFO] 2016-12-29 15:23:30 [mysqlpool] [./sprj/util/util.lua:13] Activity MySQL DBC[17]
[INFO] 2016-12-29 15:23:30 [mysqlpool] [./sprj/util/util.lua:13] Activity MySQL DBC[18]
[INFO] 2016-12-29 15:23:30 [mysqlpool] [./sprj/util/util.lua:13] Activity MySQL DBC[19]
[INFO] 2016-12-29 15:23:30 [mysqlpool] [./sprj/util/util.lua:13] Activity MySQL DBC[20]
[INFO] 2016-12-29 15:23:30 [mysqlpool] [./sprj/util/util.lua:13] Activity MySQL DBC[22]
[INFO] 2016-12-29 15:23:30 [mysqlpool] [./sprj/util/util.lua:13] Activity MySQL DBC[23]
[INFO] 2016-12-29 15:23:30 [mysqlpool] [./sprj/util/util.lua:13] Activity MySQL DBC[24]
[INFO] 2016-12-29 15:23:30 [mysqlpool] [./sprj/util/util.lua:13] Activity MySQL DBC[25]
[INFO] 2016-12-29 15:23:30 [mysqlpool] [./sprj/util/util.lua:13] Activity MySQL DBC[26]
[INFO] 2016-12-29 15:23:30 [mysqlpool] [./sprj/util/util.lua:13] Activity MySQL DBC[27]
[INFO] 2016-12-29 15:23:30 [mysqlpool] [./sprj/util/util.lua:13] Activity MySQL DBC[21]
[INFO] 2016-12-29 16:02:57 [mysqlpool] [./sprj/util/util.lua:13] MySQL getDB success
[INFO] 2016-12-29 16:02:57 [mysqlpool] [./sprj/util/util.lua:13] execute sql[select * from user where username='interface' and password='interface']
[INFO] 2016-12-29 16:03:45 [mysqlpool] [./sprj/util/util.lua:13] MySQL getDB success
[INFO] 2016-12-29 16:03:45 [mysqlpool] [./sprj/util/util.lua:13] execute sql[select * from user where username='interface' and password='interface']
[INFO] 2016-12-29 16:08:43 [mysqlpool] [./sprj/util/util.lua:13] MySQL getDB success
[INFO] 2016-12-29 16:08:43 [mysqlpool] [./sprj/util/util.lua:13] execute sql[select * from user where username='interface' and password='interface']
[INFO] 2016-12-29 16:23:23 [redispool] [./sprj/util/util.lua:13] Redis DBPool useful is 15
[INFO] 2016-12-29 16:23:23 [redispool] [./sprj/util/util.lua:13] Activity Redis DBC[1]
[INFO] 2016-12-29 16:23:23 [redispool] [./sprj/util/util.lua:13] Activity Redis DBC[2]
[INFO] 2016-12-29 16:23:23 [redispool] [./sprj/util/util.lua:13] Activity Redis DBC[3]
[INFO] 2016-12-29 16:23:23 [redispool] [./sprj/util/util.lua:13] Activity Redis DBC[4]
[INFO] 2016-12-29 16:23:23 [redispool] [./sprj/util/util.lua:13] Activity Redis DBC[5]
[INFO] 2016-12-29 16:23:23 [redispool] [./sprj/util/util.lua:13] Activity Redis DBC[6]
[INFO] 2016-12-29 16:23:23 [redispool] [./sprj/util/util.lua:13] Activity Redis DBC[7]
[INFO] 2016-12-29 16:23:23 [redispool] [./sprj/util/util.lua:13] Activity Redis DBC[8]
[INFO] 2016-12-29 16:23:23 [redispool] [./sprj/util/util.lua:13] Activity Redis DBC[9]
[INFO] 2016-12-29 16:23:23 [redispool] [./sprj/util/util.lua:13] Activity Redis DBC[10]
[INFO] 2016-12-29 16:23:23 [redispool] [./sprj/util/util.lua:13] Activity Redis DBC[11]
[INFO] 2016-12-29 16:23:23 [redispool] [./sprj/util/util.lua:13] Activity Redis DBC[12]
[INFO] 2016-12-29 16:23:23 [redispool] [./sprj/util/util.lua:13] Activity Redis DBC[13]
[INFO] 2016-12-29 16:23:23 [redispool] [./sprj/util/util.lua:13] Activity Redis DBC[14]
[INFO] 2016-12-29 16:23:23 [redispool] [./sprj/util/util.lua:13] Activity Redis DBC[0]
[INFO] 2016-12-29 16:23:23 [mysqlpool] [./sprj/util/util.lua:13] MySQL DBPool useful is 15
[INFO] 2016-12-29 16:23:23 [mysqlpool] [./sprj/util/util.lua:13] Activity MySQL DBC[1]
[INFO] 2016-12-29 16:23:23 [mysqlpool] [./sprj/util/util.lua:13] Activity MySQL DBC[2]
[INFO] 2016-12-29 16:23:23 [mysqlpool] [./sprj/util/util.lua:13] Activity MySQL DBC[3]
[INFO] 2016-12-29 16:23:23 [mysqlpool] [./sprj/util/util.lua:13] Activity MySQL DBC[4]
[INFO] 2016-12-29 16:23:23 [mysqlpool] [./sprj/util/util.lua:13] Activity MySQL DBC[5]
[INFO] 2016-12-29 16:23:23 [mysqlpool] [./sprj/util/util.lua:13] Activity MySQL DBC[6]
[INFO] 2016-12-29 16:23:23 [mysqlpool] [./sprj/util/util.lua:13] Activity MySQL DBC[7]
[INFO] 2016-12-29 16:23:23 [mysqlpool] [./sprj/util/util.lua:13] Activity MySQL DBC[8]
[INFO] 2016-12-29 16:23:23 [mysqlpool] [./sprj/util/util.lua:13] Activity MySQL DBC[9]
[INFO] 2016-12-29 16:23:23 [mysqlpool] [./sprj/util/util.lua:13] Activity MySQL DBC[10]
[INFO] 2016-12-29 16:23:23 [mysqlpool] [./sprj/util/util.lua:13] Activity MySQL DBC[11]
[INFO] 2016-12-29 16:23:23 [mysqlpool] [./sprj/util/util.lua:13] Activity MySQL DBC[12]
[INFO] 2016-12-29 16:23:23 [mysqlpool] [./sprj/util/util.lua:13] Activity MySQL DBC[13]
[INFO] 2016-12-29 16:23:23 [mysqlpool] [./sprj/util/util.lua:13] Activity MySQL DBC[14]
[INFO] 2016-12-29 16:23:23 [mysqlpool] [./sprj/util/util.lua:13] Activity MySQL DBC[0]
[INFO] 2016-12-29 16:23:42 [mysqlpool] [./sprj/util/util.lua:13] MySQL getDB success
[INFO] 2016-12-29 16:23:42 [mysqlpool] [./sprj/util/util.lua:13] execute sql[select * from user where username='interface' and password='interface']
[INFO] 2016-12-29 16:35:01 [redispool] [./sprj/util/util.lua:13] Redis DBPool useful is 15
[INFO] 2016-12-29 16:35:01 [redispool] [./sprj/util/util.lua:13] Activity Redis DBC[1]
[INFO] 2016-12-29 16:35:01 [redispool] [./sprj/util/util.lua:13] Activity Redis DBC[2]
[INFO] 2016-12-29 16:35:01 [redispool] [./sprj/util/util.lua:13] Activity Redis DBC[3]
[INFO] 2016-12-29 16:35:01 [redispool] [./sprj/util/util.lua:13] Activity Redis DBC[4]
[INFO] 2016-12-29 16:35:01 [redispool] [./sprj/util/util.lua:13] Activity Redis DBC[5]
[INFO] 2016-12-29 16:35:01 [redispool] [./sprj/util/util.lua:13] Activity Redis DBC[6]
[INFO] 2016-12-29 16:35:01 [redispool] [./sprj/util/util.lua:13] Activity Redis DBC[7]
[INFO] 2016-12-29 16:35:01 [redispool] [./sprj/util/util.lua:13] Activity Redis DBC[8]
[INFO] 2016-12-29 16:35:01 [redispool] [./sprj/util/util.lua:13] Activity Redis DBC[9]
[INFO] 2016-12-29 16:35:01 [redispool] [./sprj/util/util.lua:13] Activity Redis DBC[10]
[INFO] 2016-12-29 16:35:01 [redispool] [./sprj/util/util.lua:13] Activity Redis DBC[11]
[INFO] 2016-12-29 16:35:01 [redispool] [./sprj/util/util.lua:13] Activity Redis DBC[12]
[INFO] 2016-12-29 16:35:01 [redispool] [./sprj/util/util.lua:13] Activity Redis DBC[13]
[INFO] 2016-12-29 16:35:01 [redispool] [./sprj/util/util.lua:13] Activity Redis DBC[14]
[INFO] 2016-12-29 16:35:01 [redispool] [./sprj/util/util.lua:13] Activity Redis DBC[0]
[INFO] 2016-12-29 16:35:01 [mysqlpool] [./sprj/util/util.lua:13] MySQL DBPool useful is 15
[INFO] 2016-12-29 16:35:01 [mysqlpool] [./sprj/util/util.lua:13] Activity MySQL DBC[1]
[INFO] 2016-12-29 16:35:02 [mysqlpool] [./sprj/util/util.lua:13] Activity MySQL DBC[2]
[INFO] 2016-12-29 16:35:02 [mysqlpool] [./sprj/util/util.lua:13] Activity MySQL DBC[3]
[INFO] 2016-12-29 16:35:02 [mysqlpool] [./sprj/util/util.lua:13] Activity MySQL DBC[4]
[INFO] 2016-12-29 16:35:02 [mysqlpool] [./sprj/util/util.lua:13] Activity MySQL DBC[5]
[INFO] 2016-12-29 16:35:02 [mysqlpool] [./sprj/util/util.lua:13] Activity MySQL DBC[6]
[INFO] 2016-12-29 16:35:02 [mysqlpool] [./sprj/util/util.lua:13] Activity MySQL DBC[7]
[INFO] 2016-12-29 16:35:02 [mysqlpool] [./sprj/util/util.lua:13] Activity MySQL DBC[8]
[INFO] 2016-12-29 16:35:02 [mysqlpool] [./sprj/util/util.lua:13] Activity MySQL DBC[9]
[INFO] 2016-12-29 16:35:02 [mysqlpool] [./sprj/util/util.lua:13] Activity MySQL DBC[10]
[INFO] 2016-12-29 16:35:02 [mysqlpool] [./sprj/util/util.lua:13] Activity MySQL DBC[11]
[INFO] 2016-12-29 16:35:02 [mysqlpool] [./sprj/util/util.lua:13] Activity MySQL DBC[12]
[INFO] 2016-12-29 16:35:02 [mysqlpool] [./sprj/util/util.lua:13] Activity MySQL DBC[13]
[INFO] 2016-12-29 16:35:02 [mysqlpool] [./sprj/util/util.lua:13] Activity MySQL DBC[14]
[INFO] 2016-12-29 16:35:02 [mysqlpool] [./sprj/util/util.lua:13] Activity MySQL DBC[0]
[INFO] 2016-12-29 16:35:26 [mysqlpool] [./sprj/util/util.lua:13] MySQL getDB success
[INFO] 2016-12-29 16:35:26 [mysqlpool] [./sprj/util/util.lua:13] execute sql[select * from user where username='interface' and password='interface']
[INFO] 2016-12-29 16:56:30 [mysqlpool] [./sprj/util/util.lua:13] MySQL getDB success
[INFO] 2016-12-29 16:56:30 [mysqlpool] [./sprj/util/util.lua:13] execute sql[select * from user where username='interface' and password='interface']
[INFO] 2016-12-29 16:56:30 [mysqlpool] [./sprj/util/util.lua:13] MySQL getDB success
[INFO] 2016-12-29 16:56:30 [mysqlpool] [./sprj/util/util.lua:13] execute sql[select nickname, level from user where username='[interface]']
[INFO] 2016-12-29 16:58:30 [mysqlpool] [./sprj/util/util.lua:13] MySQL getDB success
[INFO] 2016-12-29 16:58:30 [mysqlpool] [./sprj/util/util.lua:13] execute sql[select * from user where username='interface' and password='interface']
[INFO] 2016-12-29 17:00:05 [mysqlpool] [./sprj/util/util.lua:13] MySQL getDB success
[INFO] 2016-12-29 17:00:05 [mysqlpool] [./sprj/util/util.lua:13] execute sql[select * from user where username='interface' and password='interface']
[INFO] 2016-12-29 17:00:05 [mysqlpool] [./sprj/util/util.lua:13] MySQL getDB success
[INFO] 2016-12-29 17:00:05 [mysqlpool] [./sprj/util/util.lua:13] execute sql[select nickname, level from user where username='interface']
[INFO] 2016-12-29 17:35:01 [redispool] [./sprj/util/util.lua:13] Activity Redis DBC[1]
[INFO] 2016-12-29 17:35:01 [redispool] [./sprj/util/util.lua:13] Activity Redis DBC[2]
[INFO] 2016-12-29 17:35:01 [redispool] [./sprj/util/util.lua:13] Activity Redis DBC[3]
[INFO] 2016-12-29 17:35:01 [redispool] [./sprj/util/util.lua:13] Activity Redis DBC[4]
[INFO] 2016-12-29 17:35:01 [redispool] [./sprj/util/util.lua:13] Activity Redis DBC[5]
[INFO] 2016-12-29 17:35:01 [redispool] [./sprj/util/util.lua:13] Activity Redis DBC[6]
[INFO] 2016-12-29 17:35:01 [redispool] [./sprj/util/util.lua:13] Activity Redis DBC[7]
[INFO] 2016-12-29 17:35:01 [redispool] [./sprj/util/util.lua:13] Activity Redis DBC[8]
[INFO] 2016-12-29 17:35:01 [redispool] [./sprj/util/util.lua:13] Activity Redis DBC[9]
[INFO] 2016-12-29 17:35:01 [redispool] [./sprj/util/util.lua:13] Activity Redis DBC[10]
[INFO] 2016-12-29 17:35:01 [redispool] [./sprj/util/util.lua:13] Activity Redis DBC[11]
[INFO] 2016-12-29 17:35:01 [redispool] [./sprj/util/util.lua:13] Activity Redis DBC[12]
[INFO] 2016-12-29 17:35:01 [redispool] [./sprj/util/util.lua:13] Activity Redis DBC[13]
[INFO] 2016-12-29 17:35:01 [redispool] [./sprj/util/util.lua:13] Activity Redis DBC[14]
[INFO] 2016-12-29 17:35:01 [redispool] [./sprj/util/util.lua:13] Activity Redis DBC[0]
[INFO] 2016-12-29 17:35:02 [mysqlpool] [./sprj/util/util.lua:13] Activity MySQL DBC[6]
[INFO] 2016-12-29 17:35:02 [mysqlpool] [./sprj/util/util.lua:13] Activity MySQL DBC[7]
[INFO] 2016-12-29 17:35:02 [mysqlpool] [./sprj/util/util.lua:13] Activity MySQL DBC[8]
[INFO] 2016-12-29 17:35:02 [mysqlpool] [./sprj/util/util.lua:13] Activity MySQL DBC[9]
[INFO] 2016-12-29 17:35:02 [mysqlpool] [./sprj/util/util.lua:13] Activity MySQL DBC[10]
[INFO] 2016-12-29 17:35:02 [mysqlpool] [./sprj/util/util.lua:13] Activity MySQL DBC[11]
[INFO] 2016-12-29 17:35:02 [mysqlpool] [./sprj/util/util.lua:13] Activity MySQL DBC[12]
[INFO] 2016-12-29 17:35:02 [mysqlpool] [./sprj/util/util.lua:13] Activity MySQL DBC[13]
[INFO] 2016-12-29 17:35:02 [mysqlpool] [./sprj/util/util.lua:13] Activity MySQL DBC[14]
[INFO] 2016-12-29 17:35:02 [mysqlpool] [./sprj/util/util.lua:13] Activity MySQL DBC[15]
[INFO] 2016-12-29 17:35:02 [mysqlpool] [./sprj/util/util.lua:13] Activity MySQL DBC[16]
[INFO] 2016-12-29 17:35:02 [mysqlpool] [./sprj/util/util.lua:13] Activity MySQL DBC[18]
[INFO] 2016-12-29 17:35:02 [mysqlpool] [./sprj/util/util.lua:13] Activity MySQL DBC[19]
[INFO] 2016-12-29 17:35:02 [mysqlpool] [./sprj/util/util.lua:13] Activity MySQL DBC[20]
[INFO] 2016-12-29 17:35:02 [mysqlpool] [./sprj/util/util.lua:13] Activity MySQL DBC[17]
