[INFO] 2016-12-27 14:13:23 [gateway] [./sprj/util/util.lua:13] Gateway open source[8]
[INFO] 2016-12-27 14:14:01 [gateway] [./sprj/util/util.lua:13] Client fd[5] connect gateway
[INFO] 2016-12-27 14:14:05 [gateway] [./sprj/util/util.lua:13] Forword cluster_name[cluster_login] fd[5]
[INFO] 2016-12-27 14:14:05 [gateway] [./sprj/util/util.lua:13] Forword cluster_name[cluster_login] fd[5]
[INFO] 2016-12-27 14:14:05 [gateway] [./sprj/util/util.lua:13] Forword cluster_name[cluster_login] fd[5]
[INFO] 2016-12-27 14:14:05 [gateway] [./sprj/util/util.lua:13] Forword cluster_name[cluster_login] fd[5]
[INFO] 2016-12-27 14:16:02 [gateway] [./sprj/util/util.lua:13] Gateway open source[8]
[INFO] 2016-12-27 14:16:08 [gateway] [./sprj/util/util.lua:13] Client fd[5] connect gateway
[INFO] 2016-12-27 14:16:10 [gateway] [./sprj/util/util.lua:13] Forword cluster_name[cluster_login] fd[5]
[INFO] 2016-12-27 14:16:10 [gateway] [./sprj/util/util.lua:13] Forword cluster_name[cluster_login] fd[5]
[INFO] 2016-12-27 14:16:10 [gateway] [./sprj/util/util.lua:13] Forword cluster_name[cluster_login] fd[5]
[INFO] 2016-12-27 14:16:10 [gateway] [./sprj/util/util.lua:13] Forword cluster_name[cluster_login] fd[5]
[INFO] 2016-12-27 14:20:09 [gateway] [./sprj/util/util.lua:13] Gateway open source[8]
[INFO] 2016-12-27 14:20:14 [gateway] [./sprj/util/util.lua:13] Client fd[5] connect gateway
[INFO] 2016-12-27 14:20:15 [gateway] [./sprj/util/util.lua:13] Forword cluster_name[cluster_login] fd[5]
[INFO] 2016-12-27 14:20:15 [gateway] [./sprj/util/util.lua:13] Forword cluster_name[cluster_login] fd[5]
[INFO] 2016-12-27 14:20:15 [gateway] [./sprj/util/util.lua:13] Forword cluster_name[cluster_login] fd[5]
[INFO] 2016-12-27 14:20:15 [gateway] [./sprj/util/util.lua:13] Forword cluster_name[cluster_login] fd[5]
[INFO] 2016-12-27 14:34:34 [gateway] [./sprj/util/util.lua:13] Gateway open source[8]
[INFO] 2016-12-27 14:34:39 [gateway] [./sprj/util/util.lua:13] Client fd[5] connect gateway
[INFO] 2016-12-27 14:34:41 [gateway] [./sprj/util/util.lua:13] Forword cluster_name[cluster_login] fd[5]
[INFO] 2016-12-27 14:37:08 [gateway] [./sprj/util/util.lua:13] Gateway open source[8]
[INFO] 2016-12-27 14:37:15 [gateway] [./sprj/util/util.lua:13] Client fd[5] connect gateway
[INFO] 2016-12-27 14:37:17 [gateway] [./sprj/util/util.lua:13] Forword cluster_name[cluster_login] fd[5]
[INFO] 2016-12-27 14:38:46 [gateway] [./sprj/util/util.lua:13] Gateway open source[8]
[INFO] 2016-12-27 14:38:50 [gateway] [./sprj/util/util.lua:13] Client fd[5] connect gateway
[INFO] 2016-12-27 14:38:51 [gateway] [./sprj/util/util.lua:13] Forword cluster_name[cluster_login] fd[5]
[INFO] 2016-12-27 14:41:26 [gateway] [./sprj/util/util.lua:13] Gateway open source[8]
[INFO] 2016-12-27 14:41:33 [gateway] [./sprj/util/util.lua:13] Client fd[5] connect gateway
[INFO] 2016-12-27 14:41:34 [gateway] [./sprj/util/util.lua:13] Forword cluster_name[cluster_login] fd[5]
[INFO] 2016-12-27 14:42:57 [gateway] [./sprj/util/util.lua:13] Gateway open source[8]
[INFO] 2016-12-27 14:43:02 [gateway] [./sprj/util/util.lua:13] Client fd[5] connect gateway
[INFO] 2016-12-27 14:43:03 [gateway] [./sprj/util/util.lua:13] Forword cluster_name[cluster_login] fd[5]
[INFO] 2016-12-27 14:44:02 [gateway] [./sprj/util/util.lua:13] Gateway open source[8]
[INFO] 2016-12-27 14:44:11 [gateway] [./sprj/util/util.lua:13] Client fd[5] connect gateway
[INFO] 2016-12-27 14:44:13 [gateway] [./sprj/util/util.lua:13] Forword cluster_name[cluster_login] fd[5]
[INFO] 2016-12-27 14:44:13 [gateway] [./sprj/util/util.lua:13] Forword cluster_name[cluster_login] fd[5]
[INFO] 2016-12-27 14:44:13 [gateway] [./sprj/util/util.lua:13] Forword cluster_name[cluster_login] fd[5]
[INFO] 2016-12-27 14:44:13 [gateway] [./sprj/util/util.lua:13] Forword cluster_name[cluster_login] fd[5]
[INFO] 2016-12-27 15:43:59 [gateway] [./sprj/util/util.lua:13] Gateway open source[8]
[INFO] 2016-12-27 15:44:17 [gateway] [./sprj/util/util.lua:13] Client fd[5] connect gateway
[INFO] 2016-12-27 15:44:19 [gateway] [./sprj/util/util.lua:13] Forword cluster_name[cluster_login] fd[5]
[INFO] 2016-12-27 15:44:19 [gateway] [./sprj/util/util.lua:13] Forword cluster_name[cluster_login] fd[5]
[INFO] 2016-12-27 15:44:19 [gateway] [./sprj/util/util.lua:13] Forword cluster_name[cluster_login] fd[5]
[INFO] 2016-12-27 15:44:19 [gateway] [./sprj/util/util.lua:13] Forword cluster_name[cluster_login] fd[5]
[INFO] 2016-12-27 15:52:19 [gateway] [./sprj/util/util.lua:13] Gateway open source[8]
[INFO] 2016-12-27 15:52:24 [gateway] [./sprj/util/util.lua:13] Client fd[5] connect gateway
[INFO] 2016-12-27 15:52:27 [gateway] [./sprj/util/util.lua:13] Forword cluster_name[cluster_login] fd[5]
[INFO] 2016-12-27 15:52:27 [gateway] [./sprj/util/util.lua:13] Forword cluster_name[cluster_login] fd[5]
[INFO] 2016-12-27 15:52:27 [gateway] [./sprj/util/util.lua:13] Forword cluster_name[cluster_login] fd[5]
[INFO] 2016-12-27 15:52:27 [gateway] [./sprj/util/util.lua:13] Forword cluster_name[cluster_login] fd[5]
[INFO] 2016-12-27 15:55:23 [gateway] [./sprj/util/util.lua:13] Gateway open source[8]
[INFO] 2016-12-27 15:55:32 [gateway] [./sprj/util/util.lua:13] Client fd[5] connect gateway
[INFO] 2016-12-27 15:55:33 [gateway] [./sprj/util/util.lua:13] Forword cluster_name[cluster_login] fd[5]
[INFO] 2016-12-27 15:55:33 [gateway] [./sprj/util/util.lua:13] Forword cluster_name[cluster_login] fd[5]
[INFO] 2016-12-27 15:55:33 [gateway] [./sprj/util/util.lua:13] Forword cluster_name[cluster_login] fd[5]
[INFO] 2016-12-27 15:55:33 [gateway] [./sprj/util/util.lua:13] Forword cluster_name[cluster_login] fd[5]
[INFO] 2016-12-27 15:55:46 [gateway] [./sprj/util/util.lua:13] Gateway open source[8]
[INFO] 2016-12-27 15:55:52 [gateway] [./sprj/util/util.lua:13] Client fd[5] connect gateway
[INFO] 2016-12-27 15:55:53 [gateway] [./sprj/util/util.lua:13] Forword cluster_name[cluster_login] fd[5]
[INFO] 2016-12-27 15:55:53 [gateway] [./sprj/util/util.lua:13] Forword cluster_name[cluster_login] fd[5]
[INFO] 2016-12-27 15:55:53 [gateway] [./sprj/util/util.lua:13] Forword cluster_name[cluster_login] fd[5]
[INFO] 2016-12-27 15:55:53 [gateway] [./sprj/util/util.lua:13] Forword cluster_name[cluster_login] fd[5]
[INFO] 2016-12-27 15:56:34 [gateway] [./sprj/util/util.lua:13] Gateway open source[8]
[INFO] 2016-12-27 15:56:40 [gateway] [./sprj/util/util.lua:13] Client fd[5] connect gateway
[INFO] 2016-12-27 15:56:41 [gateway] [./sprj/util/util.lua:13] Forword cluster_name[cluster_login] fd[5]
[INFO] 2016-12-27 15:56:41 [gateway] [./sprj/util/util.lua:13] Forword cluster_name[cluster_login] fd[5]
[INFO] 2016-12-27 15:56:41 [gateway] [./sprj/util/util.lua:13] Forword cluster_name[cluster_login] fd[5]
[INFO] 2016-12-27 15:56:41 [gateway] [./sprj/util/util.lua:13] Forword cluster_name[cluster_login] fd[5]
[INFO] 2016-12-27 16:07:20 [gateway] [./sprj/util/util.lua:13] Gateway open source[8]
[INFO] 2016-12-27 16:07:49 [gateway] [./sprj/util/util.lua:13] Client fd[5] connect gateway
[INFO] 2016-12-27 16:07:50 [gateway] [./sprj/util/util.lua:13] Forword cluster_name[cluster_login] fd[5]
[INFO] 2016-12-27 16:07:50 [gateway] [./sprj/util/util.lua:13] Forword cluster_name[cluster_login] fd[5]
[INFO] 2016-12-27 16:07:50 [gateway] [./sprj/util/util.lua:13] Forword cluster_name[cluster_login] fd[5]
[INFO] 2016-12-27 16:07:50 [gateway] [./sprj/util/util.lua:13] Forword cluster_name[cluster_login] fd[5]
[INFO] 2016-12-27 16:32:47 [gateway] [./sprj/util/util.lua:13] Gateway open source[8]
[INFO] 2016-12-27 16:32:51 [gateway] [./sprj/util/util.lua:13] Client fd[5] connect gateway
[INFO] 2016-12-27 16:32:53 [gateway] [./sprj/util/util.lua:13] Forword cluster_name[cluster_login] fd[5]
[INFO] 2016-12-27 16:32:53 [gateway] [./sprj/util/util.lua:13] Forword cluster_name[cluster_login] fd[5]
[INFO] 2016-12-27 16:32:53 [gateway] [./sprj/util/util.lua:13] Forword cluster_name[cluster_login] fd[5]
[INFO] 2016-12-27 16:32:53 [gateway] [./sprj/util/util.lua:13] Forword cluster_name[cluster_login] fd[5]
[INFO] 2016-12-27 16:33:33 [gateway] [./sprj/util/util.lua:13] Gateway open source[8]
[INFO] 2016-12-27 16:33:37 [gateway] [./sprj/util/util.lua:13] Client fd[5] connect gateway
[INFO] 2016-12-27 16:33:39 [gateway] [./sprj/util/util.lua:13] Forword cluster_name[cluster_login] fd[5]
[INFO] 2016-12-27 16:33:39 [gateway] [./sprj/util/util.lua:13] Forword cluster_name[cluster_login] fd[5]
[INFO] 2016-12-27 16:33:39 [gateway] [./sprj/util/util.lua:13] Forword cluster_name[cluster_login] fd[5]
[INFO] 2016-12-27 16:33:39 [gateway] [./sprj/util/util.lua:13] Forword cluster_name[cluster_login] fd[5]
[INFO] 2016-12-27 16:36:13 [gateway] [./sprj/util/util.lua:13] Gateway open source[8]
[INFO] 2016-12-27 16:36:18 [gateway] [./sprj/util/util.lua:13] Client fd[5] connect gateway
[INFO] 2016-12-27 16:36:20 [gateway] [./sprj/util/util.lua:13] Forword cluster_name[cluster_login] fd[5]
[INFO] 2016-12-27 16:36:20 [gateway] [./sprj/util/util.lua:13] Forword cluster_name[cluster_login] fd[5]
[INFO] 2016-12-27 16:36:20 [gateway] [./sprj/util/util.lua:13] Forword cluster_name[cluster_login] fd[5]
[INFO] 2016-12-27 16:36:20 [gateway] [./sprj/util/util.lua:13] Forword cluster_name[cluster_login] fd[5]
[INFO] 2016-12-27 16:37:51 [gateway] [./sprj/util/util.lua:13] Gateway open source[8]
[INFO] 2016-12-27 16:37:55 [gateway] [./sprj/util/util.lua:13] Client fd[5] connect gateway
[INFO] 2016-12-27 16:37:56 [gateway] [./sprj/util/util.lua:13] Forword cluster_name[cluster_login] fd[5]
[INFO] 2016-12-27 16:37:57 [gateway] [./sprj/util/util.lua:13] Forword cluster_name[cluster_login] fd[5]
[INFO] 2016-12-27 16:37:57 [gateway] [./sprj/util/util.lua:13] Forword cluster_name[cluster_login] fd[5]
[INFO] 2016-12-27 16:37:57 [gateway] [./sprj/util/util.lua:13] Forword cluster_name[cluster_login] fd[5]
[INFO] 2016-12-27 16:37:57 [gateway] [./sprj/util/util.lua:13] subuid 2
[INFO] 2016-12-27 16:37:57 [gateway] [./sprj/util/util.lua:13] loginCluster cluster_login
[INFO] 2016-12-27 16:37:57 [gateway] [./sprj/util/util.lua:13] loginServer 15
[INFO] 2016-12-27 16:37:57 [gateway] [./sprj/util/util.lua:13] session 1
[INFO] 2016-12-27 16:38:16 [gateway] [./sprj/util/util.lua:13] Gateway open source[8]
[INFO] 2016-12-27 16:38:20 [gateway] [./sprj/util/util.lua:13] Client fd[5] connect gateway
[INFO] 2016-12-27 16:38:21 [gateway] [./sprj/util/util.lua:13] Forword cluster_name[cluster_login] fd[5]
[INFO] 2016-12-27 16:38:21 [gateway] [./sprj/util/util.lua:13] Forword cluster_name[cluster_login] fd[5]
[INFO] 2016-12-27 16:38:21 [gateway] [./sprj/util/util.lua:13] Forword cluster_name[cluster_login] fd[5]
[INFO] 2016-12-27 16:38:21 [gateway] [./sprj/util/util.lua:13] Forword cluster_name[cluster_login] fd[5]
[INFO] 2016-12-27 16:38:21 [gateway] [./sprj/util/util.lua:13] subuid 1
[INFO] 2016-12-27 16:38:21 [gateway] [./sprj/util/util.lua:13] loginCluster cluster_login
[INFO] 2016-12-27 16:38:21 [gateway] [./sprj/util/util.lua:13] loginServer 15
[INFO] 2016-12-27 16:38:21 [gateway] [./sprj/util/util.lua:13] session 1
[INFO] 2016-12-27 16:39:21 [gateway] [./sprj/util/util.lua:13] Gateway open source[8]
[INFO] 2016-12-27 16:39:24 [gateway] [./sprj/util/util.lua:13] Client fd[5] connect gateway
[INFO] 2016-12-27 16:39:27 [gateway] [./sprj/util/util.lua:13] Forword cluster_name[cluster_login] fd[5]
[INFO] 2016-12-27 16:39:27 [gateway] [./sprj/util/util.lua:13] Forword cluster_name[cluster_login] fd[5]
[INFO] 2016-12-27 16:39:27 [gateway] [./sprj/util/util.lua:13] Forword cluster_name[cluster_login] fd[5]
[INFO] 2016-12-27 16:39:27 [gateway] [./sprj/util/util.lua:13] Forword cluster_name[cluster_login] fd[5]
[INFO] 2016-12-27 16:39:27 [gateway] [./sprj/util/util.lua:13] subuid
[INFO] 2016-12-27 16:39:27 [gateway] [./sprj/util/util.lua:13] 2
[INFO] 2016-12-27 16:39:27 [gateway] [./sprj/util/util.lua:13] loginCluster
[INFO] 2016-12-27 16:39:27 [gateway] [./sprj/util/util.lua:13] cluster_login
[INFO] 2016-12-27 16:39:27 [gateway] [./sprj/util/util.lua:13] loginServer
[INFO] 2016-12-27 16:39:27 [gateway] [./sprj/util/util.lua:13] 15
[INFO] 2016-12-27 16:39:27 [gateway] [./sprj/util/util.lua:13] session
[INFO] 2016-12-27 16:39:27 [gateway] [./sprj/util/util.lua:13] 1
[INFO] 2016-12-27 16:39:27 [gateway] [./sprj/util/util.lua:13] auth
[INFO] 2016-12-27 16:39:56 [gateway] [./sprj/util/util.lua:13] Gateway open source[8]
[INFO] 2016-12-27 16:39:58 [gateway] [./sprj/util/util.lua:13] Client fd[5] connect gateway
[INFO] 2016-12-27 16:39:59 [gateway] [./sprj/util/util.lua:13] Forword cluster_name[cluster_login] fd[5]
[INFO] 2016-12-27 16:39:59 [gateway] [./sprj/util/util.lua:13] Forword cluster_name[cluster_login] fd[5]
[INFO] 2016-12-27 16:39:59 [gateway] [./sprj/util/util.lua:13] Forword cluster_name[cluster_login] fd[5]
[INFO] 2016-12-27 16:39:59 [gateway] [./sprj/util/util.lua:13] Forword cluster_name[cluster_login] fd[5]
[INFO] 2016-12-27 16:40:54 [gateway] [./sprj/util/util.lua:13] Gateway open source[8]
[INFO] 2016-12-27 16:40:59 [gateway] [./sprj/util/util.lua:13] Client fd[5] connect gateway
[INFO] 2016-12-27 16:41:00 [gateway] [./sprj/util/util.lua:13] Forword cluster_name[cluster_login] fd[5]
[INFO] 2016-12-27 16:41:00 [gateway] [./sprj/util/util.lua:13] Forword cluster_name[cluster_login] fd[5]
[INFO] 2016-12-27 16:41:00 [gateway] [./sprj/util/util.lua:13] Forword cluster_name[cluster_login] fd[5]
[INFO] 2016-12-27 16:41:00 [gateway] [./sprj/util/util.lua:13] Forword cluster_name[cluster_login] fd[5]
[INFO] 2016-12-27 17:17:19 [gateway] [./sprj/util/util.lua:13] Gateway open source[8]
[INFO] 2016-12-27 17:17:27 [gateway] [./sprj/util/util.lua:13] Client fd[5] connect gateway
[INFO] 2016-12-27 17:17:33 [gateway] [./sprj/util/util.lua:13] Forword cluster_name[cluster_login] fd[5]
[INFO] 2016-12-27 17:17:33 [gateway] [./sprj/util/util.lua:13] Forword cluster_name[cluster_login] fd[5]
[INFO] 2016-12-27 17:17:33 [gateway] [./sprj/util/util.lua:13] Forword cluster_name[cluster_login] fd[5]
[INFO] 2016-12-27 17:17:33 [gateway] [./sprj/util/util.lua:13] Forword cluster_name[cluster_login] fd[5]
[INFO] 2016-12-27 17:20:33 [gateway] [./sprj/util/util.lua:13] Gateway open source[8]
[INFO] 2016-12-27 17:21:25 [gateway] [./sprj/util/util.lua:13] Client fd[5] connect gateway
[INFO] 2016-12-27 17:21:31 [gateway] [./sprj/util/util.lua:13] Forword cluster_name[cluster_login] fd[5]
[INFO] 2016-12-27 17:21:31 [gateway] [./sprj/util/util.lua:13] Forword cluster_name[cluster_login] fd[5]
[INFO] 2016-12-27 17:21:31 [gateway] [./sprj/util/util.lua:13] Forword cluster_name[cluster_login] fd[5]
[INFO] 2016-12-27 17:21:31 [gateway] [./sprj/util/util.lua:13] Forword cluster_name[cluster_login] fd[5]
[INFO] 2016-12-27 17:27:33 [gateway] [./sprj/util/util.lua:13] Gateway open source[8]
[INFO] 2016-12-27 17:27:39 [gateway] [./sprj/util/util.lua:13] Client fd[5] connect gateway
[INFO] 2016-12-27 17:27:44 [gateway] [./sprj/util/util.lua:13] Forword cluster_name[cluster_login] fd[5]
[INFO] 2016-12-27 17:27:44 [gateway] [./sprj/util/util.lua:13] Forword cluster_name[cluster_login] fd[5]
[INFO] 2016-12-27 17:27:44 [gateway] [./sprj/util/util.lua:13] Forword cluster_name[cluster_login] fd[5]
[INFO] 2016-12-27 17:27:44 [gateway] [./sprj/util/util.lua:13] Forword cluster_name[cluster_login] fd[5]
[INFO] 2016-12-27 17:28:29 [gateway] [./sprj/util/util.lua:13] Client fd[5] disconnect gateway
[INFO] 2016-12-27 17:28:30 [gateway] [./sprj/util/util.lua:13] Client fd[8] connect gateway
[INFO] 2016-12-27 17:28:33 [gateway] [./sprj/util/util.lua:13] Forword cluster_name[cluster_login] fd[8]
[INFO] 2016-12-27 17:28:33 [gateway] [./sprj/util/util.lua:13] Forword cluster_name[cluster_login] fd[8]
[INFO] 2016-12-27 17:28:33 [gateway] [./sprj/util/util.lua:13] Forword cluster_name[cluster_login] fd[8]
[INFO] 2016-12-27 17:28:33 [gateway] [./sprj/util/util.lua:13] Forword cluster_name[cluster_login] fd[8]
[INFO] 2016-12-27 17:39:37 [gateway] [./sprj/util/util.lua:13] Gateway open source[8]
[INFO] 2016-12-27 17:39:44 [gateway] [./sprj/util/util.lua:13] Client fd[5] connect gateway
[INFO] 2016-12-27 17:39:49 [gateway] [./sprj/util/util.lua:13] Forword cluster_name[cluster_login] fd[5]
[INFO] 2016-12-27 17:39:49 [gateway] [./sprj/util/util.lua:13] Forword cluster_name[cluster_login] fd[5]
[INFO] 2016-12-27 17:39:49 [gateway] [./sprj/util/util.lua:13] Forword cluster_name[cluster_login] fd[5]
[INFO] 2016-12-27 17:39:49 [gateway] [./sprj/util/util.lua:13] Forword cluster_name[cluster_login] fd[5]
[INFO] 2016-12-27 17:40:00 [gateway] [./sprj/util/util.lua:13] Client fd[5] disconnect gateway
[INFO] 2016-12-27 17:40:01 [gateway] [./sprj/util/util.lua:13] Client fd[8] connect gateway
[INFO] 2016-12-27 17:40:03 [gateway] [./sprj/util/util.lua:13] Forword cluster_name[cluster_login] fd[8]
[INFO] 2016-12-27 17:40:03 [gateway] [./sprj/util/util.lua:13] Forword cluster_name[cluster_login] fd[8]
[INFO] 2016-12-27 17:40:03 [gateway] [./sprj/util/util.lua:13] Forword cluster_name[cluster_login] fd[8]
[INFO] 2016-12-27 17:40:03 [gateway] [./sprj/util/util.lua:13] Forword cluster_name[cluster_login] fd[8]
[INFO] 2016-12-27 17:40:11 [gateway] [./sprj/util/util.lua:13] Client fd[8] disconnect gateway
[INFO] 2016-12-27 17:45:16 [gateway] [./sprj/util/util.lua:13] Gateway open source[8]
[INFO] 2016-12-27 17:45:23 [gateway] [./sprj/util/util.lua:13] Client fd[5] connect gateway
[INFO] 2016-12-27 17:45:29 [gateway] [./sprj/util/util.lua:13] Forword cluster_name[cluster_login] fd[5]
[INFO] 2016-12-27 17:45:29 [gateway] [./sprj/util/util.lua:13] Forword cluster_name[cluster_login] fd[5]
[INFO] 2016-12-27 17:45:29 [gateway] [./sprj/util/util.lua:13] Forword cluster_name[cluster_login] fd[5]
[INFO] 2016-12-27 17:45:29 [gateway] [./sprj/util/util.lua:13] Forword cluster_name[cluster_login] fd[5]
[INFO] 2016-12-27 17:45:31 [gateway] [./sprj/util/util.lua:13] Client fd[5] disconnect gateway
[INFO] 2016-12-27 17:45:31 [gateway] [./sprj/util/util.lua:13] Client fd[5] disconnect gateway
[INFO] 2016-12-27 18:04:09 [gateway] [./sprj/util/util.lua:13] Gateway open source[8]
[INFO] 2016-12-27 18:04:23 [gateway] [./sprj/util/util.lua:13] Client fd[5] connect gateway
[INFO] 2016-12-27 18:04:30 [gateway] [./sprj/util/util.lua:13] Forword cluster_name[cluster_login] fd[5]
[INFO] 2016-12-27 18:04:30 [gateway] [./sprj/util/util.lua:13] Forword cluster_name[cluster_login] fd[5]
[INFO] 2016-12-27 18:04:30 [gateway] [./sprj/util/util.lua:13] Forword cluster_name[cluster_login] fd[5]
[INFO] 2016-12-27 18:04:30 [gateway] [./sprj/util/util.lua:13] Forword cluster_name[cluster_login] fd[5]
[INFO] 2016-12-27 18:04:36 [gateway] [./sprj/util/util.lua:13] Client fd[5] disconnect gateway
[INFO] 2016-12-27 18:04:36 [gateway] [./sprj/util/util.lua:13] Client fd[5] disconnect gateway
