[INFO] 2017-01-03 16:43:51 [redispool] [./sprj/util/util.lua:13] Redis DBPool useful is 15
[INFO] 2017-01-03 16:43:51 [redispool] [./sprj/util/util.lua:13] Activity Redis DBC[1]
[INFO] 2017-01-03 16:43:51 [redispool] [./sprj/util/util.lua:13] Activity Redis DBC[2]
[INFO] 2017-01-03 16:43:51 [redispool] [./sprj/util/util.lua:13] Activity Redis DBC[3]
[INFO] 2017-01-03 16:43:51 [redispool] [./sprj/util/util.lua:13] Activity Redis DBC[4]
[INFO] 2017-01-03 16:43:51 [redispool] [./sprj/util/util.lua:13] Activity Redis DBC[5]
[INFO] 2017-01-03 16:43:51 [redispool] [./sprj/util/util.lua:13] Activity Redis DBC[6]
[INFO] 2017-01-03 16:43:51 [redispool] [./sprj/util/util.lua:13] Activity Redis DBC[7]
[INFO] 2017-01-03 16:43:51 [redispool] [./sprj/util/util.lua:13] Activity Redis DBC[8]
[INFO] 2017-01-03 16:43:51 [redispool] [./sprj/util/util.lua:13] Activity Redis DBC[9]
[INFO] 2017-01-03 16:43:51 [redispool] [./sprj/util/util.lua:13] Activity Redis DBC[10]
[INFO] 2017-01-03 16:43:51 [redispool] [./sprj/util/util.lua:13] Activity Redis DBC[11]
[INFO] 2017-01-03 16:43:51 [redispool] [./sprj/util/util.lua:13] Activity Redis DBC[12]
[INFO] 2017-01-03 16:43:51 [redispool] [./sprj/util/util.lua:13] Activity Redis DBC[13]
[INFO] 2017-01-03 16:43:51 [redispool] [./sprj/util/util.lua:13] Activity Redis DBC[14]
[INFO] 2017-01-03 16:43:51 [redispool] [./sprj/util/util.lua:13] Activity Redis DBC[0]
[INFO] 2017-01-03 16:43:52 [mysqlpool] [./sprj/util/util.lua:13] MySQL DBPool useful is 15
[INFO] 2017-01-03 16:43:52 [mysqlpool] [./sprj/util/util.lua:13] Activity MySQL DBC[1]
[INFO] 2017-01-03 16:43:52 [mysqlpool] [./sprj/util/util.lua:13] Activity MySQL DBC[2]
[INFO] 2017-01-03 16:43:52 [mysqlpool] [./sprj/util/util.lua:13] Activity MySQL DBC[3]
[INFO] 2017-01-03 16:43:52 [mysqlpool] [./sprj/util/util.lua:13] Activity MySQL DBC[4]
[INFO] 2017-01-03 16:43:52 [mysqlpool] [./sprj/util/util.lua:13] Activity MySQL DBC[5]
[INFO] 2017-01-03 16:43:52 [mysqlpool] [./sprj/util/util.lua:13] Activity MySQL DBC[6]
[INFO] 2017-01-03 16:43:52 [mysqlpool] [./sprj/util/util.lua:13] Activity MySQL DBC[7]
[INFO] 2017-01-03 16:43:52 [mysqlpool] [./sprj/util/util.lua:13] Activity MySQL DBC[8]
[INFO] 2017-01-03 16:43:52 [mysqlpool] [./sprj/util/util.lua:13] Activity MySQL DBC[9]
[INFO] 2017-01-03 16:43:52 [mysqlpool] [./sprj/util/util.lua:13] Activity MySQL DBC[10]
[INFO] 2017-01-03 16:43:52 [mysqlpool] [./sprj/util/util.lua:13] Activity MySQL DBC[11]
[INFO] 2017-01-03 16:43:52 [mysqlpool] [./sprj/util/util.lua:13] Activity MySQL DBC[12]
[INFO] 2017-01-03 16:43:52 [mysqlpool] [./sprj/util/util.lua:13] Activity MySQL DBC[13]
[INFO] 2017-01-03 16:43:52 [mysqlpool] [./sprj/util/util.lua:13] Activity MySQL DBC[14]
[INFO] 2017-01-03 16:43:52 [mysqlpool] [./sprj/util/util.lua:13] Activity MySQL DBC[0]
[INFO] 2017-01-03 17:04:05 [redispool] [./sprj/util/util.lua:13] Redis DBPool useful is 15
[INFO] 2017-01-03 17:04:05 [redispool] [./sprj/util/util.lua:13] Activity Redis DBC[1]
[INFO] 2017-01-03 17:04:05 [redispool] [./sprj/util/util.lua:13] Activity Redis DBC[2]
[INFO] 2017-01-03 17:04:05 [redispool] [./sprj/util/util.lua:13] Activity Redis DBC[3]
[INFO] 2017-01-03 17:04:05 [redispool] [./sprj/util/util.lua:13] Activity Redis DBC[4]
[INFO] 2017-01-03 17:04:05 [redispool] [./sprj/util/util.lua:13] Activity Redis DBC[5]
[INFO] 2017-01-03 17:04:05 [redispool] [./sprj/util/util.lua:13] Activity Redis DBC[6]
[INFO] 2017-01-03 17:04:05 [redispool] [./sprj/util/util.lua:13] Activity Redis DBC[7]
[INFO] 2017-01-03 17:04:05 [redispool] [./sprj/util/util.lua:13] Activity Redis DBC[8]
[INFO] 2017-01-03 17:04:05 [redispool] [./sprj/util/util.lua:13] Activity Redis DBC[9]
[INFO] 2017-01-03 17:04:05 [redispool] [./sprj/util/util.lua:13] Activity Redis DBC[10]
[INFO] 2017-01-03 17:04:05 [redispool] [./sprj/util/util.lua:13] Activity Redis DBC[11]
[INFO] 2017-01-03 17:04:05 [redispool] [./sprj/util/util.lua:13] Activity Redis DBC[12]
[INFO] 2017-01-03 17:04:05 [redispool] [./sprj/util/util.lua:13] Activity Redis DBC[13]
[INFO] 2017-01-03 17:04:05 [redispool] [./sprj/util/util.lua:13] Activity Redis DBC[14]
[INFO] 2017-01-03 17:04:05 [redispool] [./sprj/util/util.lua:13] Activity Redis DBC[0]
[INFO] 2017-01-03 17:04:05 [mysqlpool] [./sprj/util/util.lua:13] MySQL DBPool useful is 15
[INFO] 2017-01-03 17:04:05 [mysqlpool] [./sprj/util/util.lua:13] Activity MySQL DBC[1]
[INFO] 2017-01-03 17:04:05 [mysqlpool] [./sprj/util/util.lua:13] Activity MySQL DBC[2]
[INFO] 2017-01-03 17:04:05 [mysqlpool] [./sprj/util/util.lua:13] Activity MySQL DBC[3]
[INFO] 2017-01-03 17:04:05 [mysqlpool] [./sprj/util/util.lua:13] Activity MySQL DBC[4]
[INFO] 2017-01-03 17:04:05 [mysqlpool] [./sprj/util/util.lua:13] Activity MySQL DBC[5]
[INFO] 2017-01-03 17:04:05 [mysqlpool] [./sprj/util/util.lua:13] Activity MySQL DBC[6]
[INFO] 2017-01-03 17:04:05 [mysqlpool] [./sprj/util/util.lua:13] Activity MySQL DBC[7]
[INFO] 2017-01-03 17:04:05 [mysqlpool] [./sprj/util/util.lua:13] Activity MySQL DBC[8]
[INFO] 2017-01-03 17:04:05 [mysqlpool] [./sprj/util/util.lua:13] Activity MySQL DBC[9]
[INFO] 2017-01-03 17:04:05 [mysqlpool] [./sprj/util/util.lua:13] Activity MySQL DBC[10]
[INFO] 2017-01-03 17:04:05 [mysqlpool] [./sprj/util/util.lua:13] Activity MySQL DBC[11]
[INFO] 2017-01-03 17:04:05 [mysqlpool] [./sprj/util/util.lua:13] Activity MySQL DBC[12]
[INFO] 2017-01-03 17:04:05 [mysqlpool] [./sprj/util/util.lua:13] Activity MySQL DBC[13]
[INFO] 2017-01-03 17:04:05 [mysqlpool] [./sprj/util/util.lua:13] Activity MySQL DBC[14]
[INFO] 2017-01-03 17:04:05 [mysqlpool] [./sprj/util/util.lua:13] Activity MySQL DBC[0]
[INFO] 2017-01-03 17:04:15 [mysqlpool] [./sprj/util/util.lua:13] Activity MySQL DBC[1]
[INFO] 2017-01-03 17:04:15 [mysqlpool] [./sprj/util/util.lua:13] Activity MySQL DBC[2]
[INFO] 2017-01-03 17:04:15 [mysqlpool] [./sprj/util/util.lua:13] Activity MySQL DBC[3]
[INFO] 2017-01-03 17:04:15 [mysqlpool] [./sprj/util/util.lua:13] Activity MySQL DBC[4]
[INFO] 2017-01-03 17:04:15 [mysqlpool] [./sprj/util/util.lua:13] Activity MySQL DBC[5]
[INFO] 2017-01-03 17:04:15 [mysqlpool] [./sprj/util/util.lua:13] Activity MySQL DBC[6]
[INFO] 2017-01-03 17:04:15 [mysqlpool] [./sprj/util/util.lua:13] Activity MySQL DBC[7]
[INFO] 2017-01-03 17:04:15 [mysqlpool] [./sprj/util/util.lua:13] Activity MySQL DBC[8]
[INFO] 2017-01-03 17:04:15 [mysqlpool] [./sprj/util/util.lua:13] Activity MySQL DBC[9]
[INFO] 2017-01-03 17:04:15 [mysqlpool] [./sprj/util/util.lua:13] Activity MySQL DBC[10]
[INFO] 2017-01-03 17:04:15 [mysqlpool] [./sprj/util/util.lua:13] Activity MySQL DBC[11]
[INFO] 2017-01-03 17:04:15 [mysqlpool] [./sprj/util/util.lua:13] Activity MySQL DBC[12]
[INFO] 2017-01-03 17:04:15 [mysqlpool] [./sprj/util/util.lua:13] Activity MySQL DBC[13]
[INFO] 2017-01-03 17:04:15 [mysqlpool] [./sprj/util/util.lua:13] Activity MySQL DBC[14]
[INFO] 2017-01-03 17:04:15 [mysqlpool] [./sprj/util/util.lua:13] Activity MySQL DBC[0]
[INFO] 2017-01-03 17:04:25 [mysqlpool] [./sprj/util/util.lua:13] Activity MySQL DBC[1]
[INFO] 2017-01-03 17:04:25 [mysqlpool] [./sprj/util/util.lua:13] Activity MySQL DBC[2]
[INFO] 2017-01-03 17:04:25 [mysqlpool] [./sprj/util/util.lua:13] Activity MySQL DBC[3]
[INFO] 2017-01-03 17:04:25 [mysqlpool] [./sprj/util/util.lua:13] Activity MySQL DBC[4]
[INFO] 2017-01-03 17:04:25 [mysqlpool] [./sprj/util/util.lua:13] Activity MySQL DBC[5]
[INFO] 2017-01-03 17:04:25 [mysqlpool] [./sprj/util/util.lua:13] Activity MySQL DBC[6]
[INFO] 2017-01-03 17:04:25 [mysqlpool] [./sprj/util/util.lua:13] Activity MySQL DBC[7]
[INFO] 2017-01-03 17:04:25 [mysqlpool] [./sprj/util/util.lua:13] Activity MySQL DBC[8]
[INFO] 2017-01-03 17:04:25 [mysqlpool] [./sprj/util/util.lua:13] Activity MySQL DBC[9]
[INFO] 2017-01-03 17:04:25 [mysqlpool] [./sprj/util/util.lua:13] Activity MySQL DBC[10]
[INFO] 2017-01-03 17:04:25 [mysqlpool] [./sprj/util/util.lua:13] Activity MySQL DBC[11]
[INFO] 2017-01-03 17:04:25 [mysqlpool] [./sprj/util/util.lua:13] Activity MySQL DBC[12]
[INFO] 2017-01-03 17:04:25 [mysqlpool] [./sprj/util/util.lua:13] Activity MySQL DBC[13]
[INFO] 2017-01-03 17:04:25 [mysqlpool] [./sprj/util/util.lua:13] Activity MySQL DBC[14]
[INFO] 2017-01-03 17:04:25 [mysqlpool] [./sprj/util/util.lua:13] Activity MySQL DBC[0]
[INFO] 2017-01-03 17:04:35 [mysqlpool] [./sprj/util/util.lua:13] Activity MySQL DBC[1]
[INFO] 2017-01-03 17:04:35 [mysqlpool] [./sprj/util/util.lua:13] Activity MySQL DBC[2]
[INFO] 2017-01-03 17:04:35 [mysqlpool] [./sprj/util/util.lua:13] Activity MySQL DBC[3]
[INFO] 2017-01-03 17:04:35 [mysqlpool] [./sprj/util/util.lua:13] Activity MySQL DBC[4]
[INFO] 2017-01-03 17:04:35 [mysqlpool] [./sprj/util/util.lua:13] Activity MySQL DBC[5]
[INFO] 2017-01-03 17:04:35 [mysqlpool] [./sprj/util/util.lua:13] Activity MySQL DBC[6]
[INFO] 2017-01-03 17:04:35 [mysqlpool] [./sprj/util/util.lua:13] Activity MySQL DBC[7]
[INFO] 2017-01-03 17:04:35 [mysqlpool] [./sprj/util/util.lua:13] Activity MySQL DBC[8]
[INFO] 2017-01-03 17:04:35 [mysqlpool] [./sprj/util/util.lua:13] Activity MySQL DBC[9]
[INFO] 2017-01-03 17:04:35 [mysqlpool] [./sprj/util/util.lua:13] Activity MySQL DBC[10]
[INFO] 2017-01-03 17:04:35 [mysqlpool] [./sprj/util/util.lua:13] Activity MySQL DBC[11]
[INFO] 2017-01-03 17:04:35 [mysqlpool] [./sprj/util/util.lua:13] Activity MySQL DBC[12]
[INFO] 2017-01-03 17:04:35 [mysqlpool] [./sprj/util/util.lua:13] Activity MySQL DBC[13]
[INFO] 2017-01-03 17:04:35 [mysqlpool] [./sprj/util/util.lua:13] Activity MySQL DBC[14]
[INFO] 2017-01-03 17:04:35 [mysqlpool] [./sprj/util/util.lua:13] Activity MySQL DBC[0]
[INFO] 2017-01-03 17:04:45 [mysqlpool] [./sprj/util/util.lua:13] Activity MySQL DBC[1]
[INFO] 2017-01-03 17:04:45 [mysqlpool] [./sprj/util/util.lua:13] Activity MySQL DBC[2]
[INFO] 2017-01-03 17:04:45 [mysqlpool] [./sprj/util/util.lua:13] Activity MySQL DBC[3]
[INFO] 2017-01-03 17:04:45 [mysqlpool] [./sprj/util/util.lua:13] Activity MySQL DBC[4]
[INFO] 2017-01-03 17:04:45 [mysqlpool] [./sprj/util/util.lua:13] Activity MySQL DBC[5]
[INFO] 2017-01-03 17:04:45 [mysqlpool] [./sprj/util/util.lua:13] Activity MySQL DBC[6]
[INFO] 2017-01-03 17:04:45 [mysqlpool] [./sprj/util/util.lua:13] Activity MySQL DBC[7]
[INFO] 2017-01-03 17:04:45 [mysqlpool] [./sprj/util/util.lua:13] Activity MySQL DBC[8]
[INFO] 2017-01-03 17:04:45 [mysqlpool] [./sprj/util/util.lua:13] Activity MySQL DBC[9]
[INFO] 2017-01-03 17:04:45 [mysqlpool] [./sprj/util/util.lua:13] Activity MySQL DBC[10]
[INFO] 2017-01-03 17:04:45 [mysqlpool] [./sprj/util/util.lua:13] Activity MySQL DBC[11]
[INFO] 2017-01-03 17:04:45 [mysqlpool] [./sprj/util/util.lua:13] Activity MySQL DBC[12]
[INFO] 2017-01-03 17:04:45 [mysqlpool] [./sprj/util/util.lua:13] Activity MySQL DBC[13]
[INFO] 2017-01-03 17:04:45 [mysqlpool] [./sprj/util/util.lua:13] Activity MySQL DBC[14]
[INFO] 2017-01-03 17:04:45 [mysqlpool] [./sprj/util/util.lua:13] Activity MySQL DBC[0]
[INFO] 2017-01-03 17:04:55 [mysqlpool] [./sprj/util/util.lua:13] Activity MySQL DBC[1]
[INFO] 2017-01-03 17:04:55 [mysqlpool] [./sprj/util/util.lua:13] Activity MySQL DBC[2]
[INFO] 2017-01-03 17:04:55 [mysqlpool] [./sprj/util/util.lua:13] Activity MySQL DBC[3]
[INFO] 2017-01-03 17:04:55 [mysqlpool] [./sprj/util/util.lua:13] Activity MySQL DBC[4]
[INFO] 2017-01-03 17:04:55 [mysqlpool] [./sprj/util/util.lua:13] Activity MySQL DBC[5]
[INFO] 2017-01-03 17:04:55 [mysqlpool] [./sprj/util/util.lua:13] Activity MySQL DBC[6]
[INFO] 2017-01-03 17:04:55 [mysqlpool] [./sprj/util/util.lua:13] Activity MySQL DBC[7]
[INFO] 2017-01-03 17:04:55 [mysqlpool] [./sprj/util/util.lua:13] Activity MySQL DBC[8]
[INFO] 2017-01-03 17:04:55 [mysqlpool] [./sprj/util/util.lua:13] Activity MySQL DBC[9]
[INFO] 2017-01-03 17:04:55 [mysqlpool] [./sprj/util/util.lua:13] Activity MySQL DBC[10]
[INFO] 2017-01-03 17:04:55 [mysqlpool] [./sprj/util/util.lua:13] Activity MySQL DBC[11]
[INFO] 2017-01-03 17:04:55 [mysqlpool] [./sprj/util/util.lua:13] Activity MySQL DBC[12]
[INFO] 2017-01-03 17:04:55 [mysqlpool] [./sprj/util/util.lua:13] Activity MySQL DBC[13]
[INFO] 2017-01-03 17:04:55 [mysqlpool] [./sprj/util/util.lua:13] Activity MySQL DBC[14]
[INFO] 2017-01-03 17:04:55 [mysqlpool] [./sprj/util/util.lua:13] Activity MySQL DBC[0]
[INFO] 2017-01-03 17:05:05 [mysqlpool] [./sprj/util/util.lua:13] Activity MySQL DBC[1]
[INFO] 2017-01-03 17:05:05 [mysqlpool] [./sprj/util/util.lua:13] Activity MySQL DBC[2]
[INFO] 2017-01-03 17:05:05 [mysqlpool] [./sprj/util/util.lua:13] Activity MySQL DBC[3]
[INFO] 2017-01-03 17:05:05 [mysqlpool] [./sprj/util/util.lua:13] Activity MySQL DBC[4]
[INFO] 2017-01-03 17:05:05 [mysqlpool] [./sprj/util/util.lua:13] Activity MySQL DBC[5]
[INFO] 2017-01-03 17:05:05 [mysqlpool] [./sprj/util/util.lua:13] Activity MySQL DBC[6]
[INFO] 2017-01-03 17:05:05 [mysqlpool] [./sprj/util/util.lua:13] Activity MySQL DBC[7]
[INFO] 2017-01-03 17:05:05 [mysqlpool] [./sprj/util/util.lua:13] Activity MySQL DBC[8]
[INFO] 2017-01-03 17:05:05 [mysqlpool] [./sprj/util/util.lua:13] Activity MySQL DBC[9]
[INFO] 2017-01-03 17:05:05 [mysqlpool] [./sprj/util/util.lua:13] Activity MySQL DBC[10]
[INFO] 2017-01-03 17:05:05 [mysqlpool] [./sprj/util/util.lua:13] Activity MySQL DBC[11]
[INFO] 2017-01-03 17:05:05 [mysqlpool] [./sprj/util/util.lua:13] Activity MySQL DBC[12]
[INFO] 2017-01-03 17:05:05 [mysqlpool] [./sprj/util/util.lua:13] Activity MySQL DBC[13]
[INFO] 2017-01-03 17:05:05 [mysqlpool] [./sprj/util/util.lua:13] Activity MySQL DBC[14]
[INFO] 2017-01-03 17:05:05 [mysqlpool] [./sprj/util/util.lua:13] Activity MySQL DBC[0]
[INFO] 2017-01-03 17:05:15 [mysqlpool] [./sprj/util/util.lua:13] Activity MySQL DBC[1]
[INFO] 2017-01-03 17:05:15 [mysqlpool] [./sprj/util/util.lua:13] Activity MySQL DBC[2]
[INFO] 2017-01-03 17:05:15 [mysqlpool] [./sprj/util/util.lua:13] Activity MySQL DBC[3]
[INFO] 2017-01-03 17:05:15 [mysqlpool] [./sprj/util/util.lua:13] Activity MySQL DBC[4]
[INFO] 2017-01-03 17:05:15 [mysqlpool] [./sprj/util/util.lua:13] Activity MySQL DBC[5]
[INFO] 2017-01-03 17:05:15 [mysqlpool] [./sprj/util/util.lua:13] Activity MySQL DBC[6]
[INFO] 2017-01-03 17:05:15 [mysqlpool] [./sprj/util/util.lua:13] Activity MySQL DBC[7]
[INFO] 2017-01-03 17:05:15 [mysqlpool] [./sprj/util/util.lua:13] Activity MySQL DBC[8]
[INFO] 2017-01-03 17:05:15 [mysqlpool] [./sprj/util/util.lua:13] Activity MySQL DBC[9]
[INFO] 2017-01-03 17:05:15 [mysqlpool] [./sprj/util/util.lua:13] Activity MySQL DBC[10]
[INFO] 2017-01-03 17:05:15 [mysqlpool] [./sprj/util/util.lua:13] Activity MySQL DBC[11]
[INFO] 2017-01-03 17:05:15 [mysqlpool] [./sprj/util/util.lua:13] Activity MySQL DBC[12]
[INFO] 2017-01-03 17:05:15 [mysqlpool] [./sprj/util/util.lua:13] Activity MySQL DBC[13]
[INFO] 2017-01-03 17:05:15 [mysqlpool] [./sprj/util/util.lua:13] Activity MySQL DBC[14]
[INFO] 2017-01-03 17:05:15 [mysqlpool] [./sprj/util/util.lua:13] Activity MySQL DBC[0]
[INFO] 2017-01-03 17:07:57 [redispool] [./sprj/util/util.lua:13] Redis DBPool useful is 15
[INFO] 2017-01-03 17:07:57 [redispool] [./sprj/util/util.lua:13] Activity Redis DBC[1]
[INFO] 2017-01-03 17:07:57 [redispool] [./sprj/util/util.lua:13] Activity Redis DBC[2]
[INFO] 2017-01-03 17:07:57 [redispool] [./sprj/util/util.lua:13] Activity Redis DBC[3]
[INFO] 2017-01-03 17:07:57 [redispool] [./sprj/util/util.lua:13] Activity Redis DBC[4]
[INFO] 2017-01-03 17:07:57 [redispool] [./sprj/util/util.lua:13] Activity Redis DBC[5]
[INFO] 2017-01-03 17:07:57 [redispool] [./sprj/util/util.lua:13] Activity Redis DBC[6]
[INFO] 2017-01-03 17:07:57 [redispool] [./sprj/util/util.lua:13] Activity Redis DBC[7]
[INFO] 2017-01-03 17:07:57 [redispool] [./sprj/util/util.lua:13] Activity Redis DBC[8]
[INFO] 2017-01-03 17:07:57 [redispool] [./sprj/util/util.lua:13] Activity Redis DBC[9]
[INFO] 2017-01-03 17:07:57 [redispool] [./sprj/util/util.lua:13] Activity Redis DBC[10]
[INFO] 2017-01-03 17:07:57 [redispool] [./sprj/util/util.lua:13] Activity Redis DBC[11]
[INFO] 2017-01-03 17:07:57 [redispool] [./sprj/util/util.lua:13] Activity Redis DBC[12]
[INFO] 2017-01-03 17:07:57 [redispool] [./sprj/util/util.lua:13] Activity Redis DBC[13]
[INFO] 2017-01-03 17:07:57 [redispool] [./sprj/util/util.lua:13] Activity Redis DBC[14]
[INFO] 2017-01-03 17:07:57 [redispool] [./sprj/util/util.lua:13] Activity Redis DBC[0]
[INFO] 2017-01-03 17:07:57 [mysqlpool] [./sprj/util/util.lua:13] MySQL DBPool useful is 15
[INFO] 2017-01-03 17:07:57 [mysqlpool] [./sprj/util/util.lua:13] Activity MySQL DBC[1]
[INFO] 2017-01-03 17:07:57 [mysqlpool] [./sprj/util/util.lua:13] Activity MySQL DBC[2]
[INFO] 2017-01-03 17:07:57 [mysqlpool] [./sprj/util/util.lua:13] Activity MySQL DBC[3]
[INFO] 2017-01-03 17:07:57 [mysqlpool] [./sprj/util/util.lua:13] Activity MySQL DBC[4]
[INFO] 2017-01-03 17:07:57 [mysqlpool] [./sprj/util/util.lua:13] Activity MySQL DBC[5]
[INFO] 2017-01-03 17:07:57 [mysqlpool] [./sprj/util/util.lua:13] Activity MySQL DBC[6]
[INFO] 2017-01-03 17:07:57 [mysqlpool] [./sprj/util/util.lua:13] Activity MySQL DBC[7]
[INFO] 2017-01-03 17:07:57 [mysqlpool] [./sprj/util/util.lua:13] Activity MySQL DBC[8]
[INFO] 2017-01-03 17:07:57 [mysqlpool] [./sprj/util/util.lua:13] Activity MySQL DBC[9]
[INFO] 2017-01-03 17:07:57 [mysqlpool] [./sprj/util/util.lua:13] Activity MySQL DBC[10]
[INFO] 2017-01-03 17:07:57 [mysqlpool] [./sprj/util/util.lua:13] Activity MySQL DBC[11]
[INFO] 2017-01-03 17:07:57 [mysqlpool] [./sprj/util/util.lua:13] Activity MySQL DBC[12]
[INFO] 2017-01-03 17:07:57 [mysqlpool] [./sprj/util/util.lua:13] Activity MySQL DBC[13]
[INFO] 2017-01-03 17:07:57 [mysqlpool] [./sprj/util/util.lua:13] Activity MySQL DBC[14]
[INFO] 2017-01-03 17:07:57 [mysqlpool] [./sprj/util/util.lua:13] Activity MySQL DBC[0]
[INFO] 2017-01-03 17:09:00 [mysqlpool] [./sprj/util/util.lua:13] MySQL getDB success
[INFO] 2017-01-03 17:09:00 [mysqlpool] [./sprj/util/util.lua:13] execute sql[select * from user where username='dd' and password='dd']
[INFO] 2017-01-03 17:09:06 [mysqlpool] [./sprj/util/util.lua:13] MySQL getDB success
[INFO] 2017-01-03 17:09:06 [mysqlpool] [./sprj/util/util.lua:13] execute sql[select * from user where username='dd' and password='dd']
[INFO] 2017-01-03 17:09:10 [mysqlpool] [./sprj/util/util.lua:13] MySQL getDB success
[INFO] 2017-01-03 17:09:10 [mysqlpool] [./sprj/util/util.lua:13] execute sql[select * from user where username='dd' and password='dd']
[INFO] 2017-01-03 17:09:15 [mysqlpool] [./sprj/util/util.lua:13] MySQL getDB success
[INFO] 2017-01-03 17:09:15 [mysqlpool] [./sprj/util/util.lua:13] execute sql[select * from user where username='dd' and password='dd']
[INFO] 2017-01-03 17:09:19 [mysqlpool] [./sprj/util/util.lua:13] MySQL getDB success
[INFO] 2017-01-03 17:09:19 [mysqlpool] [./sprj/util/util.lua:13] execute sql[select * from user where username='dd' and password='dd']
[INFO] 2017-01-03 17:09:25 [mysqlpool] [./sprj/util/util.lua:13] MySQL getDB success
[INFO] 2017-01-03 17:09:25 [mysqlpool] [./sprj/util/util.lua:13] execute sql[select * from user where username='dd' and password='dd']
[INFO] 2017-01-03 17:09:29 [mysqlpool] [./sprj/util/util.lua:13] MySQL getDB success
[INFO] 2017-01-03 17:09:29 [mysqlpool] [./sprj/util/util.lua:13] execute sql[select * from user where username='dd' and password='d']
[INFO] 2017-01-03 17:09:52 [mysqlpool] [./sprj/util/util.lua:13] MySQL getDB success
[INFO] 2017-01-03 17:09:52 [mysqlpool] [./sprj/util/util.lua:13] execute sql[select * from user where username='d' and password='d']
[INFO] 2017-01-03 17:09:56 [mysqlpool] [./sprj/util/util.lua:13] MySQL getDB success
[INFO] 2017-01-03 17:09:56 [mysqlpool] [./sprj/util/util.lua:13] execute sql[select * from user where username='d' and password='d']
[INFO] 2017-01-03 17:10:02 [mysqlpool] [./sprj/util/util.lua:13] MySQL getDB success
[INFO] 2017-01-03 17:10:02 [mysqlpool] [./sprj/util/util.lua:13] execute sql[select * from user where username='d' and password='d']
[INFO] 2017-01-03 17:10:06 [mysqlpool] [./sprj/util/util.lua:13] MySQL getDB success
[INFO] 2017-01-03 17:10:06 [mysqlpool] [./sprj/util/util.lua:13] execute sql[select * from user where username='d' and password='d']
[INFO] 2017-01-03 17:10:06 [mysqlpool] [./sprj/util/util.lua:13] MySQL DBPool real totalNum is [25]
[INFO] 2017-01-03 17:10:09 [mysqlpool] [./sprj/util/util.lua:13] MySQL getDB success
[INFO] 2017-01-03 17:10:09 [mysqlpool] [./sprj/util/util.lua:13] execute sql[select * from user where username='d' and password='d']
[INFO] 2017-01-03 17:10:13 [mysqlpool] [./sprj/util/util.lua:13] MySQL getDB success
[INFO] 2017-01-03 17:10:13 [mysqlpool] [./sprj/util/util.lua:13] execute sql[select * from user where username='d' and password='d']
[INFO] 2017-01-03 17:10:36 [mysqlpool] [./sprj/util/util.lua:13] MySQL getDB success
[INFO] 2017-01-03 17:10:36 [mysqlpool] [./sprj/util/util.lua:13] execute sql[select * from user where username='d' and password='d']
[INFO] 2017-01-03 17:10:39 [mysqlpool] [./sprj/util/util.lua:13] MySQL getDB success
[INFO] 2017-01-03 17:10:39 [mysqlpool] [./sprj/util/util.lua:13] execute sql[select * from user where username='d' and password='d']
[INFO] 2017-01-03 17:10:44 [mysqlpool] [./sprj/util/util.lua:13] MySQL getDB success
[INFO] 2017-01-03 17:10:44 [mysqlpool] [./sprj/util/util.lua:13] execute sql[select * from user where username='d' and password='d']
[INFO] 2017-01-03 17:10:48 [mysqlpool] [./sprj/util/util.lua:13] MySQL getDB success
[INFO] 2017-01-03 17:10:48 [mysqlpool] [./sprj/util/util.lua:13] execute sql[select * from user where username='d' and password='d']
[INFO] 2017-01-03 17:11:12 [mysqlpool] [./sprj/util/util.lua:13] MySQL getDB success
[INFO] 2017-01-03 17:11:12 [mysqlpool] [./sprj/util/util.lua:13] execute sql[select * from user where username='d' and password='d']
[INFO] 2017-01-03 17:11:12 [mysqlpool] [./sprj/util/util.lua:13] MySQL DBPool real totalNum is [35]
[INFO] 2017-01-03 17:11:17 [mysqlpool] [./sprj/util/util.lua:13] MySQL getDB success
[INFO] 2017-01-03 17:11:17 [mysqlpool] [./sprj/util/util.lua:13] execute sql[select * from user where username='d' and password='d']
[INFO] 2017-01-03 17:11:24 [mysqlpool] [./sprj/util/util.lua:13] MySQL getDB success
[INFO] 2017-01-03 17:11:24 [mysqlpool] [./sprj/util/util.lua:13] execute sql[select * from user where username='d' and password='d']
[INFO] 2017-01-03 17:28:41 [redispool] [./sprj/util/util.lua:13] Redis DBPool useful is 15
[INFO] 2017-01-03 17:28:41 [redispool] [./sprj/util/util.lua:13] Activity Redis DBC[1]
[INFO] 2017-01-03 17:28:41 [redispool] [./sprj/util/util.lua:13] Activity Redis DBC[2]
[INFO] 2017-01-03 17:28:41 [redispool] [./sprj/util/util.lua:13] Activity Redis DBC[3]
[INFO] 2017-01-03 17:28:41 [redispool] [./sprj/util/util.lua:13] Activity Redis DBC[4]
[INFO] 2017-01-03 17:28:41 [redispool] [./sprj/util/util.lua:13] Activity Redis DBC[5]
[INFO] 2017-01-03 17:28:41 [redispool] [./sprj/util/util.lua:13] Activity Redis DBC[6]
[INFO] 2017-01-03 17:28:41 [redispool] [./sprj/util/util.lua:13] Activity Redis DBC[7]
[INFO] 2017-01-03 17:28:41 [redispool] [./sprj/util/util.lua:13] Activity Redis DBC[8]
[INFO] 2017-01-03 17:28:41 [redispool] [./sprj/util/util.lua:13] Activity Redis DBC[9]
[INFO] 2017-01-03 17:28:41 [redispool] [./sprj/util/util.lua:13] Activity Redis DBC[10]
[INFO] 2017-01-03 17:28:41 [redispool] [./sprj/util/util.lua:13] Activity Redis DBC[11]
[INFO] 2017-01-03 17:28:41 [redispool] [./sprj/util/util.lua:13] Activity Redis DBC[12]
[INFO] 2017-01-03 17:28:41 [redispool] [./sprj/util/util.lua:13] Activity Redis DBC[13]
[INFO] 2017-01-03 17:28:41 [redispool] [./sprj/util/util.lua:13] Activity Redis DBC[14]
[INFO] 2017-01-03 17:28:41 [redispool] [./sprj/util/util.lua:13] Activity Redis DBC[0]
[INFO] 2017-01-03 17:28:41 [mysqlpool] [./sprj/util/util.lua:13] MySQL DBPool useful is 15
[INFO] 2017-01-03 17:28:41 [mysqlpool] [./sprj/util/util.lua:13] Activity MySQL DBC[1]
[INFO] 2017-01-03 17:28:41 [mysqlpool] [./sprj/util/util.lua:13] Activity MySQL DBC[2]
[INFO] 2017-01-03 17:28:41 [mysqlpool] [./sprj/util/util.lua:13] Activity MySQL DBC[3]
[INFO] 2017-01-03 17:28:41 [mysqlpool] [./sprj/util/util.lua:13] Activity MySQL DBC[4]
[INFO] 2017-01-03 17:28:41 [mysqlpool] [./sprj/util/util.lua:13] Activity MySQL DBC[5]
[INFO] 2017-01-03 17:28:41 [mysqlpool] [./sprj/util/util.lua:13] Activity MySQL DBC[6]
[INFO] 2017-01-03 17:28:41 [mysqlpool] [./sprj/util/util.lua:13] Activity MySQL DBC[7]
[INFO] 2017-01-03 17:28:41 [mysqlpool] [./sprj/util/util.lua:13] Activity MySQL DBC[8]
[INFO] 2017-01-03 17:28:41 [mysqlpool] [./sprj/util/util.lua:13] Activity MySQL DBC[9]
[INFO] 2017-01-03 17:28:41 [mysqlpool] [./sprj/util/util.lua:13] Activity MySQL DBC[10]
[INFO] 2017-01-03 17:28:41 [mysqlpool] [./sprj/util/util.lua:13] Activity MySQL DBC[11]
[INFO] 2017-01-03 17:28:41 [mysqlpool] [./sprj/util/util.lua:13] Activity MySQL DBC[12]
[INFO] 2017-01-03 17:28:41 [mysqlpool] [./sprj/util/util.lua:13] Activity MySQL DBC[13]
[INFO] 2017-01-03 17:28:41 [mysqlpool] [./sprj/util/util.lua:13] Activity MySQL DBC[14]
[INFO] 2017-01-03 17:28:41 [mysqlpool] [./sprj/util/util.lua:13] Activity MySQL DBC[0]
[INFO] 2017-01-03 17:29:36 [mysqlpool] [./sprj/util/util.lua:13] MySQL getDB success
[INFO] 2017-01-03 17:29:36 [mysqlpool] [./sprj/util/util.lua:13] execute sql[select * from user where username='dd' and password='dd']
[INFO] 2017-01-03 17:30:13 [redispool] [./sprj/util/util.lua:13] Redis DBPool useful is 15
[INFO] 2017-01-03 17:30:13 [redispool] [./sprj/util/util.lua:13] Activity Redis DBC[1]
[INFO] 2017-01-03 17:30:13 [redispool] [./sprj/util/util.lua:13] Activity Redis DBC[2]
[INFO] 2017-01-03 17:30:13 [redispool] [./sprj/util/util.lua:13] Activity Redis DBC[3]
[INFO] 2017-01-03 17:30:13 [redispool] [./sprj/util/util.lua:13] Activity Redis DBC[4]
[INFO] 2017-01-03 17:30:13 [redispool] [./sprj/util/util.lua:13] Activity Redis DBC[5]
[INFO] 2017-01-03 17:30:13 [redispool] [./sprj/util/util.lua:13] Activity Redis DBC[6]
[INFO] 2017-01-03 17:30:13 [redispool] [./sprj/util/util.lua:13] Activity Redis DBC[7]
[INFO] 2017-01-03 17:30:13 [redispool] [./sprj/util/util.lua:13] Activity Redis DBC[8]
[INFO] 2017-01-03 17:30:13 [redispool] [./sprj/util/util.lua:13] Activity Redis DBC[9]
[INFO] 2017-01-03 17:30:13 [redispool] [./sprj/util/util.lua:13] Activity Redis DBC[10]
[INFO] 2017-01-03 17:30:13 [redispool] [./sprj/util/util.lua:13] Activity Redis DBC[11]
[INFO] 2017-01-03 17:30:13 [redispool] [./sprj/util/util.lua:13] Activity Redis DBC[12]
[INFO] 2017-01-03 17:30:13 [redispool] [./sprj/util/util.lua:13] Activity Redis DBC[13]
[INFO] 2017-01-03 17:30:13 [redispool] [./sprj/util/util.lua:13] Activity Redis DBC[14]
[INFO] 2017-01-03 17:30:13 [redispool] [./sprj/util/util.lua:13] Activity Redis DBC[0]
[INFO] 2017-01-03 17:30:13 [mysqlpool] [./sprj/util/util.lua:13] MySQL DBPool useful is 15
[INFO] 2017-01-03 17:30:13 [mysqlpool] [./sprj/util/util.lua:13] Activity MySQL DBC[1]
[INFO] 2017-01-03 17:30:13 [mysqlpool] [./sprj/util/util.lua:13] Activity MySQL DBC[2]
[INFO] 2017-01-03 17:30:13 [mysqlpool] [./sprj/util/util.lua:13] Activity MySQL DBC[3]
[INFO] 2017-01-03 17:30:13 [mysqlpool] [./sprj/util/util.lua:13] Activity MySQL DBC[4]
[INFO] 2017-01-03 17:30:13 [mysqlpool] [./sprj/util/util.lua:13] Activity MySQL DBC[5]
[INFO] 2017-01-03 17:30:13 [mysqlpool] [./sprj/util/util.lua:13] Activity MySQL DBC[6]
[INFO] 2017-01-03 17:30:13 [mysqlpool] [./sprj/util/util.lua:13] Activity MySQL DBC[7]
[INFO] 2017-01-03 17:30:13 [mysqlpool] [./sprj/util/util.lua:13] Activity MySQL DBC[8]
[INFO] 2017-01-03 17:30:13 [mysqlpool] [./sprj/util/util.lua:13] Activity MySQL DBC[9]
[INFO] 2017-01-03 17:30:13 [mysqlpool] [./sprj/util/util.lua:13] Activity MySQL DBC[10]
[INFO] 2017-01-03 17:30:13 [mysqlpool] [./sprj/util/util.lua:13] Activity MySQL DBC[11]
[INFO] 2017-01-03 17:30:13 [mysqlpool] [./sprj/util/util.lua:13] Activity MySQL DBC[12]
[INFO] 2017-01-03 17:30:13 [mysqlpool] [./sprj/util/util.lua:13] Activity MySQL DBC[13]
[INFO] 2017-01-03 17:30:13 [mysqlpool] [./sprj/util/util.lua:13] Activity MySQL DBC[14]
[INFO] 2017-01-03 17:30:13 [mysqlpool] [./sprj/util/util.lua:13] Activity MySQL DBC[0]
[INFO] 2017-01-03 17:30:34 [mysqlpool] [./sprj/util/util.lua:13] MySQL getDB success
[INFO] 2017-01-03 17:30:34 [mysqlpool] [./sprj/util/util.lua:13] execute sql[select * from user where username='dd' and password='dd']
[INFO] 2017-01-03 17:30:44 [mysqlpool] [./sprj/util/util.lua:13] MySQL getDB success
[INFO] 2017-01-03 17:30:44 [mysqlpool] [./sprj/util/util.lua:13] execute sql[select * from user where username='dd' and password='dd']
[INFO] 2017-01-03 17:30:46 [mysqlpool] [./sprj/util/util.lua:13] MySQL getDB success
[INFO] 2017-01-03 17:30:46 [mysqlpool] [./sprj/util/util.lua:13] execute sql[select * from user where username='d' and password='d']
[INFO] 2017-01-03 17:30:49 [mysqlpool] [./sprj/util/util.lua:13] MySQL getDB success
[INFO] 2017-01-03 17:30:49 [mysqlpool] [./sprj/util/util.lua:13] execute sql[select * from user where username='d' and password='d']
[INFO] 2017-01-03 17:30:53 [mysqlpool] [./sprj/util/util.lua:13] MySQL getDB success
[INFO] 2017-01-03 17:30:53 [mysqlpool] [./sprj/util/util.lua:13] execute sql[select * from user where username='d' and password='d']
[INFO] 2017-01-03 17:30:58 [mysqlpool] [./sprj/util/util.lua:13] MySQL getDB success
[INFO] 2017-01-03 17:30:58 [mysqlpool] [./sprj/util/util.lua:13] execute sql[select * from user where username='d' and password='d']
[INFO] 2017-01-03 17:31:02 [mysqlpool] [./sprj/util/util.lua:13] MySQL getDB success
[INFO] 2017-01-03 17:31:02 [mysqlpool] [./sprj/util/util.lua:13] execute sql[select * from user where username='d' and password='d']
[INFO] 2017-01-03 17:31:05 [mysqlpool] [./sprj/util/util.lua:13] MySQL getDB success
[INFO] 2017-01-03 17:31:05 [mysqlpool] [./sprj/util/util.lua:13] execute sql[select * from user where username='d' and password='d']
[INFO] 2017-01-03 17:31:09 [mysqlpool] [./sprj/util/util.lua:13] MySQL getDB success
[INFO] 2017-01-03 17:31:09 [mysqlpool] [./sprj/util/util.lua:13] execute sql[select * from user where username='d' and password='d']
[INFO] 2017-01-03 17:31:12 [mysqlpool] [./sprj/util/util.lua:13] MySQL getDB success
[INFO] 2017-01-03 17:31:12 [mysqlpool] [./sprj/util/util.lua:13] execute sql[select * from user where username='d' and password='d']
[INFO] 2017-01-03 17:31:16 [mysqlpool] [./sprj/util/util.lua:13] MySQL getDB success
[INFO] 2017-01-03 17:31:16 [mysqlpool] [./sprj/util/util.lua:13] execute sql[select * from user where username='d' and password='d']
[INFO] 2017-01-03 17:31:16 [mysqlpool] [./sprj/util/util.lua:13] MySQL DBPool real totalNum is [25]
[INFO] 2017-01-03 17:31:23 [mysqlpool] [./sprj/util/util.lua:13] MySQL getDB success
[INFO] 2017-01-03 17:31:23 [mysqlpool] [./sprj/util/util.lua:13] execute sql[select * from user where username='d' and password='d']
[INFO] 2017-01-03 17:31:26 [mysqlpool] [./sprj/util/util.lua:13] MySQL getDB success
[INFO] 2017-01-03 17:31:26 [mysqlpool] [./sprj/util/util.lua:13] execute sql[select * from user where username='d' and password='d']
[INFO] 2017-01-03 17:32:24 [mysqlpool] [./sprj/util/util.lua:13] MySQL getDB success
[INFO] 2017-01-03 17:32:24 [mysqlpool] [./sprj/util/util.lua:13] execute sql[select * from user where username='d' and password='d']
[INFO] 2017-01-03 17:32:30 [mysqlpool] [./sprj/util/util.lua:13] MySQL getDB success
[INFO] 2017-01-03 17:32:30 [mysqlpool] [./sprj/util/util.lua:13] execute sql[select * from user where username='d' and password='d']
[INFO] 2017-01-03 17:35:10 [mysqlpool] [./sprj/util/util.lua:13] MySQL getDB success
[INFO] 2017-01-03 17:35:10 [mysqlpool] [./sprj/util/util.lua:13] execute sql[select * from user where username='dd' and password='dd']
[INFO] 2017-01-03 17:35:14 [mysqlpool] [./sprj/util/util.lua:13] MySQL getDB success
[INFO] 2017-01-03 17:35:14 [mysqlpool] [./sprj/util/util.lua:13] execute sql[select * from user where username='dd' and password='dd']
[INFO] 2017-01-03 17:35:18 [mysqlpool] [./sprj/util/util.lua:13] MySQL getDB success
[INFO] 2017-01-03 17:35:18 [mysqlpool] [./sprj/util/util.lua:13] execute sql[select * from user where username='dd' and password='[A']
[INFO] 2017-01-03 17:35:18 [mysqlpool] [./sprj/util/util.lua:13] MySQL DBPool real totalNum is [35]
[INFO] 2017-01-03 17:35:23 [mysqlpool] [./sprj/util/util.lua:13] MySQL getDB success
[INFO] 2017-01-03 17:35:23 [mysqlpool] [./sprj/util/util.lua:13] execute sql[select * from user where username='dd' and password='d']
[INFO] 2017-01-03 17:41:05 [redispool] [./sprj/util/util.lua:13] Redis DBPool useful is 15
[INFO] 2017-01-03 17:41:05 [redispool] [./sprj/util/util.lua:13] Activity Redis DBC[1]
[INFO] 2017-01-03 17:41:05 [redispool] [./sprj/util/util.lua:13] Activity Redis DBC[2]
[INFO] 2017-01-03 17:41:05 [redispool] [./sprj/util/util.lua:13] Activity Redis DBC[3]
[INFO] 2017-01-03 17:41:05 [redispool] [./sprj/util/util.lua:13] Activity Redis DBC[4]
[INFO] 2017-01-03 17:41:05 [redispool] [./sprj/util/util.lua:13] Activity Redis DBC[5]
[INFO] 2017-01-03 17:41:05 [redispool] [./sprj/util/util.lua:13] Activity Redis DBC[6]
[INFO] 2017-01-03 17:41:05 [redispool] [./sprj/util/util.lua:13] Activity Redis DBC[7]
[INFO] 2017-01-03 17:41:05 [redispool] [./sprj/util/util.lua:13] Activity Redis DBC[8]
[INFO] 2017-01-03 17:41:05 [redispool] [./sprj/util/util.lua:13] Activity Redis DBC[9]
[INFO] 2017-01-03 17:41:05 [redispool] [./sprj/util/util.lua:13] Activity Redis DBC[10]
[INFO] 2017-01-03 17:41:05 [redispool] [./sprj/util/util.lua:13] Activity Redis DBC[11]
[INFO] 2017-01-03 17:41:05 [redispool] [./sprj/util/util.lua:13] Activity Redis DBC[12]
[INFO] 2017-01-03 17:41:05 [redispool] [./sprj/util/util.lua:13] Activity Redis DBC[13]
[INFO] 2017-01-03 17:41:05 [redispool] [./sprj/util/util.lua:13] Activity Redis DBC[14]
[INFO] 2017-01-03 17:41:05 [redispool] [./sprj/util/util.lua:13] Activity Redis DBC[0]
[INFO] 2017-01-03 17:41:05 [mysqlpool] [./sprj/util/util.lua:13] MySQL DBPool useful is 15
[INFO] 2017-01-03 17:41:05 [mysqlpool] [./sprj/util/util.lua:13] Activity MySQL DBC[1]
[INFO] 2017-01-03 17:41:05 [mysqlpool] [./sprj/util/util.lua:13] Activity MySQL DBC[2]
[INFO] 2017-01-03 17:41:05 [mysqlpool] [./sprj/util/util.lua:13] Activity MySQL DBC[3]
[INFO] 2017-01-03 17:41:05 [mysqlpool] [./sprj/util/util.lua:13] Activity MySQL DBC[4]
[INFO] 2017-01-03 17:41:05 [mysqlpool] [./sprj/util/util.lua:13] Activity MySQL DBC[5]
[INFO] 2017-01-03 17:41:05 [mysqlpool] [./sprj/util/util.lua:13] Activity MySQL DBC[6]
[INFO] 2017-01-03 17:41:05 [mysqlpool] [./sprj/util/util.lua:13] Activity MySQL DBC[7]
[INFO] 2017-01-03 17:41:05 [mysqlpool] [./sprj/util/util.lua:13] Activity MySQL DBC[8]
[INFO] 2017-01-03 17:41:05 [mysqlpool] [./sprj/util/util.lua:13] Activity MySQL DBC[9]
[INFO] 2017-01-03 17:41:05 [mysqlpool] [./sprj/util/util.lua:13] Activity MySQL DBC[10]
[INFO] 2017-01-03 17:41:05 [mysqlpool] [./sprj/util/util.lua:13] Activity MySQL DBC[11]
[INFO] 2017-01-03 17:41:05 [mysqlpool] [./sprj/util/util.lua:13] Activity MySQL DBC[12]
[INFO] 2017-01-03 17:41:05 [mysqlpool] [./sprj/util/util.lua:13] Activity MySQL DBC[13]
[INFO] 2017-01-03 17:41:05 [mysqlpool] [./sprj/util/util.lua:13] Activity MySQL DBC[14]
[INFO] 2017-01-03 17:41:05 [mysqlpool] [./sprj/util/util.lua:13] Activity MySQL DBC[0]
[INFO] 2017-01-03 17:41:19 [mysqlpool] [./sprj/util/util.lua:13] MySQL getDB success
[INFO] 2017-01-03 17:41:19 [mysqlpool] [./sprj/util/util.lua:13] execute sql[select * from user where username='d' and password='d']
[INFO] 2017-01-03 17:41:25 [mysqlpool] [./sprj/util/util.lua:13] MySQL getDB success
[INFO] 2017-01-03 17:41:25 [mysqlpool] [./sprj/util/util.lua:13] execute sql[select * from user where username='dd' and password='dd']
[INFO] 2017-01-03 17:41:31 [mysqlpool] [./sprj/util/util.lua:13] MySQL getDB success
[INFO] 2017-01-03 17:41:31 [mysqlpool] [./sprj/util/util.lua:13] execute sql[select * from user where username='d' and password='d']
[INFO] 2017-01-03 17:41:35 [mysqlpool] [./sprj/util/util.lua:13] MySQL getDB success
[INFO] 2017-01-03 17:41:35 [mysqlpool] [./sprj/util/util.lua:13] execute sql[select * from user where username='d' and password='d']
[INFO] 2017-01-03 17:41:39 [mysqlpool] [./sprj/util/util.lua:13] MySQL getDB success
[INFO] 2017-01-03 17:41:39 [mysqlpool] [./sprj/util/util.lua:13] execute sql[select * from user where username='d' and password='d']
[INFO] 2017-01-03 17:41:43 [mysqlpool] [./sprj/util/util.lua:13] MySQL getDB success
[INFO] 2017-01-03 17:41:43 [mysqlpool] [./sprj/util/util.lua:13] execute sql[select * from user where username='d' and password='d']
[INFO] 2017-01-03 17:41:46 [mysqlpool] [./sprj/util/util.lua:13] MySQL getDB success
[INFO] 2017-01-03 17:41:46 [mysqlpool] [./sprj/util/util.lua:13] execute sql[select * from user where username='d' and password='d']
[INFO] 2017-01-03 17:41:50 [mysqlpool] [./sprj/util/util.lua:13] MySQL getDB success
[INFO] 2017-01-03 17:41:50 [mysqlpool] [./sprj/util/util.lua:13] execute sql[select * from user where username='d' and password='d']
[INFO] 2017-01-03 17:41:54 [mysqlpool] [./sprj/util/util.lua:13] MySQL getDB success
[INFO] 2017-01-03 17:41:54 [mysqlpool] [./sprj/util/util.lua:13] execute sql[select * from user where username='d' and password='d']
[INFO] 2017-01-03 17:41:58 [mysqlpool] [./sprj/util/util.lua:13] MySQL getDB success
[INFO] 2017-01-03 17:41:58 [mysqlpool] [./sprj/util/util.lua:13] execute sql[select * from user where username='d' and password='d']
