[INFO] 2016-12-27 14:14:05 [login] [./sprj/util/util.lua:13] Auth step[1]
[INFO] 2016-12-27 14:14:05 [login] [./sprj/util/util.lua:13] Auth step[2]
[INFO] 2016-12-27 14:14:05 [login] [./sprj/util/util.lua:13] Auth step[3]
[INFO] 2016-12-27 14:16:10 [login] [./sprj/util/util.lua:13] Auth step[1]
[INFO] 2016-12-27 14:16:10 [login] [./sprj/util/util.lua:13] Auth step[2]
[INFO] 2016-12-27 14:16:10 [login] [./sprj/util/util.lua:13] Auth step[3]
[INFO] 2016-12-27 14:20:15 [login] [./sprj/util/util.lua:13] Auth step[1]
[INFO] 2016-12-27 14:20:15 [login] [./sprj/util/util.lua:13] Auth step[2]
[INFO] 2016-12-27 14:20:15 [login] [./sprj/util/util.lua:13] Auth step[3]
[INFO] 2016-12-27 14:43:03 [login] [./sprj/util/util.lua:13] Auth fd[5]
[INFO] 2016-12-27 14:44:13 [login] [./sprj/util/util.lua:13] Auth fd[5]
[INFO] 2016-12-27 14:44:13 [login] [./sprj/util/util.lua:13] Auth fd[5]
[INFO] 2016-12-27 14:44:13 [login] [./sprj/util/util.lua:13] Auth step[1]
[INFO] 2016-12-27 14:44:13 [login] [./sprj/util/util.lua:13] Auth fd[5]
[INFO] 2016-12-27 14:44:13 [login] [./sprj/util/util.lua:13] Auth fd[5]
[INFO] 2016-12-27 14:44:13 [login] [./sprj/util/util.lua:13] Auth step[2]
[INFO] 2016-12-27 14:44:13 [login] [./sprj/util/util.lua:13] Auth fd[5]
[INFO] 2016-12-27 14:44:13 [login] [./sprj/util/util.lua:13] Auth fd[5]
[INFO] 2016-12-27 14:44:13 [login] [./sprj/util/util.lua:13] Auth step[3]
[INFO] 2016-12-27 14:44:13 [login] [./sprj/util/util.lua:13] Auth fd[5]
[INFO] 2016-12-27 14:44:13 [login] [./sprj/util/util.lua:13] Auth fd[5]
[INFO] 2016-12-27 15:44:19 [login] [./sprj/util/util.lua:13] Auth fd[5]
[INFO] 2016-12-27 15:44:19 [login] [./sprj/util/util.lua:13] Auth fd[5]
[INFO] 2016-12-27 15:44:19 [login] [./sprj/util/util.lua:13] Auth step[1]
[INFO] 2016-12-27 15:44:19 [login] [./sprj/util/util.lua:13] Auth fd[5]
[INFO] 2016-12-27 15:44:19 [login] [./sprj/util/util.lua:13] Auth fd[5]
[INFO] 2016-12-27 15:44:19 [login] [./sprj/util/util.lua:13] Auth step[2]
[INFO] 2016-12-27 15:44:19 [login] [./sprj/util/util.lua:13] Auth fd[5]
[INFO] 2016-12-27 15:44:19 [login] [./sprj/util/util.lua:13] Auth fd[5]
[INFO] 2016-12-27 15:44:19 [login] [./sprj/util/util.lua:13] Auth step[3]
[INFO] 2016-12-27 15:44:19 [login] [./sprj/util/util.lua:13] Auth fd[5]
[INFO] 2016-12-27 15:44:19 [login] [./sprj/util/util.lua:13] Auth fd[5]
[INFO] 2016-12-27 15:52:27 [login] [./sprj/util/util.lua:13] Auth step[1]
[INFO] 2016-12-27 15:52:27 [login] [./sprj/util/util.lua:13] Auth step[2]
[INFO] 2016-12-27 15:52:27 [login] [./sprj/util/util.lua:13] Auth step[3]
[INFO] 2016-12-27 15:55:33 [login] [./sprj/util/util.lua:13] Auth step[1]
[INFO] 2016-12-27 15:55:33 [login] [./sprj/util/util.lua:13] Auth step[2]
[INFO] 2016-12-27 15:55:33 [login] [./sprj/util/util.lua:13] Auth step[3]
[INFO] 2016-12-27 15:55:53 [login] [./sprj/util/util.lua:13] Auth step[1]
[INFO] 2016-12-27 15:55:53 [login] [./sprj/util/util.lua:13] Auth step[2]
[INFO] 2016-12-27 15:55:53 [login] [./sprj/util/util.lua:13] Auth step[3]
[INFO] 2016-12-27 15:56:41 [login] [./sprj/util/util.lua:13] Auth step[1]
[INFO] 2016-12-27 15:56:41 [login] [./sprj/util/util.lua:13] Auth step[2]
[INFO] 2016-12-27 15:56:41 [login] [./sprj/util/util.lua:13] Auth step[3]
[INFO] 2016-12-27 16:07:50 [login] [./sprj/util/util.lua:13] Auth step[1]
[INFO] 2016-12-27 16:07:50 [login] [./sprj/util/util.lua:13] Auth step[2]
[INFO] 2016-12-27 16:07:50 [login] [./sprj/util/util.lua:13] Auth step[3]
[INFO] 2016-12-27 16:32:53 [login] [./sprj/util/util.lua:13] Auth step[1]
[INFO] 2016-12-27 16:32:53 [login] [./sprj/util/util.lua:13] Auth step[2]
[INFO] 2016-12-27 16:32:53 [login] [./sprj/util/util.lua:13] Auth step[3]
[INFO] 2016-12-27 16:33:39 [login] [./sprj/util/util.lua:13] Auth step[1]
[INFO] 2016-12-27 16:33:39 [login] [./sprj/util/util.lua:13] Auth step[2]
[INFO] 2016-12-27 16:33:39 [login] [./sprj/util/util.lua:13] Auth step[3]
[INFO] 2016-12-27 16:36:20 [login] [./sprj/util/util.lua:13] Auth step[1]
[INFO] 2016-12-27 16:36:20 [login] [./sprj/util/util.lua:13] Auth step[2]
[INFO] 2016-12-27 16:36:20 [login] [./sprj/util/util.lua:13] Auth step[3]
[INFO] 2016-12-27 16:37:56 [login] [./sprj/util/util.lua:13] Auth step[1]
[INFO] 2016-12-27 16:37:57 [login] [./sprj/util/util.lua:13] Auth step[2]
[INFO] 2016-12-27 16:37:57 [login] [./sprj/util/util.lua:13] Auth step[3]
[INFO] 2016-12-27 16:38:21 [login] [./sprj/util/util.lua:13] Auth step[1]
[INFO] 2016-12-27 16:38:21 [login] [./sprj/util/util.lua:13] Auth step[2]
[INFO] 2016-12-27 16:38:21 [login] [./sprj/util/util.lua:13] Auth step[3]
[INFO] 2016-12-27 16:39:27 [login] [./sprj/util/util.lua:13] Auth step[1]
[INFO] 2016-12-27 16:39:27 [login] [./sprj/util/util.lua:13] Auth step[2]
[INFO] 2016-12-27 16:39:27 [login] [./sprj/util/util.lua:13] Auth step[3]
[INFO] 2016-12-27 16:39:59 [login] [./sprj/util/util.lua:13] Auth step[1]
[INFO] 2016-12-27 16:39:59 [login] [./sprj/util/util.lua:13] Auth step[2]
[INFO] 2016-12-27 16:39:59 [login] [./sprj/util/util.lua:13] Auth step[3]
[INFO] 2016-12-27 16:41:00 [login] [./sprj/util/util.lua:13] Auth step[1]
[INFO] 2016-12-27 16:41:00 [login] [./sprj/util/util.lua:13] Auth step[2]
[INFO] 2016-12-27 16:41:00 [login] [./sprj/util/util.lua:13] Auth step[3]
[INFO] 2016-12-27 17:17:33 [login] [./sprj/util/util.lua:13] Auth step[1]
[INFO] 2016-12-27 17:17:33 [login] [./sprj/util/util.lua:13] Auth step[2]
[INFO] 2016-12-27 17:17:33 [login] [./sprj/util/util.lua:13] Auth step[3]
[INFO] 2016-12-27 17:21:31 [login] [./sprj/util/util.lua:13] Auth step[1]
[INFO] 2016-12-27 17:21:31 [login] [./sprj/util/util.lua:13] Auth step[2]
[INFO] 2016-12-27 17:21:31 [login] [./sprj/util/util.lua:13] Auth step[3]
[INFO] 2016-12-27 17:21:31 [login] [./sprj/util/util.lua:13] Launch sql[select * from account where username='interface' and password='interface']
[INFO] 2016-12-27 17:27:44 [login] [./sprj/util/util.lua:13] Auth step[1]
[INFO] 2016-12-27 17:27:44 [login] [./sprj/util/util.lua:13] Auth step[2]
[INFO] 2016-12-27 17:27:44 [login] [./sprj/util/util.lua:13] Auth step[3]
[INFO] 2016-12-27 17:27:44 [login] [./sprj/util/util.lua:13] Launch sql[select * from user where username='interface' and password='interface']
[INFO] 2016-12-27 17:28:33 [login] [./sprj/util/util.lua:13] Auth step[1]
[INFO] 2016-12-27 17:28:33 [login] [./sprj/util/util.lua:13] Auth step[2]
[INFO] 2016-12-27 17:28:33 [login] [./sprj/util/util.lua:13] Auth step[3]
[INFO] 2016-12-27 17:28:33 [login] [./sprj/util/util.lua:13] Launch sql[select * from user where username='inter' and password='int']
