[INFO] 2017-01-04 08:50:26 [redispool] [./sprj/util/util.lua:13] Redis DBPool useful is 15
[INFO] 2017-01-04 08:50:26 [redispool] [./sprj/util/util.lua:13] Activity Redis DBC[1]
[INFO] 2017-01-04 08:50:26 [redispool] [./sprj/util/util.lua:13] Activity Redis DBC[2]
[INFO] 2017-01-04 08:50:26 [redispool] [./sprj/util/util.lua:13] Activity Redis DBC[3]
[INFO] 2017-01-04 08:50:26 [redispool] [./sprj/util/util.lua:13] Activity Redis DBC[4]
[INFO] 2017-01-04 08:50:26 [redispool] [./sprj/util/util.lua:13] Activity Redis DBC[5]
[INFO] 2017-01-04 08:50:26 [redispool] [./sprj/util/util.lua:13] Activity Redis DBC[6]
[INFO] 2017-01-04 08:50:26 [redispool] [./sprj/util/util.lua:13] Activity Redis DBC[7]
[INFO] 2017-01-04 08:50:26 [redispool] [./sprj/util/util.lua:13] Activity Redis DBC[8]
[INFO] 2017-01-04 08:50:26 [redispool] [./sprj/util/util.lua:13] Activity Redis DBC[9]
[INFO] 2017-01-04 08:50:26 [redispool] [./sprj/util/util.lua:13] Activity Redis DBC[10]
[INFO] 2017-01-04 08:50:26 [redispool] [./sprj/util/util.lua:13] Activity Redis DBC[11]
[INFO] 2017-01-04 08:50:26 [redispool] [./sprj/util/util.lua:13] Activity Redis DBC[12]
[INFO] 2017-01-04 08:50:26 [redispool] [./sprj/util/util.lua:13] Activity Redis DBC[13]
[INFO] 2017-01-04 08:50:26 [redispool] [./sprj/util/util.lua:13] Activity Redis DBC[14]
[INFO] 2017-01-04 08:50:26 [redispool] [./sprj/util/util.lua:13] Activity Redis DBC[0]
[INFO] 2017-01-04 08:50:26 [mysqlpool] [./sprj/util/util.lua:13] MySQL DBPool useful is 15
[INFO] 2017-01-04 08:50:26 [mysqlpool] [./sprj/util/util.lua:13] Activity MySQL DBC[1]
[INFO] 2017-01-04 08:50:26 [mysqlpool] [./sprj/util/util.lua:13] Activity MySQL DBC[2]
[INFO] 2017-01-04 08:50:26 [mysqlpool] [./sprj/util/util.lua:13] Activity MySQL DBC[3]
[INFO] 2017-01-04 08:50:26 [mysqlpool] [./sprj/util/util.lua:13] Activity MySQL DBC[4]
[INFO] 2017-01-04 08:50:26 [mysqlpool] [./sprj/util/util.lua:13] Activity MySQL DBC[5]
[INFO] 2017-01-04 08:50:26 [mysqlpool] [./sprj/util/util.lua:13] Activity MySQL DBC[6]
[INFO] 2017-01-04 08:50:26 [mysqlpool] [./sprj/util/util.lua:13] Activity MySQL DBC[7]
[INFO] 2017-01-04 08:50:26 [mysqlpool] [./sprj/util/util.lua:13] Activity MySQL DBC[8]
[INFO] 2017-01-04 08:50:26 [mysqlpool] [./sprj/util/util.lua:13] Activity MySQL DBC[9]
[INFO] 2017-01-04 08:50:26 [mysqlpool] [./sprj/util/util.lua:13] Activity MySQL DBC[10]
[INFO] 2017-01-04 08:50:26 [mysqlpool] [./sprj/util/util.lua:13] Activity MySQL DBC[11]
[INFO] 2017-01-04 08:50:26 [mysqlpool] [./sprj/util/util.lua:13] Activity MySQL DBC[12]
[INFO] 2017-01-04 08:50:26 [mysqlpool] [./sprj/util/util.lua:13] Activity MySQL DBC[13]
[INFO] 2017-01-04 08:50:26 [mysqlpool] [./sprj/util/util.lua:13] Activity MySQL DBC[14]
[INFO] 2017-01-04 08:50:26 [mysqlpool] [./sprj/util/util.lua:13] Activity MySQL DBC[0]
[INFO] 2017-01-04 08:51:52 [mysqlpool] [./sprj/util/util.lua:13] MySQL getDB success
[INFO] 2017-01-04 08:51:52 [mysqlpool] [./sprj/util/util.lua:13] execute sql[select * from user where username='d' and password='d']
[INFO] 2017-01-04 08:52:03 [mysqlpool] [./sprj/util/util.lua:13] MySQL getDB success
[INFO] 2017-01-04 08:52:03 [mysqlpool] [./sprj/util/util.lua:13] execute sql[select * from user where username='d' and password='d']
[INFO] 2017-01-04 08:52:07 [mysqlpool] [./sprj/util/util.lua:13] MySQL getDB success
[INFO] 2017-01-04 08:52:07 [mysqlpool] [./sprj/util/util.lua:13] execute sql[select * from user where username='d' and password='d']
[INFO] 2017-01-04 08:52:14 [mysqlpool] [./sprj/util/util.lua:13] MySQL getDB success
[INFO] 2017-01-04 08:52:14 [mysqlpool] [./sprj/util/util.lua:13] execute sql[select * from user where username='d' and password='d']
[INFO] 2017-01-04 08:52:25 [mysqlpool] [./sprj/util/util.lua:13] MySQL getDB success
[INFO] 2017-01-04 08:52:25 [mysqlpool] [./sprj/util/util.lua:13] execute sql[select * from user where username='d' and password='d']
[INFO] 2017-01-04 08:52:29 [mysqlpool] [./sprj/util/util.lua:13] MySQL getDB success
[INFO] 2017-01-04 08:52:29 [mysqlpool] [./sprj/util/util.lua:13] execute sql[select * from user where username='d' and password='d']
[INFO] 2017-01-04 08:52:35 [mysqlpool] [./sprj/util/util.lua:13] MySQL getDB success
[INFO] 2017-01-04 08:52:35 [mysqlpool] [./sprj/util/util.lua:13] execute sql[select * from user where username='d' and password='d']
[INFO] 2017-01-04 08:52:39 [mysqlpool] [./sprj/util/util.lua:13] MySQL getDB success
[INFO] 2017-01-04 08:52:39 [mysqlpool] [./sprj/util/util.lua:13] execute sql[select * from user where username='d' and password='d']
[INFO] 2017-01-04 08:52:43 [mysqlpool] [./sprj/util/util.lua:13] MySQL getDB success
[INFO] 2017-01-04 08:52:43 [mysqlpool] [./sprj/util/util.lua:13] execute sql[select * from user where username='d' and password='d']
[INFO] 2017-01-04 08:52:48 [mysqlpool] [./sprj/util/util.lua:13] MySQL getDB success
[INFO] 2017-01-04 08:52:48 [mysqlpool] [./sprj/util/util.lua:13] execute sql[select * from user where username='d' and password='d']
[INFO] 2017-01-04 08:52:51 [mysqlpool] [./sprj/util/util.lua:13] MySQL getDB success
[INFO] 2017-01-04 08:52:51 [mysqlpool] [./sprj/util/util.lua:13] execute sql[select * from user where username='d' and password='d']
[INFO] 2017-01-04 08:52:54 [mysqlpool] [./sprj/util/util.lua:13] MySQL getDB success
[INFO] 2017-01-04 08:52:54 [mysqlpool] [./sprj/util/util.lua:13] execute sql[select * from user where username='d' and password='d']
[INFO] 2017-01-04 08:52:58 [mysqlpool] [./sprj/util/util.lua:13] MySQL getDB success
[INFO] 2017-01-04 08:52:58 [mysqlpool] [./sprj/util/util.lua:13] execute sql[select * from user where username='d' and password='d']
[INFO] 2017-01-04 08:53:00 [mysqlpool] [./sprj/util/util.lua:13] MySQL getDB success
[INFO] 2017-01-04 08:53:00 [mysqlpool] [./sprj/util/util.lua:13] execute sql[select * from user where username='d' and password='d']
[INFO] 2017-01-04 08:53:02 [mysqlpool] [./sprj/util/util.lua:13] MySQL getDB success
[INFO] 2017-01-04 08:53:02 [mysqlpool] [./sprj/util/util.lua:13] execute sql[select * from user where username='d' and password='d']
[INFO] 2017-01-04 08:53:04 [mysqlpool] [./sprj/util/util.lua:13] MySQL getDB success
[INFO] 2017-01-04 08:53:04 [mysqlpool] [./sprj/util/util.lua:13] execute sql[select * from user where username='d' and password='d']
[INFO] 2017-01-04 08:53:08 [mysqlpool] [./sprj/util/util.lua:13] MySQL getDB success
[INFO] 2017-01-04 08:53:08 [mysqlpool] [./sprj/util/util.lua:13] execute sql[select * from user where username='d' and password='d']
[INFO] 2017-01-04 08:55:14 [mysqlpool] [./sprj/util/util.lua:13] MySQL getDB success
[INFO] 2017-01-04 08:55:14 [mysqlpool] [./sprj/util/util.lua:13] execute sql[select * from user where username='d' and password='d']
[INFO] 2017-01-04 08:55:17 [mysqlpool] [./sprj/util/util.lua:13] MySQL getDB success
[INFO] 2017-01-04 08:55:17 [mysqlpool] [./sprj/util/util.lua:13] execute sql[select * from user where username='d' and password='d']
[INFO] 2017-01-04 08:55:22 [mysqlpool] [./sprj/util/util.lua:13] MySQL getDB success
[INFO] 2017-01-04 08:55:22 [mysqlpool] [./sprj/util/util.lua:13] execute sql[select * from user where username='d' and password='d']
[INFO] 2017-01-04 09:50:22 [redispool] [./sprj/util/util.lua:13] Activity Redis DBC[1]
[INFO] 2017-01-04 09:50:22 [redispool] [./sprj/util/util.lua:13] Activity Redis DBC[2]
[INFO] 2017-01-04 09:50:22 [redispool] [./sprj/util/util.lua:13] Activity Redis DBC[3]
[INFO] 2017-01-04 09:50:22 [redispool] [./sprj/util/util.lua:13] Activity Redis DBC[4]
[INFO] 2017-01-04 09:50:22 [redispool] [./sprj/util/util.lua:13] Activity Redis DBC[5]
[INFO] 2017-01-04 09:50:22 [redispool] [./sprj/util/util.lua:13] Activity Redis DBC[6]
[INFO] 2017-01-04 09:50:22 [redispool] [./sprj/util/util.lua:13] Activity Redis DBC[7]
[INFO] 2017-01-04 09:50:22 [redispool] [./sprj/util/util.lua:13] Activity Redis DBC[8]
[INFO] 2017-01-04 09:50:22 [redispool] [./sprj/util/util.lua:13] Activity Redis DBC[9]
[INFO] 2017-01-04 09:50:22 [redispool] [./sprj/util/util.lua:13] Activity Redis DBC[10]
[INFO] 2017-01-04 09:50:22 [redispool] [./sprj/util/util.lua:13] Activity Redis DBC[11]
[INFO] 2017-01-04 09:50:22 [redispool] [./sprj/util/util.lua:13] Activity Redis DBC[12]
[INFO] 2017-01-04 09:50:22 [redispool] [./sprj/util/util.lua:13] Activity Redis DBC[13]
[INFO] 2017-01-04 09:50:22 [redispool] [./sprj/util/util.lua:13] Activity Redis DBC[14]
[INFO] 2017-01-04 09:50:22 [redispool] [./sprj/util/util.lua:13] Activity Redis DBC[0]
[INFO] 2017-01-04 09:50:22 [mysqlpool] [./sprj/util/util.lua:13] Activity MySQL DBC[32]
[INFO] 2017-01-04 09:50:22 [mysqlpool] [./sprj/util/util.lua:13] Activity MySQL DBC[34]
[INFO] 2017-01-04 09:50:22 [mysqlpool] [./sprj/util/util.lua:13] Activity MySQL DBC[33]
[INFO] 2017-01-04 09:50:22 [mysqlpool] [./sprj/util/util.lua:13] Activity MySQL DBC[29]
[INFO] 2017-01-04 09:50:22 [mysqlpool] [./sprj/util/util.lua:13] Activity MySQL DBC[20]
[INFO] 2017-01-04 09:50:22 [mysqlpool] [./sprj/util/util.lua:13] Activity MySQL DBC[21]
[INFO] 2017-01-04 09:50:22 [mysqlpool] [./sprj/util/util.lua:13] Activity MySQL DBC[22]
[INFO] 2017-01-04 09:50:22 [mysqlpool] [./sprj/util/util.lua:13] Activity MySQL DBC[23]
[INFO] 2017-01-04 09:50:22 [mysqlpool] [./sprj/util/util.lua:13] Activity MySQL DBC[24]
[INFO] 2017-01-04 09:50:22 [mysqlpool] [./sprj/util/util.lua:13] Activity MySQL DBC[25]
[INFO] 2017-01-04 09:50:22 [mysqlpool] [./sprj/util/util.lua:13] Activity MySQL DBC[26]
[INFO] 2017-01-04 09:50:22 [mysqlpool] [./sprj/util/util.lua:13] Activity MySQL DBC[27]
[INFO] 2017-01-04 09:50:22 [mysqlpool] [./sprj/util/util.lua:13] Activity MySQL DBC[28]
[INFO] 2017-01-04 09:50:22 [mysqlpool] [./sprj/util/util.lua:13] Activity MySQL DBC[30]
[INFO] 2017-01-04 09:50:22 [mysqlpool] [./sprj/util/util.lua:13] Activity MySQL DBC[31]
[INFO] 2017-01-04 10:50:22 [redispool] [./sprj/util/util.lua:13] Activity Redis DBC[1]
[INFO] 2017-01-04 10:50:22 [redispool] [./sprj/util/util.lua:13] Activity Redis DBC[2]
[INFO] 2017-01-04 10:50:22 [redispool] [./sprj/util/util.lua:13] Activity Redis DBC[3]
[INFO] 2017-01-04 10:50:22 [redispool] [./sprj/util/util.lua:13] Activity Redis DBC[4]
[INFO] 2017-01-04 10:50:22 [redispool] [./sprj/util/util.lua:13] Activity Redis DBC[5]
[INFO] 2017-01-04 10:50:22 [redispool] [./sprj/util/util.lua:13] Activity Redis DBC[6]
[INFO] 2017-01-04 10:50:22 [redispool] [./sprj/util/util.lua:13] Activity Redis DBC[7]
[INFO] 2017-01-04 10:50:22 [redispool] [./sprj/util/util.lua:13] Activity Redis DBC[8]
[INFO] 2017-01-04 10:50:22 [redispool] [./sprj/util/util.lua:13] Activity Redis DBC[9]
[INFO] 2017-01-04 10:50:22 [redispool] [./sprj/util/util.lua:13] Activity Redis DBC[10]
[INFO] 2017-01-04 10:50:22 [redispool] [./sprj/util/util.lua:13] Activity Redis DBC[11]
[INFO] 2017-01-04 10:50:22 [redispool] [./sprj/util/util.lua:13] Activity Redis DBC[12]
[INFO] 2017-01-04 10:50:22 [redispool] [./sprj/util/util.lua:13] Activity Redis DBC[13]
[INFO] 2017-01-04 10:50:22 [redispool] [./sprj/util/util.lua:13] Activity Redis DBC[14]
[INFO] 2017-01-04 10:50:22 [redispool] [./sprj/util/util.lua:13] Activity Redis DBC[0]
[INFO] 2017-01-04 10:50:22 [mysqlpool] [./sprj/util/util.lua:13] Activity MySQL DBC[32]
[INFO] 2017-01-04 10:50:22 [mysqlpool] [./sprj/util/util.lua:13] Activity MySQL DBC[34]
[INFO] 2017-01-04 10:50:22 [mysqlpool] [./sprj/util/util.lua:13] Activity MySQL DBC[33]
[INFO] 2017-01-04 10:50:22 [mysqlpool] [./sprj/util/util.lua:13] Activity MySQL DBC[29]
[INFO] 2017-01-04 10:50:22 [mysqlpool] [./sprj/util/util.lua:13] Activity MySQL DBC[20]
[INFO] 2017-01-04 10:50:22 [mysqlpool] [./sprj/util/util.lua:13] Activity MySQL DBC[21]
[INFO] 2017-01-04 10:50:22 [mysqlpool] [./sprj/util/util.lua:13] Activity MySQL DBC[22]
[INFO] 2017-01-04 10:50:22 [mysqlpool] [./sprj/util/util.lua:13] Activity MySQL DBC[23]
[INFO] 2017-01-04 10:50:22 [mysqlpool] [./sprj/util/util.lua:13] Activity MySQL DBC[24]
[INFO] 2017-01-04 10:50:22 [mysqlpool] [./sprj/util/util.lua:13] Activity MySQL DBC[25]
[INFO] 2017-01-04 10:50:22 [mysqlpool] [./sprj/util/util.lua:13] Activity MySQL DBC[26]
[INFO] 2017-01-04 10:50:22 [mysqlpool] [./sprj/util/util.lua:13] Activity MySQL DBC[27]
[INFO] 2017-01-04 10:50:22 [mysqlpool] [./sprj/util/util.lua:13] Activity MySQL DBC[28]
[INFO] 2017-01-04 10:50:22 [mysqlpool] [./sprj/util/util.lua:13] Activity MySQL DBC[30]
[INFO] 2017-01-04 10:50:22 [mysqlpool] [./sprj/util/util.lua:13] Activity MySQL DBC[31]
[INFO] 2017-01-04 11:50:22 [redispool] [./sprj/util/util.lua:13] Activity Redis DBC[1]
[INFO] 2017-01-04 11:50:22 [redispool] [./sprj/util/util.lua:13] Activity Redis DBC[2]
[INFO] 2017-01-04 11:50:22 [redispool] [./sprj/util/util.lua:13] Activity Redis DBC[3]
[INFO] 2017-01-04 11:50:22 [redispool] [./sprj/util/util.lua:13] Activity Redis DBC[4]
[INFO] 2017-01-04 11:50:22 [redispool] [./sprj/util/util.lua:13] Activity Redis DBC[5]
[INFO] 2017-01-04 11:50:22 [redispool] [./sprj/util/util.lua:13] Activity Redis DBC[6]
[INFO] 2017-01-04 11:50:22 [redispool] [./sprj/util/util.lua:13] Activity Redis DBC[7]
[INFO] 2017-01-04 11:50:22 [redispool] [./sprj/util/util.lua:13] Activity Redis DBC[8]
[INFO] 2017-01-04 11:50:22 [redispool] [./sprj/util/util.lua:13] Activity Redis DBC[9]
[INFO] 2017-01-04 11:50:22 [redispool] [./sprj/util/util.lua:13] Activity Redis DBC[10]
[INFO] 2017-01-04 11:50:22 [redispool] [./sprj/util/util.lua:13] Activity Redis DBC[11]
[INFO] 2017-01-04 11:50:22 [redispool] [./sprj/util/util.lua:13] Activity Redis DBC[12]
[INFO] 2017-01-04 11:50:22 [redispool] [./sprj/util/util.lua:13] Activity Redis DBC[13]
[INFO] 2017-01-04 11:50:22 [redispool] [./sprj/util/util.lua:13] Activity Redis DBC[14]
[INFO] 2017-01-04 11:50:22 [redispool] [./sprj/util/util.lua:13] Activity Redis DBC[0]
[INFO] 2017-01-04 11:50:22 [mysqlpool] [./sprj/util/util.lua:13] Activity MySQL DBC[32]
[INFO] 2017-01-04 11:50:22 [mysqlpool] [./sprj/util/util.lua:13] Activity MySQL DBC[34]
[INFO] 2017-01-04 11:50:22 [mysqlpool] [./sprj/util/util.lua:13] Activity MySQL DBC[33]
[INFO] 2017-01-04 11:50:22 [mysqlpool] [./sprj/util/util.lua:13] Activity MySQL DBC[29]
[INFO] 2017-01-04 11:50:22 [mysqlpool] [./sprj/util/util.lua:13] Activity MySQL DBC[20]
[INFO] 2017-01-04 11:50:22 [mysqlpool] [./sprj/util/util.lua:13] Activity MySQL DBC[21]
[INFO] 2017-01-04 11:50:22 [mysqlpool] [./sprj/util/util.lua:13] Activity MySQL DBC[22]
[INFO] 2017-01-04 11:50:22 [mysqlpool] [./sprj/util/util.lua:13] Activity MySQL DBC[23]
[INFO] 2017-01-04 11:50:22 [mysqlpool] [./sprj/util/util.lua:13] Activity MySQL DBC[24]
[INFO] 2017-01-04 11:50:22 [mysqlpool] [./sprj/util/util.lua:13] Activity MySQL DBC[25]
[INFO] 2017-01-04 11:50:22 [mysqlpool] [./sprj/util/util.lua:13] Activity MySQL DBC[26]
[INFO] 2017-01-04 11:50:22 [mysqlpool] [./sprj/util/util.lua:13] Activity MySQL DBC[27]
[INFO] 2017-01-04 11:50:22 [mysqlpool] [./sprj/util/util.lua:13] Activity MySQL DBC[28]
[INFO] 2017-01-04 11:50:22 [mysqlpool] [./sprj/util/util.lua:13] Activity MySQL DBC[30]
[INFO] 2017-01-04 11:50:22 [mysqlpool] [./sprj/util/util.lua:13] Activity MySQL DBC[31]
