[INFO] 2017-01-03 17:09:00 [login] [./sprj/util/util.lua:13] Auth step[1]
[INFO] 2017-01-03 17:09:00 [login] [./sprj/util/util.lua:13] Auth step[2]
[INFO] 2017-01-03 17:09:00 [login] [./sprj/util/util.lua:13] Auth step[3]
[INFO] 2017-01-03 17:09:00 [login] [./sprj/util/util.lua:13] Launch sql[select * from user where username='dd' and password='dd']
[INFO] 2017-01-03 17:09:06 [login] [./sprj/util/util.lua:13] Auth step[1]
[INFO] 2017-01-03 17:09:06 [login] [./sprj/util/util.lua:13] Auth step[2]
[INFO] 2017-01-03 17:09:06 [login] [./sprj/util/util.lua:13] Auth step[3]
[INFO] 2017-01-03 17:09:06 [login] [./sprj/util/util.lua:13] Launch sql[select * from user where username='dd' and password='dd']
[INFO] 2017-01-03 17:09:10 [login] [./sprj/util/util.lua:13] Auth step[1]
[INFO] 2017-01-03 17:09:10 [login] [./sprj/util/util.lua:13] Auth step[2]
[INFO] 2017-01-03 17:09:10 [login] [./sprj/util/util.lua:13] Auth step[3]
[INFO] 2017-01-03 17:09:10 [login] [./sprj/util/util.lua:13] Launch sql[select * from user where username='dd' and password='dd']
[INFO] 2017-01-03 17:09:15 [login] [./sprj/util/util.lua:13] Auth step[1]
[INFO] 2017-01-03 17:09:15 [login] [./sprj/util/util.lua:13] Auth step[2]
[INFO] 2017-01-03 17:09:15 [login] [./sprj/util/util.lua:13] Auth step[3]
[INFO] 2017-01-03 17:09:15 [login] [./sprj/util/util.lua:13] Launch sql[select * from user where username='dd' and password='dd']
[INFO] 2017-01-03 17:09:19 [login] [./sprj/util/util.lua:13] Auth step[1]
[INFO] 2017-01-03 17:09:19 [login] [./sprj/util/util.lua:13] Auth step[2]
[INFO] 2017-01-03 17:09:19 [login] [./sprj/util/util.lua:13] Auth step[3]
[INFO] 2017-01-03 17:09:19 [login] [./sprj/util/util.lua:13] Launch sql[select * from user where username='dd' and password='dd']
[INFO] 2017-01-03 17:09:25 [login] [./sprj/util/util.lua:13] Auth step[1]
[INFO] 2017-01-03 17:09:25 [login] [./sprj/util/util.lua:13] Auth step[2]
[INFO] 2017-01-03 17:09:25 [login] [./sprj/util/util.lua:13] Auth step[3]
[INFO] 2017-01-03 17:09:25 [login] [./sprj/util/util.lua:13] Launch sql[select * from user where username='dd' and password='dd']
[INFO] 2017-01-03 17:09:29 [login] [./sprj/util/util.lua:13] Auth step[1]
[INFO] 2017-01-03 17:09:29 [login] [./sprj/util/util.lua:13] Auth step[2]
[INFO] 2017-01-03 17:09:29 [login] [./sprj/util/util.lua:13] Auth step[3]
[INFO] 2017-01-03 17:09:29 [login] [./sprj/util/util.lua:13] Launch sql[select * from user where username='dd' and password='d']
[INFO] 2017-01-03 17:09:52 [login] [./sprj/util/util.lua:13] Auth step[1]
[INFO] 2017-01-03 17:09:52 [login] [./sprj/util/util.lua:13] Auth step[2]
[INFO] 2017-01-03 17:09:52 [login] [./sprj/util/util.lua:13] Auth step[3]
[INFO] 2017-01-03 17:09:52 [login] [./sprj/util/util.lua:13] Launch sql[select * from user where username='d' and password='d']
[INFO] 2017-01-03 17:09:56 [login] [./sprj/util/util.lua:13] Auth step[1]
[INFO] 2017-01-03 17:09:56 [login] [./sprj/util/util.lua:13] Auth step[2]
[INFO] 2017-01-03 17:09:56 [login] [./sprj/util/util.lua:13] Auth step[3]
[INFO] 2017-01-03 17:09:56 [login] [./sprj/util/util.lua:13] Launch sql[select * from user where username='d' and password='d']
[INFO] 2017-01-03 17:10:02 [login] [./sprj/util/util.lua:13] Auth step[1]
[INFO] 2017-01-03 17:10:02 [login] [./sprj/util/util.lua:13] Auth step[2]
[INFO] 2017-01-03 17:10:02 [login] [./sprj/util/util.lua:13] Auth step[3]
[INFO] 2017-01-03 17:10:02 [login] [./sprj/util/util.lua:13] Launch sql[select * from user where username='d' and password='d']
[INFO] 2017-01-03 17:10:06 [login] [./sprj/util/util.lua:13] Auth step[1]
[INFO] 2017-01-03 17:10:06 [login] [./sprj/util/util.lua:13] Auth step[2]
[INFO] 2017-01-03 17:10:06 [login] [./sprj/util/util.lua:13] Auth step[3]
[INFO] 2017-01-03 17:10:06 [login] [./sprj/util/util.lua:13] Launch sql[select * from user where username='d' and password='d']
[INFO] 2017-01-03 17:10:09 [login] [./sprj/util/util.lua:13] Auth step[1]
[INFO] 2017-01-03 17:10:09 [login] [./sprj/util/util.lua:13] Auth step[2]
[INFO] 2017-01-03 17:10:09 [login] [./sprj/util/util.lua:13] Auth step[3]
[INFO] 2017-01-03 17:10:09 [login] [./sprj/util/util.lua:13] Launch sql[select * from user where username='d' and password='d']
[INFO] 2017-01-03 17:10:13 [login] [./sprj/util/util.lua:13] Auth step[1]
[INFO] 2017-01-03 17:10:13 [login] [./sprj/util/util.lua:13] Auth step[2]
[INFO] 2017-01-03 17:10:13 [login] [./sprj/util/util.lua:13] Auth step[3]
[INFO] 2017-01-03 17:10:13 [login] [./sprj/util/util.lua:13] Launch sql[select * from user where username='d' and password='d']
[INFO] 2017-01-03 17:10:36 [login] [./sprj/util/util.lua:13] Auth step[1]
[INFO] 2017-01-03 17:10:36 [login] [./sprj/util/util.lua:13] Auth step[2]
[INFO] 2017-01-03 17:10:36 [login] [./sprj/util/util.lua:13] Auth step[3]
[INFO] 2017-01-03 17:10:36 [login] [./sprj/util/util.lua:13] Launch sql[select * from user where username='d' and password='d']
[INFO] 2017-01-03 17:10:39 [login] [./sprj/util/util.lua:13] Auth step[1]
[INFO] 2017-01-03 17:10:39 [login] [./sprj/util/util.lua:13] Auth step[2]
[INFO] 2017-01-03 17:10:39 [login] [./sprj/util/util.lua:13] Auth step[3]
[INFO] 2017-01-03 17:10:39 [login] [./sprj/util/util.lua:13] Launch sql[select * from user where username='d' and password='d']
[INFO] 2017-01-03 17:10:44 [login] [./sprj/util/util.lua:13] Auth step[1]
[INFO] 2017-01-03 17:10:44 [login] [./sprj/util/util.lua:13] Auth step[2]
[INFO] 2017-01-03 17:10:44 [login] [./sprj/util/util.lua:13] Auth step[3]
[INFO] 2017-01-03 17:10:44 [login] [./sprj/util/util.lua:13] Launch sql[select * from user where username='d' and password='d']
[INFO] 2017-01-03 17:10:48 [login] [./sprj/util/util.lua:13] Auth step[1]
[INFO] 2017-01-03 17:10:48 [login] [./sprj/util/util.lua:13] Auth step[2]
[INFO] 2017-01-03 17:10:48 [login] [./sprj/util/util.lua:13] Auth step[3]
[INFO] 2017-01-03 17:10:48 [login] [./sprj/util/util.lua:13] Launch sql[select * from user where username='d' and password='d']
[INFO] 2017-01-03 17:11:12 [login] [./sprj/util/util.lua:13] Auth step[1]
[INFO] 2017-01-03 17:11:12 [login] [./sprj/util/util.lua:13] Auth step[2]
[INFO] 2017-01-03 17:11:12 [login] [./sprj/util/util.lua:13] Auth step[3]
[INFO] 2017-01-03 17:11:12 [login] [./sprj/util/util.lua:13] Launch sql[select * from user where username='d' and password='d']
[INFO] 2017-01-03 17:11:17 [login] [./sprj/util/util.lua:13] Auth step[1]
[INFO] 2017-01-03 17:11:17 [login] [./sprj/util/util.lua:13] Auth step[2]
[INFO] 2017-01-03 17:11:17 [login] [./sprj/util/util.lua:13] Auth step[3]
[INFO] 2017-01-03 17:11:17 [login] [./sprj/util/util.lua:13] Launch sql[select * from user where username='d' and password='d']
[INFO] 2017-01-03 17:11:24 [login] [./sprj/util/util.lua:13] Auth step[1]
[INFO] 2017-01-03 17:11:24 [login] [./sprj/util/util.lua:13] Auth step[2]
[INFO] 2017-01-03 17:11:24 [login] [./sprj/util/util.lua:13] Auth step[3]
[INFO] 2017-01-03 17:11:24 [login] [./sprj/util/util.lua:13] Launch sql[select * from user where username='d' and password='d']
[INFO] 2017-01-03 17:29:36 [login] [./sprj/util/util.lua:13] Auth step[1]
[INFO] 2017-01-03 17:29:36 [login] [./sprj/util/util.lua:13] Auth step[2]
[INFO] 2017-01-03 17:29:36 [login] [./sprj/util/util.lua:13] Auth step[3]
[INFO] 2017-01-03 17:29:36 [login] [./sprj/util/util.lua:13] Launch sql[select * from user where username='dd' and password='dd']
[INFO] 2017-01-03 17:30:34 [login] [./sprj/util/util.lua:13] Auth step[1]
[INFO] 2017-01-03 17:30:34 [login] [./sprj/util/util.lua:13] Auth step[2]
[INFO] 2017-01-03 17:30:34 [login] [./sprj/util/util.lua:13] Auth step[3]
[INFO] 2017-01-03 17:30:34 [login] [./sprj/util/util.lua:13] Launch sql[select * from user where username='dd' and password='dd']
[INFO] 2017-01-03 17:30:44 [login] [./sprj/util/util.lua:13] Auth step[1]
[INFO] 2017-01-03 17:30:44 [login] [./sprj/util/util.lua:13] Auth step[2]
[INFO] 2017-01-03 17:30:44 [login] [./sprj/util/util.lua:13] Auth step[3]
[INFO] 2017-01-03 17:30:44 [login] [./sprj/util/util.lua:13] Launch sql[select * from user where username='dd' and password='dd']
[INFO] 2017-01-03 17:30:46 [login] [./sprj/util/util.lua:13] Auth step[1]
[INFO] 2017-01-03 17:30:46 [login] [./sprj/util/util.lua:13] Auth step[2]
[INFO] 2017-01-03 17:30:46 [login] [./sprj/util/util.lua:13] Auth step[3]
[INFO] 2017-01-03 17:30:46 [login] [./sprj/util/util.lua:13] Launch sql[select * from user where username='d' and password='d']
[INFO] 2017-01-03 17:30:49 [login] [./sprj/util/util.lua:13] Auth step[1]
[INFO] 2017-01-03 17:30:49 [login] [./sprj/util/util.lua:13] Auth step[2]
[INFO] 2017-01-03 17:30:49 [login] [./sprj/util/util.lua:13] Auth step[3]
[INFO] 2017-01-03 17:30:49 [login] [./sprj/util/util.lua:13] Launch sql[select * from user where username='d' and password='d']
[INFO] 2017-01-03 17:30:53 [login] [./sprj/util/util.lua:13] Auth step[1]
[INFO] 2017-01-03 17:30:53 [login] [./sprj/util/util.lua:13] Auth step[2]
[INFO] 2017-01-03 17:30:53 [login] [./sprj/util/util.lua:13] Auth step[3]
[INFO] 2017-01-03 17:30:53 [login] [./sprj/util/util.lua:13] Launch sql[select * from user where username='d' and password='d']
[INFO] 2017-01-03 17:30:58 [login] [./sprj/util/util.lua:13] Auth step[1]
[INFO] 2017-01-03 17:30:58 [login] [./sprj/util/util.lua:13] Auth step[2]
[INFO] 2017-01-03 17:30:58 [login] [./sprj/util/util.lua:13] Auth step[3]
[INFO] 2017-01-03 17:30:58 [login] [./sprj/util/util.lua:13] Launch sql[select * from user where username='d' and password='d']
[INFO] 2017-01-03 17:31:02 [login] [./sprj/util/util.lua:13] Auth step[1]
[INFO] 2017-01-03 17:31:02 [login] [./sprj/util/util.lua:13] Auth step[2]
[INFO] 2017-01-03 17:31:02 [login] [./sprj/util/util.lua:13] Auth step[3]
[INFO] 2017-01-03 17:31:02 [login] [./sprj/util/util.lua:13] Launch sql[select * from user where username='d' and password='d']
[INFO] 2017-01-03 17:31:05 [login] [./sprj/util/util.lua:13] Auth step[1]
[INFO] 2017-01-03 17:31:05 [login] [./sprj/util/util.lua:13] Auth step[2]
[INFO] 2017-01-03 17:31:05 [login] [./sprj/util/util.lua:13] Auth step[3]
[INFO] 2017-01-03 17:31:05 [login] [./sprj/util/util.lua:13] Launch sql[select * from user where username='d' and password='d']
[INFO] 2017-01-03 17:31:09 [login] [./sprj/util/util.lua:13] Auth step[1]
[INFO] 2017-01-03 17:31:09 [login] [./sprj/util/util.lua:13] Auth step[2]
[INFO] 2017-01-03 17:31:09 [login] [./sprj/util/util.lua:13] Auth step[3]
[INFO] 2017-01-03 17:31:09 [login] [./sprj/util/util.lua:13] Launch sql[select * from user where username='d' and password='d']
[INFO] 2017-01-03 17:31:12 [login] [./sprj/util/util.lua:13] Auth step[1]
[INFO] 2017-01-03 17:31:12 [login] [./sprj/util/util.lua:13] Auth step[2]
[INFO] 2017-01-03 17:31:12 [login] [./sprj/util/util.lua:13] Auth step[3]
[INFO] 2017-01-03 17:31:12 [login] [./sprj/util/util.lua:13] Launch sql[select * from user where username='d' and password='d']
[INFO] 2017-01-03 17:31:16 [login] [./sprj/util/util.lua:13] Auth step[1]
[INFO] 2017-01-03 17:31:16 [login] [./sprj/util/util.lua:13] Auth step[2]
[INFO] 2017-01-03 17:31:16 [login] [./sprj/util/util.lua:13] Auth step[3]
[INFO] 2017-01-03 17:31:16 [login] [./sprj/util/util.lua:13] Launch sql[select * from user where username='d' and password='d']
[INFO] 2017-01-03 17:31:23 [login] [./sprj/util/util.lua:13] Auth step[1]
[INFO] 2017-01-03 17:31:23 [login] [./sprj/util/util.lua:13] Auth step[2]
[INFO] 2017-01-03 17:31:23 [login] [./sprj/util/util.lua:13] Auth step[3]
[INFO] 2017-01-03 17:31:23 [login] [./sprj/util/util.lua:13] Launch sql[select * from user where username='d' and password='d']
[INFO] 2017-01-03 17:31:26 [login] [./sprj/util/util.lua:13] Auth step[1]
[INFO] 2017-01-03 17:31:26 [login] [./sprj/util/util.lua:13] Auth step[2]
[INFO] 2017-01-03 17:31:26 [login] [./sprj/util/util.lua:13] Auth step[3]
[INFO] 2017-01-03 17:31:26 [login] [./sprj/util/util.lua:13] Launch sql[select * from user where username='d' and password='d']
[INFO] 2017-01-03 17:32:24 [login] [./sprj/util/util.lua:13] Auth step[1]
[INFO] 2017-01-03 17:32:24 [login] [./sprj/util/util.lua:13] Auth step[2]
[INFO] 2017-01-03 17:32:24 [login] [./sprj/util/util.lua:13] Auth step[3]
[INFO] 2017-01-03 17:32:24 [login] [./sprj/util/util.lua:13] Launch sql[select * from user where username='d' and password='d']
[INFO] 2017-01-03 17:32:30 [login] [./sprj/util/util.lua:13] Auth step[1]
[INFO] 2017-01-03 17:32:30 [login] [./sprj/util/util.lua:13] Auth step[2]
[INFO] 2017-01-03 17:32:30 [login] [./sprj/util/util.lua:13] Auth step[3]
[INFO] 2017-01-03 17:32:30 [login] [./sprj/util/util.lua:13] Launch sql[select * from user where username='d' and password='d']
[INFO] 2017-01-03 17:35:10 [login] [./sprj/util/util.lua:13] Auth step[1]
[INFO] 2017-01-03 17:35:10 [login] [./sprj/util/util.lua:13] Auth step[2]
[INFO] 2017-01-03 17:35:10 [login] [./sprj/util/util.lua:13] Auth step[3]
[INFO] 2017-01-03 17:35:10 [login] [./sprj/util/util.lua:13] Launch sql[select * from user where username='dd' and password='dd']
[INFO] 2017-01-03 17:35:14 [login] [./sprj/util/util.lua:13] Auth step[1]
[INFO] 2017-01-03 17:35:14 [login] [./sprj/util/util.lua:13] Auth step[2]
[INFO] 2017-01-03 17:35:14 [login] [./sprj/util/util.lua:13] Auth step[3]
[INFO] 2017-01-03 17:35:14 [login] [./sprj/util/util.lua:13] Launch sql[select * from user where username='dd' and password='dd']
[INFO] 2017-01-03 17:35:18 [login] [./sprj/util/util.lua:13] Auth step[1]
[INFO] 2017-01-03 17:35:18 [login] [./sprj/util/util.lua:13] Auth step[2]
[INFO] 2017-01-03 17:35:18 [login] [./sprj/util/util.lua:13] Auth step[3]
[INFO] 2017-01-03 17:35:18 [login] [./sprj/util/util.lua:13] Launch sql[select * from user where username='dd' and password='[A']
[INFO] 2017-01-03 17:35:23 [login] [./sprj/util/util.lua:13] Auth step[1]
[INFO] 2017-01-03 17:35:23 [login] [./sprj/util/util.lua:13] Auth step[2]
[INFO] 2017-01-03 17:35:23 [login] [./sprj/util/util.lua:13] Auth step[3]
[INFO] 2017-01-03 17:35:23 [login] [./sprj/util/util.lua:13] Launch sql[select * from user where username='dd' and password='d']
[INFO] 2017-01-03 17:41:19 [login] [./sprj/util/util.lua:13] Auth step[1]
[INFO] 2017-01-03 17:41:19 [login] [./sprj/util/util.lua:13] Auth step[2]
[INFO] 2017-01-03 17:41:19 [login] [./sprj/util/util.lua:13] Auth step[3]
[INFO] 2017-01-03 17:41:19 [login] [./sprj/util/util.lua:13] Launch sql[select * from user where username='d' and password='d']
[INFO] 2017-01-03 17:41:25 [login] [./sprj/util/util.lua:13] Auth step[1]
[INFO] 2017-01-03 17:41:25 [login] [./sprj/util/util.lua:13] Auth step[2]
[INFO] 2017-01-03 17:41:25 [login] [./sprj/util/util.lua:13] Auth step[3]
[INFO] 2017-01-03 17:41:25 [login] [./sprj/util/util.lua:13] Launch sql[select * from user where username='dd' and password='dd']
[INFO] 2017-01-03 17:41:31 [login] [./sprj/util/util.lua:13] Auth step[1]
[INFO] 2017-01-03 17:41:31 [login] [./sprj/util/util.lua:13] Auth step[2]
[INFO] 2017-01-03 17:41:31 [login] [./sprj/util/util.lua:13] Auth step[3]
[INFO] 2017-01-03 17:41:31 [login] [./sprj/util/util.lua:13] Launch sql[select * from user where username='d' and password='d']
[INFO] 2017-01-03 17:41:35 [login] [./sprj/util/util.lua:13] Auth step[1]
[INFO] 2017-01-03 17:41:35 [login] [./sprj/util/util.lua:13] Auth step[2]
[INFO] 2017-01-03 17:41:35 [login] [./sprj/util/util.lua:13] Auth step[3]
[INFO] 2017-01-03 17:41:35 [login] [./sprj/util/util.lua:13] Launch sql[select * from user where username='d' and password='d']
[INFO] 2017-01-03 17:41:39 [login] [./sprj/util/util.lua:13] Auth step[1]
[INFO] 2017-01-03 17:41:39 [login] [./sprj/util/util.lua:13] Auth step[2]
[INFO] 2017-01-03 17:41:39 [login] [./sprj/util/util.lua:13] Auth step[3]
[INFO] 2017-01-03 17:41:39 [login] [./sprj/util/util.lua:13] Launch sql[select * from user where username='d' and password='d']
[INFO] 2017-01-03 17:41:43 [login] [./sprj/util/util.lua:13] Auth step[1]
[INFO] 2017-01-03 17:41:43 [login] [./sprj/util/util.lua:13] Auth step[2]
[INFO] 2017-01-03 17:41:43 [login] [./sprj/util/util.lua:13] Auth step[3]
[INFO] 2017-01-03 17:41:43 [login] [./sprj/util/util.lua:13] Launch sql[select * from user where username='d' and password='d']
[INFO] 2017-01-03 17:41:46 [login] [./sprj/util/util.lua:13] Auth step[1]
[INFO] 2017-01-03 17:41:46 [login] [./sprj/util/util.lua:13] Auth step[2]
[INFO] 2017-01-03 17:41:46 [login] [./sprj/util/util.lua:13] Auth step[3]
[INFO] 2017-01-03 17:41:46 [login] [./sprj/util/util.lua:13] Launch sql[select * from user where username='d' and password='d']
[INFO] 2017-01-03 17:41:50 [login] [./sprj/util/util.lua:13] Auth step[1]
[INFO] 2017-01-03 17:41:50 [login] [./sprj/util/util.lua:13] Auth step[2]
[INFO] 2017-01-03 17:41:50 [login] [./sprj/util/util.lua:13] Auth step[3]
[INFO] 2017-01-03 17:41:50 [login] [./sprj/util/util.lua:13] Launch sql[select * from user where username='d' and password='d']
[INFO] 2017-01-03 17:41:54 [login] [./sprj/util/util.lua:13] Auth step[1]
[INFO] 2017-01-03 17:41:54 [login] [./sprj/util/util.lua:13] Auth step[2]
[INFO] 2017-01-03 17:41:54 [login] [./sprj/util/util.lua:13] Auth step[3]
[INFO] 2017-01-03 17:41:54 [login] [./sprj/util/util.lua:13] Launch sql[select * from user where username='d' and password='d']
[INFO] 2017-01-03 17:41:58 [login] [./sprj/util/util.lua:13] Auth step[1]
[INFO] 2017-01-03 17:41:58 [login] [./sprj/util/util.lua:13] Auth step[2]
[INFO] 2017-01-03 17:41:58 [login] [./sprj/util/util.lua:13] Auth step[3]
[INFO] 2017-01-03 17:41:58 [login] [./sprj/util/util.lua:13] Launch sql[select * from user where username='d' and password='d']
