[INFO] 2016-12-29 10:02:16 [login] [./sprj/util/util.lua:13] Auth step[1]
[INFO] 2016-12-29 10:02:16 [login] [./sprj/util/util.lua:13] Auth step[2]
[INFO] 2016-12-29 10:02:16 [login] [./sprj/util/util.lua:13] Auth step[3]
[INFO] 2016-12-29 10:02:16 [login] [./sprj/util/util.lua:13] Launch sql[select * from user where username='interface' and password='interface']
[INFO] 2016-12-29 11:05:35 [login] [./sprj/util/util.lua:13] Auth step[1]
[INFO] 2016-12-29 11:05:35 [login] [./sprj/util/util.lua:13] Auth step[2]
[INFO] 2016-12-29 11:05:35 [login] [./sprj/util/util.lua:13] Auth step[3]
[INFO] 2016-12-29 11:05:35 [login] [./sprj/util/util.lua:13] Launch sql[select * from user where username='interface' and password='interface']
[INFO] 2016-12-29 11:13:31 [login] [./sprj/util/util.lua:13] Auth step[1]
[INFO] 2016-12-29 11:13:31 [login] [./sprj/util/util.lua:13] Auth step[2]
[INFO] 2016-12-29 11:13:31 [login] [./sprj/util/util.lua:13] Auth step[3]
[INFO] 2016-12-29 11:13:31 [login] [./sprj/util/util.lua:13] Launch sql[select * from user where username='interface' and password='interface']
[INFO] 2016-12-29 11:13:45 [login] [./sprj/util/util.lua:13] Auth step[1]
[INFO] 2016-12-29 11:13:45 [login] [./sprj/util/util.lua:13] Auth step[2]
[INFO] 2016-12-29 11:13:45 [login] [./sprj/util/util.lua:13] Auth step[3]
[INFO] 2016-12-29 11:13:45 [login] [./sprj/util/util.lua:13] Launch sql[select * from user where username='interface' and password='interface']
[INFO] 2016-12-29 11:25:32 [login] [./sprj/util/util.lua:13] Auth step[1]
[INFO] 2016-12-29 11:25:32 [login] [./sprj/util/util.lua:13] Auth step[2]
[INFO] 2016-12-29 11:25:32 [login] [./sprj/util/util.lua:13] Auth step[3]
[INFO] 2016-12-29 11:25:32 [login] [./sprj/util/util.lua:13] Launch sql[select * from user where username='interface' and password='interface']
[INFO] 2016-12-29 11:26:58 [login] [./sprj/util/util.lua:13] Auth step[1]
[INFO] 2016-12-29 11:26:58 [login] [./sprj/util/util.lua:13] Auth step[2]
[INFO] 2016-12-29 11:26:58 [login] [./sprj/util/util.lua:13] Auth step[3]
[INFO] 2016-12-29 11:26:58 [login] [./sprj/util/util.lua:13] Launch sql[select * from user where username='interface' and password='interface']
[INFO] 2016-12-29 11:32:51 [login] [./sprj/util/util.lua:13] Auth step[1]
[INFO] 2016-12-29 11:32:51 [login] [./sprj/util/util.lua:13] Auth step[2]
[INFO] 2016-12-29 11:32:51 [login] [./sprj/util/util.lua:13] Auth step[3]
[INFO] 2016-12-29 11:32:51 [login] [./sprj/util/util.lua:13] Launch sql[select * from user where username='interface' and password='interface']
[INFO] 2016-12-29 11:33:29 [login] [./sprj/util/util.lua:13] Auth step[1]
[INFO] 2016-12-29 11:33:29 [login] [./sprj/util/util.lua:13] Auth step[2]
[INFO] 2016-12-29 11:33:29 [login] [./sprj/util/util.lua:13] Auth step[3]
[INFO] 2016-12-29 11:33:29 [login] [./sprj/util/util.lua:13] Launch sql[select * from user where username='interface' and password='interface']
[INFO] 2016-12-29 11:35:07 [login] [./sprj/util/util.lua:13] Auth step[1]
[INFO] 2016-12-29 11:35:07 [login] [./sprj/util/util.lua:13] Auth step[2]
[INFO] 2016-12-29 11:35:07 [login] [./sprj/util/util.lua:13] Auth step[3]
[INFO] 2016-12-29 11:35:07 [login] [./sprj/util/util.lua:13] Launch sql[select * from user where username='interface' and password='interface']
[INFO] 2016-12-29 11:35:07 [login] [./sprj/util/util.lua:13] User
[INFO] 2016-12-29 11:37:59 [login] [./sprj/util/util.lua:13] Auth step[1]
[INFO] 2016-12-29 11:37:59 [login] [./sprj/util/util.lua:13] Auth step[2]
[INFO] 2016-12-29 11:37:59 [login] [./sprj/util/util.lua:13] Auth step[3]
[INFO] 2016-12-29 11:37:59 [login] [./sprj/util/util.lua:13] Launch sql[select * from user where username='interface' and password='interface']
[INFO] 2016-12-29 11:37:59 [login] [./sprj/util/util.lua:13] User[interface]
[INFO] 2016-12-29 11:42:21 [login] [./sprj/util/util.lua:13] Auth step[1]
[INFO] 2016-12-29 11:42:21 [login] [./sprj/util/util.lua:13] Auth step[2]
[INFO] 2016-12-29 11:42:21 [login] [./sprj/util/util.lua:13] Auth step[3]
[INFO] 2016-12-29 11:42:21 [login] [./sprj/util/util.lua:13] Launch sql[select * from user where username='interface' and password='interface']
[INFO] 2016-12-29 11:49:11 [login] [./sprj/util/util.lua:13] Auth step[1]
[INFO] 2016-12-29 11:49:11 [login] [./sprj/util/util.lua:13] Auth step[2]
[INFO] 2016-12-29 11:49:11 [login] [./sprj/util/util.lua:13] Auth step[3]
[INFO] 2016-12-29 11:49:11 [login] [./sprj/util/util.lua:13] Launch sql[select * from user where username='interface' and password='interface']
[INFO] 2016-12-29 11:51:35 [login] [./sprj/util/util.lua:13] Auth step[1]
[INFO] 2016-12-29 11:51:35 [login] [./sprj/util/util.lua:13] Auth step[2]
[INFO] 2016-12-29 11:51:35 [login] [./sprj/util/util.lua:13] Auth step[3]
[INFO] 2016-12-29 11:51:35 [login] [./sprj/util/util.lua:13] Launch sql[select * from user where username='interface' and password='interface']
[INFO] 2016-12-29 11:55:25 [login] [./sprj/util/util.lua:13] Auth step[1]
[INFO] 2016-12-29 11:55:25 [login] [./sprj/util/util.lua:13] Auth step[2]
[INFO] 2016-12-29 11:55:25 [login] [./sprj/util/util.lua:13] Auth step[3]
[INFO] 2016-12-29 11:55:25 [login] [./sprj/util/util.lua:13] Launch sql[select * from user where username='interface' and password='interface']
[INFO] 2016-12-29 12:02:08 [login] [./sprj/util/util.lua:13] Auth step[1]
[INFO] 2016-12-29 12:02:08 [login] [./sprj/util/util.lua:13] Auth step[2]
[INFO] 2016-12-29 12:02:08 [login] [./sprj/util/util.lua:13] Auth step[3]
[INFO] 2016-12-29 12:02:08 [login] [./sprj/util/util.lua:13] Launch sql[select * from user where username='interface' and password='interface']
[INFO] 2016-12-29 13:52:44 [login] [./sprj/util/util.lua:13] Auth step[1]
[INFO] 2016-12-29 13:52:44 [login] [./sprj/util/util.lua:13] Auth step[2]
[INFO] 2016-12-29 13:52:44 [login] [./sprj/util/util.lua:13] Auth step[3]
[INFO] 2016-12-29 13:52:44 [login] [./sprj/util/util.lua:13] Launch sql[select * from user where username='id' and password='dd']
[INFO] 2016-12-29 15:00:47 [login] [./sprj/util/util.lua:13] Auth step[1]
[INFO] 2016-12-29 15:00:47 [login] [./sprj/util/util.lua:13] Auth step[2]
[INFO] 2016-12-29 15:00:47 [login] [./sprj/util/util.lua:13] Auth step[3]
[INFO] 2016-12-29 15:00:47 [login] [./sprj/util/util.lua:13] Launch sql[select * from user where username='interface' and password='interface']
[INFO] 2016-12-29 16:02:57 [login] [./sprj/util/util.lua:13] Auth step[1]
[INFO] 2016-12-29 16:02:57 [login] [./sprj/util/util.lua:13] Auth step[2]
[INFO] 2016-12-29 16:02:57 [login] [./sprj/util/util.lua:13] Auth step[3]
[INFO] 2016-12-29 16:02:57 [login] [./sprj/util/util.lua:13] Launch sql[select * from user where username='interface' and password='interface']
[INFO] 2016-12-29 16:03:45 [login] [./sprj/util/util.lua:13] Auth step[1]
[INFO] 2016-12-29 16:03:45 [login] [./sprj/util/util.lua:13] Auth step[2]
[INFO] 2016-12-29 16:03:45 [login] [./sprj/util/util.lua:13] Auth step[3]
[INFO] 2016-12-29 16:03:45 [login] [./sprj/util/util.lua:13] Launch sql[select * from user where username='interface' and password='interface']
[INFO] 2016-12-29 16:08:43 [login] [./sprj/util/util.lua:13] Auth step[1]
[INFO] 2016-12-29 16:08:43 [login] [./sprj/util/util.lua:13] Auth step[2]
[INFO] 2016-12-29 16:08:43 [login] [./sprj/util/util.lua:13] Auth step[3]
[INFO] 2016-12-29 16:08:43 [login] [./sprj/util/util.lua:13] Launch sql[select * from user where username='interface' and password='interface']
[INFO] 2016-12-29 16:23:42 [login] [./sprj/util/util.lua:13] Auth step[1]
[INFO] 2016-12-29 16:23:42 [login] [./sprj/util/util.lua:13] Auth step[2]
[INFO] 2016-12-29 16:23:42 [login] [./sprj/util/util.lua:13] Auth step[3]
[INFO] 2016-12-29 16:23:42 [login] [./sprj/util/util.lua:13] Launch sql[select * from user where username='interface' and password='interface']
[INFO] 2016-12-29 16:35:26 [login] [./sprj/util/util.lua:13] Auth step[1]
[INFO] 2016-12-29 16:35:26 [login] [./sprj/util/util.lua:13] Auth step[2]
[INFO] 2016-12-29 16:35:26 [login] [./sprj/util/util.lua:13] Auth step[3]
[INFO] 2016-12-29 16:35:26 [login] [./sprj/util/util.lua:13] Launch sql[select * from user where username='interface' and password='interface']
[INFO] 2016-12-29 16:56:30 [login] [./sprj/util/util.lua:13] Auth step[1]
[INFO] 2016-12-29 16:56:30 [login] [./sprj/util/util.lua:13] Auth step[2]
[INFO] 2016-12-29 16:56:30 [login] [./sprj/util/util.lua:13] Auth step[3]
[INFO] 2016-12-29 16:56:30 [login] [./sprj/util/util.lua:13] Launch sql[select * from user where username='interface' and password='interface']
[INFO] 2016-12-29 16:58:30 [login] [./sprj/util/util.lua:13] Auth step[1]
[INFO] 2016-12-29 16:58:30 [login] [./sprj/util/util.lua:13] Auth step[2]
[INFO] 2016-12-29 16:58:30 [login] [./sprj/util/util.lua:13] Auth step[3]
[INFO] 2016-12-29 16:58:30 [login] [./sprj/util/util.lua:13] Launch sql[select * from user where username='interface' and password='interface']
[INFO] 2016-12-29 17:00:05 [login] [./sprj/util/util.lua:13] Auth step[1]
[INFO] 2016-12-29 17:00:05 [login] [./sprj/util/util.lua:13] Auth step[2]
[INFO] 2016-12-29 17:00:05 [login] [./sprj/util/util.lua:13] Auth step[3]
[INFO] 2016-12-29 17:00:05 [login] [./sprj/util/util.lua:13] Launch sql[select * from user where username='interface' and password='interface']
