[INFO] 2016-12-21 09:00:57 [redispool] [./sprj/cluster_database/service/redispool.lua:31] redis connect success  [host = 127.0.0.1 port = 6479 db = 0]
[INFO] 2016-12-21 09:00:57 [mysqlpool] [./sprj/lualib/sprj/db_connection.lua:17] DBPool useful is 15
[INFO] 2016-12-21 09:00:57 [mysqlpool] [./sprj/lualib/sprj/db_connection.lua:17] table
[INFO] 2016-12-21 09:01:56 [redispool] [./sprj/cluster_database/service/redispool.lua:31] redis connect success  [host = 127.0.0.1 port = 6479 db = 0]
[INFO] 2016-12-21 09:01:56 [mysqlpool] [./sprj/lualib/sprj/db_connection.lua:17] DBPool useful is 15
[INFO] 2016-12-21 09:01:56 [mysqlpool] [./sprj/lualib/sprj/db_connection.lua:17] table
[INFO] 2016-12-21 09:01:56 [mysqlpool] [./sprj/lualib/sprj/db_connection.lua:17] table
[INFO] 2016-12-21 09:01:56 [mysqlpool] [./sprj/lualib/sprj/db_connection.lua:17] table
[INFO] 2016-12-21 09:01:56 [mysqlpool] [./sprj/lualib/sprj/db_connection.lua:17] Activity DB[1]
[INFO] 2016-12-21 09:01:56 [mysqlpool] [./sprj/lualib/sprj/db_connection.lua:17] table
[INFO] 2016-12-21 09:01:56 [mysqlpool] [./sprj/lualib/sprj/db_connection.lua:17] Activity DB[2]
[INFO] 2016-12-21 09:01:56 [mysqlpool] [./sprj/lualib/sprj/db_connection.lua:17] table
[INFO] 2016-12-21 09:01:56 [mysqlpool] [./sprj/lualib/sprj/db_connection.lua:17] Activity DB[3]
[INFO] 2016-12-21 09:01:56 [mysqlpool] [./sprj/lualib/sprj/db_connection.lua:17] table
[INFO] 2016-12-21 09:01:56 [mysqlpool] [./sprj/lualib/sprj/db_connection.lua:17] Activity DB[4]
[INFO] 2016-12-21 09:01:56 [mysqlpool] [./sprj/lualib/sprj/db_connection.lua:17] table
[INFO] 2016-12-21 09:01:56 [mysqlpool] [./sprj/lualib/sprj/db_connection.lua:17] Activity DB[5]
[INFO] 2016-12-21 09:01:56 [mysqlpool] [./sprj/lualib/sprj/db_connection.lua:17] table
[INFO] 2016-12-21 09:01:56 [mysqlpool] [./sprj/lualib/sprj/db_connection.lua:17] Activity DB[6]
[INFO] 2016-12-21 09:01:56 [mysqlpool] [./sprj/lualib/sprj/db_connection.lua:17] table
[INFO] 2016-12-21 09:01:56 [mysqlpool] [./sprj/lualib/sprj/db_connection.lua:17] Activity DB[7]
[INFO] 2016-12-21 09:01:56 [mysqlpool] [./sprj/lualib/sprj/db_connection.lua:17] table
[INFO] 2016-12-21 09:01:56 [mysqlpool] [./sprj/lualib/sprj/db_connection.lua:17] Activity DB[8]
[INFO] 2016-12-21 09:01:56 [mysqlpool] [./sprj/lualib/sprj/db_connection.lua:17] table
[INFO] 2016-12-21 09:01:56 [mysqlpool] [./sprj/lualib/sprj/db_connection.lua:17] Activity DB[9]
[INFO] 2016-12-21 09:01:56 [mysqlpool] [./sprj/lualib/sprj/db_connection.lua:17] table
[INFO] 2016-12-21 09:01:56 [mysqlpool] [./sprj/lualib/sprj/db_connection.lua:17] Activity DB[10]
[INFO] 2016-12-21 09:01:56 [mysqlpool] [./sprj/lualib/sprj/db_connection.lua:17] table
[INFO] 2016-12-21 09:01:56 [mysqlpool] [./sprj/lualib/sprj/db_connection.lua:17] Activity DB[11]
[INFO] 2016-12-21 09:01:56 [mysqlpool] [./sprj/lualib/sprj/db_connection.lua:17] table
[INFO] 2016-12-21 09:01:56 [mysqlpool] [./sprj/lualib/sprj/db_connection.lua:17] Activity DB[12]
[INFO] 2016-12-21 09:01:56 [mysqlpool] [./sprj/lualib/sprj/db_connection.lua:17] table
[INFO] 2016-12-21 09:01:56 [mysqlpool] [./sprj/lualib/sprj/db_connection.lua:17] Activity DB[13]
[INFO] 2016-12-21 09:01:56 [mysqlpool] [./sprj/lualib/sprj/db_connection.lua:17] table
[INFO] 2016-12-21 09:01:56 [mysqlpool] [./sprj/lualib/sprj/db_connection.lua:17] Activity DB[14]
[INFO] 2016-12-21 09:01:56 [mysqlpool] [./sprj/lualib/sprj/db_connection.lua:17] table
[INFO] 2016-12-21 09:01:56 [mysqlpool] [./sprj/lualib/sprj/db_connection.lua:17] Activity DB[0]
[INFO] 2016-12-21 09:01:56 [mysqlpool] [./sprj/lualib/sprj/db_connection.lua:17] number
[INFO] 2016-12-21 09:05:14 [redispool] [./sprj/cluster_database/service/redispool.lua:31] redis connect success  [host = 127.0.0.1 port = 6479 db = 0]
[INFO] 2016-12-21 09:05:14 [mysqlpool] [./sprj/lualib/sprj/db_connection.lua:17] DBPool useful is 15
[INFO] 2016-12-21 09:05:14 [mysqlpool] [./sprj/lualib/sprj/db_connection.lua:17] table
[INFO] 2016-12-21 09:05:14 [mysqlpool] [./sprj/lualib/sprj/db_connection.lua:17] Activity DB[1]
[INFO] 2016-12-21 09:05:14 [mysqlpool] [./sprj/lualib/sprj/db_connection.lua:17] table
[INFO] 2016-12-21 09:05:14 [mysqlpool] [./sprj/lualib/sprj/db_connection.lua:17] Activity DB[2]
[INFO] 2016-12-21 09:05:14 [mysqlpool] [./sprj/lualib/sprj/db_connection.lua:17] table
[INFO] 2016-12-21 09:05:14 [mysqlpool] [./sprj/lualib/sprj/db_connection.lua:17] Activity DB[3]
[INFO] 2016-12-21 09:05:14 [mysqlpool] [./sprj/lualib/sprj/db_connection.lua:17] table
[INFO] 2016-12-21 09:05:14 [mysqlpool] [./sprj/lualib/sprj/db_connection.lua:17] Activity DB[4]
[INFO] 2016-12-21 09:05:14 [mysqlpool] [./sprj/lualib/sprj/db_connection.lua:17] table
[INFO] 2016-12-21 09:05:14 [mysqlpool] [./sprj/lualib/sprj/db_connection.lua:17] Activity DB[5]
[INFO] 2016-12-21 09:05:14 [mysqlpool] [./sprj/lualib/sprj/db_connection.lua:17] table
[INFO] 2016-12-21 09:05:14 [mysqlpool] [./sprj/lualib/sprj/db_connection.lua:17] Activity DB[6]
[INFO] 2016-12-21 09:05:14 [mysqlpool] [./sprj/lualib/sprj/db_connection.lua:17] table
[INFO] 2016-12-21 09:05:14 [mysqlpool] [./sprj/lualib/sprj/db_connection.lua:17] Activity DB[7]
[INFO] 2016-12-21 09:05:14 [mysqlpool] [./sprj/lualib/sprj/db_connection.lua:17] table
[INFO] 2016-12-21 09:05:14 [mysqlpool] [./sprj/lualib/sprj/db_connection.lua:17] Activity DB[8]
[INFO] 2016-12-21 09:05:14 [mysqlpool] [./sprj/lualib/sprj/db_connection.lua:17] table
[INFO] 2016-12-21 09:05:14 [mysqlpool] [./sprj/lualib/sprj/db_connection.lua:17] Activity DB[9]
[INFO] 2016-12-21 09:05:14 [mysqlpool] [./sprj/lualib/sprj/db_connection.lua:17] table
[INFO] 2016-12-21 09:05:14 [mysqlpool] [./sprj/lualib/sprj/db_connection.lua:17] Activity DB[10]
[INFO] 2016-12-21 09:05:14 [mysqlpool] [./sprj/lualib/sprj/db_connection.lua:17] table
[INFO] 2016-12-21 09:05:14 [mysqlpool] [./sprj/lualib/sprj/db_connection.lua:17] Activity DB[11]
[INFO] 2016-12-21 09:05:14 [mysqlpool] [./sprj/lualib/sprj/db_connection.lua:17] table
[INFO] 2016-12-21 09:05:14 [mysqlpool] [./sprj/lualib/sprj/db_connection.lua:17] Activity DB[12]
[INFO] 2016-12-21 09:05:14 [mysqlpool] [./sprj/lualib/sprj/db_connection.lua:17] table
[INFO] 2016-12-21 09:05:14 [mysqlpool] [./sprj/lualib/sprj/db_connection.lua:17] Activity DB[13]
[INFO] 2016-12-21 09:05:14 [mysqlpool] [./sprj/lualib/sprj/db_connection.lua:17] table
[INFO] 2016-12-21 09:05:14 [mysqlpool] [./sprj/lualib/sprj/db_connection.lua:17] Activity DB[14]
[INFO] 2016-12-21 09:05:14 [mysqlpool] [./sprj/lualib/sprj/db_connection.lua:17] table
[INFO] 2016-12-21 09:05:14 [mysqlpool] [./sprj/lualib/sprj/db_connection.lua:17] Activity DB[0]
[INFO] 2016-12-21 09:05:14 [mysqlpool] [./sprj/lualib/sprj/db_connection.lua:17] number
[INFO] 2016-12-21 09:06:27 [redispool] [./sprj/cluster_database/service/redispool.lua:31] redis connect success  [host = 127.0.0.1 port = 6479 db = 0]
[INFO] 2016-12-21 09:06:27 [mysqlpool] [./sprj/lualib/sprj/db_connection.lua:17] DBPool useful is 15
[INFO] 2016-12-21 09:06:27 [mysqlpool] [./sprj/lualib/sprj/db_connection.lua:17] table
[INFO] 2016-12-21 09:06:27 [mysqlpool] [./sprj/lualib/sprj/db_connection.lua:17] Activity DB[1]
[INFO] 2016-12-21 09:06:27 [mysqlpool] [./sprj/lualib/sprj/db_connection.lua:17] table
[INFO] 2016-12-21 09:06:27 [mysqlpool] [./sprj/lualib/sprj/db_connection.lua:17] Activity DB[2]
[INFO] 2016-12-21 09:06:27 [mysqlpool] [./sprj/lualib/sprj/db_connection.lua:17] table
[INFO] 2016-12-21 09:06:27 [mysqlpool] [./sprj/lualib/sprj/db_connection.lua:17] Activity DB[3]
[INFO] 2016-12-21 09:06:27 [mysqlpool] [./sprj/lualib/sprj/db_connection.lua:17] table
[INFO] 2016-12-21 09:06:27 [mysqlpool] [./sprj/lualib/sprj/db_connection.lua:17] Activity DB[4]
[INFO] 2016-12-21 09:06:27 [mysqlpool] [./sprj/lualib/sprj/db_connection.lua:17] table
[INFO] 2016-12-21 09:06:27 [mysqlpool] [./sprj/lualib/sprj/db_connection.lua:17] Activity DB[5]
[INFO] 2016-12-21 09:06:27 [mysqlpool] [./sprj/lualib/sprj/db_connection.lua:17] table
[INFO] 2016-12-21 09:06:27 [mysqlpool] [./sprj/lualib/sprj/db_connection.lua:17] Activity DB[6]
[INFO] 2016-12-21 09:06:27 [mysqlpool] [./sprj/lualib/sprj/db_connection.lua:17] table
[INFO] 2016-12-21 09:06:27 [mysqlpool] [./sprj/lualib/sprj/db_connection.lua:17] Activity DB[7]
[INFO] 2016-12-21 09:06:27 [mysqlpool] [./sprj/lualib/sprj/db_connection.lua:17] table
[INFO] 2016-12-21 09:06:27 [mysqlpool] [./sprj/lualib/sprj/db_connection.lua:17] Activity DB[8]
[INFO] 2016-12-21 09:06:27 [mysqlpool] [./sprj/lualib/sprj/db_connection.lua:17] table
[INFO] 2016-12-21 09:06:27 [mysqlpool] [./sprj/lualib/sprj/db_connection.lua:17] Activity DB[9]
[INFO] 2016-12-21 09:06:27 [mysqlpool] [./sprj/lualib/sprj/db_connection.lua:17] table
[INFO] 2016-12-21 09:06:27 [mysqlpool] [./sprj/lualib/sprj/db_connection.lua:17] Activity DB[10]
[INFO] 2016-12-21 09:06:27 [mysqlpool] [./sprj/lualib/sprj/db_connection.lua:17] table
[INFO] 2016-12-21 09:06:27 [mysqlpool] [./sprj/lualib/sprj/db_connection.lua:17] Activity DB[11]
[INFO] 2016-12-21 09:06:27 [mysqlpool] [./sprj/lualib/sprj/db_connection.lua:17] table
[INFO] 2016-12-21 09:06:27 [mysqlpool] [./sprj/lualib/sprj/db_connection.lua:17] Activity DB[12]
[INFO] 2016-12-21 09:06:27 [mysqlpool] [./sprj/lualib/sprj/db_connection.lua:17] table
[INFO] 2016-12-21 09:06:27 [mysqlpool] [./sprj/lualib/sprj/db_connection.lua:17] Activity DB[13]
[INFO] 2016-12-21 09:06:27 [mysqlpool] [./sprj/lualib/sprj/db_connection.lua:17] table
[INFO] 2016-12-21 09:06:27 [mysqlpool] [./sprj/lualib/sprj/db_connection.lua:17] Activity DB[14]
[INFO] 2016-12-21 09:06:27 [mysqlpool] [./sprj/lualib/sprj/db_connection.lua:17] table
[INFO] 2016-12-21 09:06:27 [mysqlpool] [./sprj/lualib/sprj/db_connection.lua:17] Activity DB[0]
[INFO] 2016-12-21 09:06:27 [mysqlpool] [./sprj/lualib/sprj/db_connection.lua:17] number
[INFO] 2016-12-21 09:07:14 [redispool] [./sprj/cluster_database/service/redispool.lua:31] redis connect success  [host = 127.0.0.1 port = 6479 db = 0]
[INFO] 2016-12-21 09:07:14 [mysqlpool] [./sprj/lualib/sprj/db_connection.lua:17] DBPool useful is 15
[INFO] 2016-12-21 09:07:14 [mysqlpool] [./sprj/lualib/sprj/db_connection.lua:17] Activity DB[1]
[INFO] 2016-12-21 09:07:14 [mysqlpool] [./sprj/lualib/sprj/db_connection.lua:17] Activity DB[2]
[INFO] 2016-12-21 09:07:14 [mysqlpool] [./sprj/lualib/sprj/db_connection.lua:17] Activity DB[3]
[INFO] 2016-12-21 09:07:14 [mysqlpool] [./sprj/lualib/sprj/db_connection.lua:17] Activity DB[4]
[INFO] 2016-12-21 09:07:14 [mysqlpool] [./sprj/lualib/sprj/db_connection.lua:17] Activity DB[5]
[INFO] 2016-12-21 09:07:14 [mysqlpool] [./sprj/lualib/sprj/db_connection.lua:17] Activity DB[6]
[INFO] 2016-12-21 09:07:14 [mysqlpool] [./sprj/lualib/sprj/db_connection.lua:17] Activity DB[7]
[INFO] 2016-12-21 09:07:14 [mysqlpool] [./sprj/lualib/sprj/db_connection.lua:17] Activity DB[8]
[INFO] 2016-12-21 09:07:14 [mysqlpool] [./sprj/lualib/sprj/db_connection.lua:17] Activity DB[9]
[INFO] 2016-12-21 09:07:14 [mysqlpool] [./sprj/lualib/sprj/db_connection.lua:17] Activity DB[10]
[INFO] 2016-12-21 09:07:14 [mysqlpool] [./sprj/lualib/sprj/db_connection.lua:17] Activity DB[11]
[INFO] 2016-12-21 09:07:14 [mysqlpool] [./sprj/lualib/sprj/db_connection.lua:17] Activity DB[12]
[INFO] 2016-12-21 09:07:14 [mysqlpool] [./sprj/lualib/sprj/db_connection.lua:17] Activity DB[13]
[INFO] 2016-12-21 09:07:14 [mysqlpool] [./sprj/lualib/sprj/db_connection.lua:17] Activity DB[14]
[INFO] 2016-12-21 09:07:14 [mysqlpool] [./sprj/lualib/sprj/db_connection.lua:17] Activity DB[0]
[INFO] 2016-12-21 09:07:32 [redispool] [./sprj/cluster_database/service/redispool.lua:31] redis connect success  [host = 127.0.0.1 port = 6479 db = 0]
[INFO] 2016-12-21 09:07:32 [mysqlpool] [./sprj/lualib/sprj/db_connection.lua:17] DBPool useful is 15
[INFO] 2016-12-21 09:12:09 [redispool] [./sprj/cluster_database/service/redispool.lua:31] redis connect success  [host = 127.0.0.1 port = 6479 db = 0]
[INFO] 2016-12-21 09:12:09 [mysqlpool] [./sprj/lualib/sprj/db_connection.lua:17] DBPool useful is 15
[INFO] 2016-12-21 09:12:09 [mysqlpool] [./sprj/lualib/sprj/db_connection.lua:17] Activity DB[1]
[INFO] 2016-12-21 09:12:09 [mysqlpool] [./sprj/lualib/sprj/db_connection.lua:17] Activity DB[2]
[INFO] 2016-12-21 09:12:09 [mysqlpool] [./sprj/lualib/sprj/db_connection.lua:17] Activity DB[3]
[INFO] 2016-12-21 09:12:09 [mysqlpool] [./sprj/lualib/sprj/db_connection.lua:17] Activity DB[4]
[INFO] 2016-12-21 09:12:09 [mysqlpool] [./sprj/lualib/sprj/db_connection.lua:17] Activity DB[5]
[INFO] 2016-12-21 09:12:09 [mysqlpool] [./sprj/lualib/sprj/db_connection.lua:17] Activity DB[6]
[INFO] 2016-12-21 09:12:09 [mysqlpool] [./sprj/lualib/sprj/db_connection.lua:17] Activity DB[7]
[INFO] 2016-12-21 09:12:09 [mysqlpool] [./sprj/lualib/sprj/db_connection.lua:17] Activity DB[8]
[INFO] 2016-12-21 09:12:09 [mysqlpool] [./sprj/lualib/sprj/db_connection.lua:17] Activity DB[9]
[INFO] 2016-12-21 09:12:09 [mysqlpool] [./sprj/lualib/sprj/db_connection.lua:17] Activity DB[10]
[INFO] 2016-12-21 09:12:09 [mysqlpool] [./sprj/lualib/sprj/db_connection.lua:17] Activity DB[11]
[INFO] 2016-12-21 09:12:09 [mysqlpool] [./sprj/lualib/sprj/db_connection.lua:17] Activity DB[12]
[INFO] 2016-12-21 09:12:09 [mysqlpool] [./sprj/lualib/sprj/db_connection.lua:17] Activity DB[13]
[INFO] 2016-12-21 09:12:09 [mysqlpool] [./sprj/lualib/sprj/db_connection.lua:17] Activity DB[14]
[INFO] 2016-12-21 09:12:09 [mysqlpool] [./sprj/lualib/sprj/db_connection.lua:17] Activity DB[0]
[INFO] 2016-12-21 09:12:44 [redispool] [./sprj/cluster_database/service/redispool.lua:31] redis connect success  [host = 127.0.0.1 port = 6479 db = 0]
[INFO] 2016-12-21 09:12:44 [mysqlpool] [./sprj/lualib/sprj/db_connection.lua:17] DBPool useful is 15
[INFO] 2016-12-21 09:12:44 [mysqlpool] [./sprj/lualib/sprj/db_connection.lua:17] Activity DB[1]
[INFO] 2016-12-21 09:12:44 [mysqlpool] [./sprj/lualib/sprj/db_connection.lua:17] Activity DB[2]
[INFO] 2016-12-21 09:12:44 [mysqlpool] [./sprj/lualib/sprj/db_connection.lua:17] Activity DB[3]
[INFO] 2016-12-21 09:12:44 [mysqlpool] [./sprj/lualib/sprj/db_connection.lua:17] Activity DB[4]
[INFO] 2016-12-21 09:12:44 [mysqlpool] [./sprj/lualib/sprj/db_connection.lua:17] Activity DB[5]
[INFO] 2016-12-21 09:12:44 [mysqlpool] [./sprj/lualib/sprj/db_connection.lua:17] Activity DB[6]
[INFO] 2016-12-21 09:12:44 [mysqlpool] [./sprj/lualib/sprj/db_connection.lua:17] Activity DB[7]
[INFO] 2016-12-21 09:12:44 [mysqlpool] [./sprj/lualib/sprj/db_connection.lua:17] Activity DB[8]
[INFO] 2016-12-21 09:12:44 [mysqlpool] [./sprj/lualib/sprj/db_connection.lua:17] Activity DB[9]
[INFO] 2016-12-21 09:12:44 [mysqlpool] [./sprj/lualib/sprj/db_connection.lua:17] Activity DB[10]
[INFO] 2016-12-21 09:12:44 [mysqlpool] [./sprj/lualib/sprj/db_connection.lua:17] Activity DB[11]
[INFO] 2016-12-21 09:12:44 [mysqlpool] [./sprj/lualib/sprj/db_connection.lua:17] Activity DB[12]
[INFO] 2016-12-21 09:12:44 [mysqlpool] [./sprj/lualib/sprj/db_connection.lua:17] Activity DB[13]
[INFO] 2016-12-21 09:12:44 [mysqlpool] [./sprj/lualib/sprj/db_connection.lua:17] Activity DB[14]
[INFO] 2016-12-21 09:12:44 [mysqlpool] [./sprj/lualib/sprj/db_connection.lua:17] Activity DB[0]
[INFO] 2016-12-21 09:12:50 [mysqlpool] [./sprj/lualib/sprj/db_connection.lua:17] Activity DB[1]
[INFO] 2016-12-21 09:12:50 [mysqlpool] [./sprj/lualib/sprj/db_connection.lua:17] Activity DB[2]
[INFO] 2016-12-21 09:12:50 [mysqlpool] [./sprj/lualib/sprj/db_connection.lua:17] Activity DB[3]
[INFO] 2016-12-21 09:12:50 [mysqlpool] [./sprj/lualib/sprj/db_connection.lua:17] Activity DB[4]
[INFO] 2016-12-21 09:12:50 [mysqlpool] [./sprj/lualib/sprj/db_connection.lua:17] Activity DB[5]
[INFO] 2016-12-21 09:12:50 [mysqlpool] [./sprj/lualib/sprj/db_connection.lua:17] Activity DB[6]
[INFO] 2016-12-21 09:12:50 [mysqlpool] [./sprj/lualib/sprj/db_connection.lua:17] Activity DB[7]
[INFO] 2016-12-21 09:12:50 [mysqlpool] [./sprj/lualib/sprj/db_connection.lua:17] Activity DB[8]
[INFO] 2016-12-21 09:12:50 [mysqlpool] [./sprj/lualib/sprj/db_connection.lua:17] Activity DB[9]
[INFO] 2016-12-21 09:12:50 [mysqlpool] [./sprj/lualib/sprj/db_connection.lua:17] Activity DB[10]
[INFO] 2016-12-21 09:12:50 [mysqlpool] [./sprj/lualib/sprj/db_connection.lua:17] Activity DB[11]
[INFO] 2016-12-21 09:12:50 [mysqlpool] [./sprj/lualib/sprj/db_connection.lua:17] Activity DB[12]
[INFO] 2016-12-21 09:12:50 [mysqlpool] [./sprj/lualib/sprj/db_connection.lua:17] Activity DB[13]
[INFO] 2016-12-21 09:12:50 [mysqlpool] [./sprj/lualib/sprj/db_connection.lua:17] Activity DB[14]
[INFO] 2016-12-21 09:12:50 [mysqlpool] [./sprj/lualib/sprj/db_connection.lua:17] Activity DB[0]
[INFO] 2016-12-21 09:12:56 [mysqlpool] [./sprj/lualib/sprj/db_connection.lua:17] Activity DB[1]
[INFO] 2016-12-21 09:12:56 [mysqlpool] [./sprj/lualib/sprj/db_connection.lua:17] Activity DB[2]
[INFO] 2016-12-21 09:12:56 [mysqlpool] [./sprj/lualib/sprj/db_connection.lua:17] Activity DB[3]
[INFO] 2016-12-21 09:12:56 [mysqlpool] [./sprj/lualib/sprj/db_connection.lua:17] Activity DB[4]
[INFO] 2016-12-21 09:12:56 [mysqlpool] [./sprj/lualib/sprj/db_connection.lua:17] Activity DB[5]
[INFO] 2016-12-21 09:12:56 [mysqlpool] [./sprj/lualib/sprj/db_connection.lua:17] Activity DB[6]
[INFO] 2016-12-21 09:12:56 [mysqlpool] [./sprj/lualib/sprj/db_connection.lua:17] Activity DB[7]
[INFO] 2016-12-21 09:12:56 [mysqlpool] [./sprj/lualib/sprj/db_connection.lua:17] Activity DB[8]
[INFO] 2016-12-21 09:12:56 [mysqlpool] [./sprj/lualib/sprj/db_connection.lua:17] Activity DB[9]
[INFO] 2016-12-21 09:12:56 [mysqlpool] [./sprj/lualib/sprj/db_connection.lua:17] Activity DB[10]
[INFO] 2016-12-21 09:12:56 [mysqlpool] [./sprj/lualib/sprj/db_connection.lua:17] Activity DB[11]
[INFO] 2016-12-21 09:12:56 [mysqlpool] [./sprj/lualib/sprj/db_connection.lua:17] Activity DB[12]
[INFO] 2016-12-21 09:12:56 [mysqlpool] [./sprj/lualib/sprj/db_connection.lua:17] Activity DB[13]
[INFO] 2016-12-21 09:12:56 [mysqlpool] [./sprj/lualib/sprj/db_connection.lua:17] Activity DB[14]
[INFO] 2016-12-21 09:12:56 [mysqlpool] [./sprj/lualib/sprj/db_connection.lua:17] Activity DB[0]
[INFO] 2016-12-21 09:13:02 [mysqlpool] [./sprj/lualib/sprj/db_connection.lua:17] Activity DB[1]
[INFO] 2016-12-21 09:13:02 [mysqlpool] [./sprj/lualib/sprj/db_connection.lua:17] Activity DB[2]
[INFO] 2016-12-21 09:13:02 [mysqlpool] [./sprj/lualib/sprj/db_connection.lua:17] Activity DB[3]
[INFO] 2016-12-21 09:13:02 [mysqlpool] [./sprj/lualib/sprj/db_connection.lua:17] Activity DB[4]
[INFO] 2016-12-21 09:13:02 [mysqlpool] [./sprj/lualib/sprj/db_connection.lua:17] Activity DB[5]
[INFO] 2016-12-21 09:13:02 [mysqlpool] [./sprj/lualib/sprj/db_connection.lua:17] Activity DB[6]
[INFO] 2016-12-21 09:13:02 [mysqlpool] [./sprj/lualib/sprj/db_connection.lua:17] Activity DB[7]
[INFO] 2016-12-21 09:13:02 [mysqlpool] [./sprj/lualib/sprj/db_connection.lua:17] Activity DB[8]
[INFO] 2016-12-21 09:13:02 [mysqlpool] [./sprj/lualib/sprj/db_connection.lua:17] Activity DB[9]
[INFO] 2016-12-21 09:13:02 [mysqlpool] [./sprj/lualib/sprj/db_connection.lua:17] Activity DB[10]
[INFO] 2016-12-21 09:13:02 [mysqlpool] [./sprj/lualib/sprj/db_connection.lua:17] Activity DB[11]
[INFO] 2016-12-21 09:13:02 [mysqlpool] [./sprj/lualib/sprj/db_connection.lua:17] Activity DB[12]
[INFO] 2016-12-21 09:13:02 [mysqlpool] [./sprj/lualib/sprj/db_connection.lua:17] Activity DB[13]
[INFO] 2016-12-21 09:13:02 [mysqlpool] [./sprj/lualib/sprj/db_connection.lua:17] Activity DB[14]
[INFO] 2016-12-21 09:13:02 [mysqlpool] [./sprj/lualib/sprj/db_connection.lua:17] Activity DB[0]
[INFO] 2016-12-21 09:13:08 [mysqlpool] [./sprj/lualib/sprj/db_connection.lua:17] Activity DB[1]
[INFO] 2016-12-21 09:13:08 [mysqlpool] [./sprj/lualib/sprj/db_connection.lua:17] Activity DB[2]
[INFO] 2016-12-21 09:13:08 [mysqlpool] [./sprj/lualib/sprj/db_connection.lua:17] Activity DB[3]
[INFO] 2016-12-21 09:13:08 [mysqlpool] [./sprj/lualib/sprj/db_connection.lua:17] Activity DB[4]
[INFO] 2016-12-21 09:13:08 [mysqlpool] [./sprj/lualib/sprj/db_connection.lua:17] Activity DB[5]
[INFO] 2016-12-21 09:13:08 [mysqlpool] [./sprj/lualib/sprj/db_connection.lua:17] Activity DB[6]
[INFO] 2016-12-21 09:13:08 [mysqlpool] [./sprj/lualib/sprj/db_connection.lua:17] Activity DB[7]
[INFO] 2016-12-21 09:13:08 [mysqlpool] [./sprj/lualib/sprj/db_connection.lua:17] Activity DB[8]
[INFO] 2016-12-21 09:13:08 [mysqlpool] [./sprj/lualib/sprj/db_connection.lua:17] Activity DB[9]
[INFO] 2016-12-21 09:13:08 [mysqlpool] [./sprj/lualib/sprj/db_connection.lua:17] Activity DB[10]
[INFO] 2016-12-21 09:13:08 [mysqlpool] [./sprj/lualib/sprj/db_connection.lua:17] Activity DB[11]
[INFO] 2016-12-21 09:13:08 [mysqlpool] [./sprj/lualib/sprj/db_connection.lua:17] Activity DB[12]
[INFO] 2016-12-21 09:13:08 [mysqlpool] [./sprj/lualib/sprj/db_connection.lua:17] Activity DB[13]
[INFO] 2016-12-21 09:13:08 [mysqlpool] [./sprj/lualib/sprj/db_connection.lua:17] Activity DB[14]
[INFO] 2016-12-21 09:13:08 [mysqlpool] [./sprj/lualib/sprj/db_connection.lua:17] Activity DB[0]
[INFO] 2016-12-21 09:13:14 [mysqlpool] [./sprj/lualib/sprj/db_connection.lua:17] Activity DB[1]
[INFO] 2016-12-21 09:13:14 [mysqlpool] [./sprj/lualib/sprj/db_connection.lua:17] Activity DB[2]
[INFO] 2016-12-21 09:13:14 [mysqlpool] [./sprj/lualib/sprj/db_connection.lua:17] Activity DB[3]
[INFO] 2016-12-21 09:13:14 [mysqlpool] [./sprj/lualib/sprj/db_connection.lua:17] Activity DB[4]
[INFO] 2016-12-21 09:13:14 [mysqlpool] [./sprj/lualib/sprj/db_connection.lua:17] Activity DB[5]
[INFO] 2016-12-21 09:13:14 [mysqlpool] [./sprj/lualib/sprj/db_connection.lua:17] Activity DB[6]
[INFO] 2016-12-21 09:13:14 [mysqlpool] [./sprj/lualib/sprj/db_connection.lua:17] Activity DB[7]
[INFO] 2016-12-21 09:13:14 [mysqlpool] [./sprj/lualib/sprj/db_connection.lua:17] Activity DB[8]
[INFO] 2016-12-21 09:13:14 [mysqlpool] [./sprj/lualib/sprj/db_connection.lua:17] Activity DB[9]
[INFO] 2016-12-21 09:13:14 [mysqlpool] [./sprj/lualib/sprj/db_connection.lua:17] Activity DB[10]
[INFO] 2016-12-21 09:13:14 [mysqlpool] [./sprj/lualib/sprj/db_connection.lua:17] Activity DB[11]
[INFO] 2016-12-21 09:13:14 [mysqlpool] [./sprj/lualib/sprj/db_connection.lua:17] Activity DB[12]
[INFO] 2016-12-21 09:13:14 [mysqlpool] [./sprj/lualib/sprj/db_connection.lua:17] Activity DB[13]
[INFO] 2016-12-21 09:13:14 [mysqlpool] [./sprj/lualib/sprj/db_connection.lua:17] Activity DB[14]
[INFO] 2016-12-21 09:13:14 [mysqlpool] [./sprj/lualib/sprj/db_connection.lua:17] Activity DB[0]
[INFO] 2016-12-21 09:13:20 [mysqlpool] [./sprj/lualib/sprj/db_connection.lua:17] Activity DB[1]
[INFO] 2016-12-21 09:13:20 [mysqlpool] [./sprj/lualib/sprj/db_connection.lua:17] Activity DB[2]
[INFO] 2016-12-21 09:13:20 [mysqlpool] [./sprj/lualib/sprj/db_connection.lua:17] Activity DB[3]
[INFO] 2016-12-21 09:13:20 [mysqlpool] [./sprj/lualib/sprj/db_connection.lua:17] Activity DB[4]
[INFO] 2016-12-21 09:13:20 [mysqlpool] [./sprj/lualib/sprj/db_connection.lua:17] Activity DB[5]
[INFO] 2016-12-21 09:13:20 [mysqlpool] [./sprj/lualib/sprj/db_connection.lua:17] Activity DB[6]
[INFO] 2016-12-21 09:13:20 [mysqlpool] [./sprj/lualib/sprj/db_connection.lua:17] Activity DB[7]
[INFO] 2016-12-21 09:13:20 [mysqlpool] [./sprj/lualib/sprj/db_connection.lua:17] Activity DB[8]
[INFO] 2016-12-21 09:13:20 [mysqlpool] [./sprj/lualib/sprj/db_connection.lua:17] Activity DB[9]
[INFO] 2016-12-21 09:13:20 [mysqlpool] [./sprj/lualib/sprj/db_connection.lua:17] Activity DB[10]
[INFO] 2016-12-21 09:13:20 [mysqlpool] [./sprj/lualib/sprj/db_connection.lua:17] Activity DB[11]
[INFO] 2016-12-21 09:13:20 [mysqlpool] [./sprj/lualib/sprj/db_connection.lua:17] Activity DB[12]
[INFO] 2016-12-21 09:13:20 [mysqlpool] [./sprj/lualib/sprj/db_connection.lua:17] Activity DB[13]
[INFO] 2016-12-21 09:13:20 [mysqlpool] [./sprj/lualib/sprj/db_connection.lua:17] Activity DB[14]
[INFO] 2016-12-21 09:13:20 [mysqlpool] [./sprj/lualib/sprj/db_connection.lua:17] Activity DB[0]
[INFO] 2016-12-21 09:41:21 [redispool] [./sprj/cluster_database/service/redispool.lua:31] redis connect success  [host = 127.0.0.1 port = 6479 db = 0]
[INFO] 2016-12-21 09:41:21 [mysqlpool] [./sprj/lualib/sprj/db_connection.lua:24] DBPool useful is 15
[INFO] 2016-12-21 09:41:21 [mysqlpool] [./sprj/lualib/sprj/db_connection.lua:24] Activity DB[1]
[INFO] 2016-12-21 09:41:21 [mysqlpool] [./sprj/lualib/sprj/db_connection.lua:24] Activity DB[2]
[INFO] 2016-12-21 09:41:21 [mysqlpool] [./sprj/lualib/sprj/db_connection.lua:24] Activity DB[3]
[INFO] 2016-12-21 09:41:21 [mysqlpool] [./sprj/lualib/sprj/db_connection.lua:24] Activity DB[4]
[INFO] 2016-12-21 09:41:21 [mysqlpool] [./sprj/lualib/sprj/db_connection.lua:24] Activity DB[5]
[INFO] 2016-12-21 09:41:21 [mysqlpool] [./sprj/lualib/sprj/db_connection.lua:24] Activity DB[6]
[INFO] 2016-12-21 09:41:22 [mysqlpool] [./sprj/lualib/sprj/db_connection.lua:24] Activity DB[7]
[INFO] 2016-12-21 09:41:22 [mysqlpool] [./sprj/lualib/sprj/db_connection.lua:24] Activity DB[8]
[INFO] 2016-12-21 09:41:22 [mysqlpool] [./sprj/lualib/sprj/db_connection.lua:24] Activity DB[9]
[INFO] 2016-12-21 09:41:22 [mysqlpool] [./sprj/lualib/sprj/db_connection.lua:24] Activity DB[10]
[INFO] 2016-12-21 09:41:22 [mysqlpool] [./sprj/lualib/sprj/db_connection.lua:24] Activity DB[11]
[INFO] 2016-12-21 09:41:22 [mysqlpool] [./sprj/lualib/sprj/db_connection.lua:24] Activity DB[12]
[INFO] 2016-12-21 09:41:22 [mysqlpool] [./sprj/lualib/sprj/db_connection.lua:24] Activity DB[13]
[INFO] 2016-12-21 09:41:22 [mysqlpool] [./sprj/lualib/sprj/db_connection.lua:24] Activity DB[14]
[INFO] 2016-12-21 09:41:22 [mysqlpool] [./sprj/lualib/sprj/db_connection.lua:24] Activity DB[0]
[INFO] 2016-12-21 09:42:12 [mysqlpool] [./sprj/lualib/sprj/db_connection.lua:24] GetDB success
[INFO] 2016-12-21 09:42:12 [mysqlpool] [./sprj/cluster_database/service/mysqlpool.lua:13] execute sql[select * from account]
[INFO] 2016-12-21 09:48:06 [redispool] [./sprj/cluster_database/service/redispool.lua:31] redis connect success  [host = 127.0.0.1 port = 6479 db = 0]
[INFO] 2016-12-21 09:48:06 [mysqlpool] [./sprj/util/util.lua:13] DBPool useful is 15
[INFO] 2016-12-21 09:48:06 [mysqlpool] [./sprj/util/util.lua:13] Activity DB[1]
[INFO] 2016-12-21 09:48:06 [mysqlpool] [./sprj/util/util.lua:13] Activity DB[2]
[INFO] 2016-12-21 09:48:06 [mysqlpool] [./sprj/util/util.lua:13] Activity DB[3]
[INFO] 2016-12-21 09:48:06 [mysqlpool] [./sprj/util/util.lua:13] Activity DB[4]
[INFO] 2016-12-21 09:48:06 [mysqlpool] [./sprj/util/util.lua:13] Activity DB[5]
[INFO] 2016-12-21 09:48:06 [mysqlpool] [./sprj/util/util.lua:13] Activity DB[6]
[INFO] 2016-12-21 09:48:06 [mysqlpool] [./sprj/util/util.lua:13] Activity DB[7]
[INFO] 2016-12-21 09:48:06 [mysqlpool] [./sprj/util/util.lua:13] Activity DB[8]
[INFO] 2016-12-21 09:48:06 [mysqlpool] [./sprj/util/util.lua:13] Activity DB[9]
[INFO] 2016-12-21 09:48:06 [mysqlpool] [./sprj/util/util.lua:13] Activity DB[10]
[INFO] 2016-12-21 09:48:06 [mysqlpool] [./sprj/util/util.lua:13] Activity DB[11]
[INFO] 2016-12-21 09:48:06 [mysqlpool] [./sprj/util/util.lua:13] Activity DB[12]
[INFO] 2016-12-21 09:48:06 [mysqlpool] [./sprj/util/util.lua:13] Activity DB[13]
[INFO] 2016-12-21 09:48:06 [mysqlpool] [./sprj/util/util.lua:13] Activity DB[14]
[INFO] 2016-12-21 09:48:06 [mysqlpool] [./sprj/util/util.lua:13] Activity DB[0]
[INFO] 2016-12-21 09:48:10 [mysqlpool] [./sprj/util/util.lua:13] GetDB success
[INFO] 2016-12-21 09:48:10 [mysqlpool] [./sprj/util/util.lua:13] execute sql[select * from account]
[INFO] 2016-12-21 10:54:40 [redispool] [./sprj/cluster_database/service/redispool.lua:31] redis connect success  [host = 127.0.0.1 port = 6479 db = 0]
[INFO] 2016-12-21 10:55:48 [redispool] [./sprj/cluster_database/service/redispool.lua:31] redis connect success  [host = 127.0.0.1 port = 6479 db = 0]
[INFO] 2016-12-21 10:55:48 [mysqlpool] [./sprj/util/util.lua:13] DBPool useful is 15
[INFO] 2016-12-21 10:55:48 [mysqlpool] [./sprj/util/util.lua:13] Activity DB[1]
[INFO] 2016-12-21 10:55:48 [mysqlpool] [./sprj/util/util.lua:13] Activity DB[2]
[INFO] 2016-12-21 10:55:48 [mysqlpool] [./sprj/util/util.lua:13] Activity DB[3]
[INFO] 2016-12-21 10:55:48 [mysqlpool] [./sprj/util/util.lua:13] Activity DB[4]
[INFO] 2016-12-21 10:55:48 [mysqlpool] [./sprj/util/util.lua:13] Activity DB[5]
[INFO] 2016-12-21 10:55:48 [mysqlpool] [./sprj/util/util.lua:13] Activity DB[6]
[INFO] 2016-12-21 10:55:48 [mysqlpool] [./sprj/util/util.lua:13] Activity DB[7]
[INFO] 2016-12-21 10:55:48 [mysqlpool] [./sprj/util/util.lua:13] Activity DB[8]
[INFO] 2016-12-21 10:55:48 [mysqlpool] [./sprj/util/util.lua:13] Activity DB[9]
[INFO] 2016-12-21 10:55:48 [mysqlpool] [./sprj/util/util.lua:13] Activity DB[10]
[INFO] 2016-12-21 10:55:48 [mysqlpool] [./sprj/util/util.lua:13] Activity DB[11]
[INFO] 2016-12-21 10:55:48 [mysqlpool] [./sprj/util/util.lua:13] Activity DB[12]
[INFO] 2016-12-21 10:55:48 [mysqlpool] [./sprj/util/util.lua:13] Activity DB[13]
[INFO] 2016-12-21 10:55:48 [mysqlpool] [./sprj/util/util.lua:13] Activity DB[14]
[INFO] 2016-12-21 10:55:48 [mysqlpool] [./sprj/util/util.lua:13] Activity DB[0]
[INFO] 2016-12-21 10:55:56 [mysqlpool] [./sprj/util/util.lua:13] GetDB success
[INFO] 2016-12-21 10:55:56 [mysqlpool] [./sprj/util/util.lua:13] execute sql[select * from account]
[INFO] 2016-12-21 11:27:06 [redispool] [./sprj/cluster_database/service/redispool.lua:31] redis connect success  [host = 127.0.0.1 port = 6479 db = 0]
[INFO] 2016-12-21 11:27:06 [mysqlpool] [./sprj/util/util.lua:13] DBPool useful is 15
[INFO] 2016-12-21 11:27:06 [mysqlpool] [./sprj/util/util.lua:13] Activity DB[1]
[INFO] 2016-12-21 11:27:06 [mysqlpool] [./sprj/util/util.lua:13] Activity DB[2]
[INFO] 2016-12-21 11:27:06 [mysqlpool] [./sprj/util/util.lua:13] Activity DB[3]
[INFO] 2016-12-21 11:27:06 [mysqlpool] [./sprj/util/util.lua:13] Activity DB[4]
[INFO] 2016-12-21 11:27:06 [mysqlpool] [./sprj/util/util.lua:13] Activity DB[5]
[INFO] 2016-12-21 11:27:06 [mysqlpool] [./sprj/util/util.lua:13] Activity DB[6]
[INFO] 2016-12-21 11:27:06 [mysqlpool] [./sprj/util/util.lua:13] Activity DB[7]
[INFO] 2016-12-21 11:27:06 [mysqlpool] [./sprj/util/util.lua:13] Activity DB[8]
[INFO] 2016-12-21 11:27:06 [mysqlpool] [./sprj/util/util.lua:13] Activity DB[9]
[INFO] 2016-12-21 11:27:06 [mysqlpool] [./sprj/util/util.lua:13] Activity DB[10]
[INFO] 2016-12-21 11:27:06 [mysqlpool] [./sprj/util/util.lua:13] Activity DB[11]
[INFO] 2016-12-21 11:27:06 [mysqlpool] [./sprj/util/util.lua:13] Activity DB[12]
[INFO] 2016-12-21 11:27:06 [mysqlpool] [./sprj/util/util.lua:13] Activity DB[13]
[INFO] 2016-12-21 11:27:06 [mysqlpool] [./sprj/util/util.lua:13] Activity DB[14]
[INFO] 2016-12-21 11:27:06 [mysqlpool] [./sprj/util/util.lua:13] Activity DB[0]
[INFO] 2016-12-21 11:27:11 [mysqlpool] [./sprj/util/util.lua:13] GetDB success
[INFO] 2016-12-21 11:27:11 [mysqlpool] [./sprj/util/util.lua:13] execute sql[select * from account]
[INFO] 2016-12-21 11:57:24 [redispool] [./sprj/util/util.lua:13] Redis DBPool useful is 15
[INFO] 2016-12-21 11:57:24 [redispool] [./sprj/util/util.lua:13] Redis getDBC success
[INFO] 2016-12-21 11:57:24 [redispool] [./sprj/util/util.lua:13] Activity Redis DBC[1]
[INFO] 2016-12-21 11:57:24 [redispool] [./sprj/util/util.lua:13] Activity Redis DBC[2]
[INFO] 2016-12-21 11:57:24 [redispool] [./sprj/util/util.lua:13] Activity Redis DBC[3]
[INFO] 2016-12-21 11:57:24 [redispool] [./sprj/util/util.lua:13] Activity Redis DBC[4]
[INFO] 2016-12-21 11:57:24 [redispool] [./sprj/util/util.lua:13] Activity Redis DBC[5]
[INFO] 2016-12-21 11:57:24 [redispool] [./sprj/util/util.lua:13] Activity Redis DBC[6]
[INFO] 2016-12-21 11:57:24 [redispool] [./sprj/util/util.lua:13] Activity Redis DBC[7]
[INFO] 2016-12-21 11:57:24 [redispool] [./sprj/util/util.lua:13] Activity Redis DBC[8]
[INFO] 2016-12-21 11:57:24 [redispool] [./sprj/util/util.lua:13] Activity Redis DBC[9]
[INFO] 2016-12-21 11:57:24 [redispool] [./sprj/util/util.lua:13] Activity Redis DBC[10]
[INFO] 2016-12-21 11:57:24 [redispool] [./sprj/util/util.lua:13] Activity Redis DBC[11]
[INFO] 2016-12-21 11:57:24 [redispool] [./sprj/util/util.lua:13] Activity Redis DBC[12]
[INFO] 2016-12-21 11:57:24 [redispool] [./sprj/util/util.lua:13] Activity Redis DBC[13]
[INFO] 2016-12-21 11:57:24 [redispool] [./sprj/util/util.lua:13] Activity Redis DBC[14]
[INFO] 2016-12-21 11:57:24 [redispool] [./sprj/util/util.lua:13] Activity Redis DBC[15]
[INFO] 2016-12-21 11:57:24 [mysqlpool] [./sprj/util/util.lua:13] MySQL DBPool useful is 15
[INFO] 2016-12-21 11:57:24 [mysqlpool] [./sprj/util/util.lua:13] Activity MySQL DBC[1]
[INFO] 2016-12-21 11:57:24 [mysqlpool] [./sprj/util/util.lua:13] Activity MySQL DBC[2]
[INFO] 2016-12-21 11:57:24 [mysqlpool] [./sprj/util/util.lua:13] Activity MySQL DBC[3]
[INFO] 2016-12-21 11:57:24 [mysqlpool] [./sprj/util/util.lua:13] Activity MySQL DBC[4]
[INFO] 2016-12-21 11:57:24 [mysqlpool] [./sprj/util/util.lua:13] Activity MySQL DBC[5]
[INFO] 2016-12-21 11:57:24 [mysqlpool] [./sprj/util/util.lua:13] Activity MySQL DBC[6]
[INFO] 2016-12-21 11:57:24 [mysqlpool] [./sprj/util/util.lua:13] Activity MySQL DBC[7]
[INFO] 2016-12-21 11:57:24 [mysqlpool] [./sprj/util/util.lua:13] Activity MySQL DBC[8]
[INFO] 2016-12-21 11:57:24 [mysqlpool] [./sprj/util/util.lua:13] Activity MySQL DBC[9]
[INFO] 2016-12-21 11:57:24 [mysqlpool] [./sprj/util/util.lua:13] Activity MySQL DBC[10]
[INFO] 2016-12-21 11:57:24 [mysqlpool] [./sprj/util/util.lua:13] Activity MySQL DBC[11]
[INFO] 2016-12-21 11:57:24 [mysqlpool] [./sprj/util/util.lua:13] Activity MySQL DBC[12]
[INFO] 2016-12-21 11:57:24 [mysqlpool] [./sprj/util/util.lua:13] Activity MySQL DBC[13]
[INFO] 2016-12-21 11:57:24 [mysqlpool] [./sprj/util/util.lua:13] Activity MySQL DBC[14]
[INFO] 2016-12-21 11:57:24 [mysqlpool] [./sprj/util/util.lua:13] Activity MySQL DBC[0]
[INFO] 2016-12-21 11:58:16 [mysqlpool] [./sprj/util/util.lua:13] MySQL getDB success
[INFO] 2016-12-21 11:58:16 [mysqlpool] [./sprj/util/util.lua:13] execute sql[select * from account]
[INFO] 2016-12-21 12:27:31 [redispool] [./sprj/util/util.lua:13] Redis DBPool useful is 15
[INFO] 2016-12-21 12:27:31 [redispool] [./sprj/util/util.lua:13] Redis getDBC success
[INFO] 2016-12-21 12:27:31 [redispool] [./sprj/util/util.lua:13] Activity Redis DBC[1]
[INFO] 2016-12-21 12:27:31 [redispool] [./sprj/util/util.lua:13] Activity Redis DBC[2]
[INFO] 2016-12-21 12:27:31 [redispool] [./sprj/util/util.lua:13] Activity Redis DBC[3]
[INFO] 2016-12-21 12:27:31 [redispool] [./sprj/util/util.lua:13] Activity Redis DBC[4]
[INFO] 2016-12-21 12:27:31 [redispool] [./sprj/util/util.lua:13] Activity Redis DBC[5]
[INFO] 2016-12-21 12:27:31 [redispool] [./sprj/util/util.lua:13] Activity Redis DBC[6]
[INFO] 2016-12-21 12:27:31 [redispool] [./sprj/util/util.lua:13] Activity Redis DBC[7]
[INFO] 2016-12-21 12:27:31 [redispool] [./sprj/util/util.lua:13] Activity Redis DBC[8]
[INFO] 2016-12-21 12:27:31 [redispool] [./sprj/util/util.lua:13] Activity Redis DBC[9]
[INFO] 2016-12-21 12:27:31 [redispool] [./sprj/util/util.lua:13] Activity Redis DBC[10]
[INFO] 2016-12-21 12:27:31 [redispool] [./sprj/util/util.lua:13] Activity Redis DBC[11]
[INFO] 2016-12-21 12:27:31 [redispool] [./sprj/util/util.lua:13] Activity Redis DBC[12]
[INFO] 2016-12-21 12:27:31 [redispool] [./sprj/util/util.lua:13] Activity Redis DBC[13]
[INFO] 2016-12-21 12:27:31 [redispool] [./sprj/util/util.lua:13] Activity Redis DBC[14]
[INFO] 2016-12-21 12:27:31 [redispool] [./sprj/util/util.lua:13] Activity Redis DBC[15]
[INFO] 2016-12-21 12:27:31 [mysqlpool] [./sprj/util/util.lua:13] MySQL DBPool useful is 15
[INFO] 2016-12-21 12:27:31 [mysqlpool] [./sprj/util/util.lua:13] Activity MySQL DBC[1]
[INFO] 2016-12-21 12:27:31 [mysqlpool] [./sprj/util/util.lua:13] Activity MySQL DBC[2]
[INFO] 2016-12-21 12:27:31 [mysqlpool] [./sprj/util/util.lua:13] Activity MySQL DBC[3]
[INFO] 2016-12-21 12:27:31 [mysqlpool] [./sprj/util/util.lua:13] Activity MySQL DBC[4]
[INFO] 2016-12-21 12:27:31 [mysqlpool] [./sprj/util/util.lua:13] Activity MySQL DBC[5]
[INFO] 2016-12-21 12:27:31 [mysqlpool] [./sprj/util/util.lua:13] Activity MySQL DBC[6]
[INFO] 2016-12-21 12:27:31 [mysqlpool] [./sprj/util/util.lua:13] Activity MySQL DBC[7]
[INFO] 2016-12-21 12:27:31 [mysqlpool] [./sprj/util/util.lua:13] Activity MySQL DBC[8]
[INFO] 2016-12-21 12:27:31 [mysqlpool] [./sprj/util/util.lua:13] Activity MySQL DBC[9]
[INFO] 2016-12-21 12:27:31 [mysqlpool] [./sprj/util/util.lua:13] Activity MySQL DBC[10]
[INFO] 2016-12-21 12:27:31 [mysqlpool] [./sprj/util/util.lua:13] Activity MySQL DBC[11]
[INFO] 2016-12-21 12:27:31 [mysqlpool] [./sprj/util/util.lua:13] Activity MySQL DBC[12]
[INFO] 2016-12-21 12:27:31 [mysqlpool] [./sprj/util/util.lua:13] Activity MySQL DBC[13]
[INFO] 2016-12-21 12:27:31 [mysqlpool] [./sprj/util/util.lua:13] Activity MySQL DBC[14]
[INFO] 2016-12-21 12:27:31 [mysqlpool] [./sprj/util/util.lua:13] Activity MySQL DBC[0]
[INFO] 2016-12-21 12:27:34 [mysqlpool] [./sprj/util/util.lua:13] MySQL getDB success
[INFO] 2016-12-21 12:27:34 [mysqlpool] [./sprj/util/util.lua:13] execute sql[select * from account]
[INFO] 2016-12-21 13:49:25 [redispool] [./sprj/util/util.lua:13] Redis DBPool useful is 15
[INFO] 2016-12-21 13:49:25 [redispool] [./sprj/util/util.lua:13] Redis getDBC success
[INFO] 2016-12-21 13:49:25 [redispool] [./sprj/util/util.lua:13] Activity Redis DBC[1]
[INFO] 2016-12-21 13:49:25 [redispool] [./sprj/util/util.lua:13] Activity Redis DBC[2]
[INFO] 2016-12-21 13:49:25 [redispool] [./sprj/util/util.lua:13] Activity Redis DBC[3]
[INFO] 2016-12-21 13:49:25 [redispool] [./sprj/util/util.lua:13] Activity Redis DBC[4]
[INFO] 2016-12-21 13:49:25 [redispool] [./sprj/util/util.lua:13] Activity Redis DBC[5]
[INFO] 2016-12-21 13:49:25 [redispool] [./sprj/util/util.lua:13] Activity Redis DBC[6]
[INFO] 2016-12-21 13:49:25 [redispool] [./sprj/util/util.lua:13] Activity Redis DBC[7]
[INFO] 2016-12-21 13:49:25 [redispool] [./sprj/util/util.lua:13] Activity Redis DBC[8]
[INFO] 2016-12-21 13:49:25 [redispool] [./sprj/util/util.lua:13] Activity Redis DBC[9]
[INFO] 2016-12-21 13:49:25 [redispool] [./sprj/util/util.lua:13] Activity Redis DBC[10]
[INFO] 2016-12-21 13:49:25 [redispool] [./sprj/util/util.lua:13] Activity Redis DBC[11]
[INFO] 2016-12-21 13:49:25 [redispool] [./sprj/util/util.lua:13] Activity Redis DBC[12]
[INFO] 2016-12-21 13:49:25 [redispool] [./sprj/util/util.lua:13] Activity Redis DBC[13]
[INFO] 2016-12-21 13:49:25 [redispool] [./sprj/util/util.lua:13] Activity Redis DBC[14]
[INFO] 2016-12-21 13:49:25 [redispool] [./sprj/util/util.lua:13] Activity Redis DBC[15]
[INFO] 2016-12-21 13:49:25 [mysqlpool] [./sprj/util/util.lua:13] MySQL DBPool useful is 15
[INFO] 2016-12-21 13:49:25 [mysqlpool] [./sprj/util/util.lua:13] Activity MySQL DBC[1]
[INFO] 2016-12-21 13:49:25 [mysqlpool] [./sprj/util/util.lua:13] Activity MySQL DBC[2]
[INFO] 2016-12-21 13:49:25 [mysqlpool] [./sprj/util/util.lua:13] Activity MySQL DBC[3]
[INFO] 2016-12-21 13:49:25 [mysqlpool] [./sprj/util/util.lua:13] Activity MySQL DBC[4]
[INFO] 2016-12-21 13:49:25 [mysqlpool] [./sprj/util/util.lua:13] Activity MySQL DBC[5]
[INFO] 2016-12-21 13:49:25 [mysqlpool] [./sprj/util/util.lua:13] Activity MySQL DBC[6]
[INFO] 2016-12-21 13:49:25 [mysqlpool] [./sprj/util/util.lua:13] Activity MySQL DBC[7]
[INFO] 2016-12-21 13:49:25 [mysqlpool] [./sprj/util/util.lua:13] Activity MySQL DBC[8]
[INFO] 2016-12-21 13:49:25 [mysqlpool] [./sprj/util/util.lua:13] Activity MySQL DBC[9]
[INFO] 2016-12-21 13:49:25 [mysqlpool] [./sprj/util/util.lua:13] Activity MySQL DBC[10]
[INFO] 2016-12-21 13:49:25 [mysqlpool] [./sprj/util/util.lua:13] Activity MySQL DBC[11]
[INFO] 2016-12-21 13:49:25 [mysqlpool] [./sprj/util/util.lua:13] Activity MySQL DBC[12]
[INFO] 2016-12-21 13:49:25 [mysqlpool] [./sprj/util/util.lua:13] Activity MySQL DBC[13]
[INFO] 2016-12-21 13:49:25 [mysqlpool] [./sprj/util/util.lua:13] Activity MySQL DBC[14]
[INFO] 2016-12-21 13:49:25 [mysqlpool] [./sprj/util/util.lua:13] Activity MySQL DBC[0]
[INFO] 2016-12-21 13:49:34 [mysqlpool] [./sprj/util/util.lua:13] MySQL getDB success
[INFO] 2016-12-21 13:49:34 [mysqlpool] [./sprj/util/util.lua:13] execute sql[select * from account]
[INFO] 2016-12-21 13:49:34 [redispool] [./sprj/util/util.lua:13] Redis getDBC success
[INFO] 2016-12-21 13:50:58 [mysqlpool] [./sprj/util/util.lua:13] MySQL getDB success
[INFO] 2016-12-21 13:50:58 [mysqlpool] [./sprj/util/util.lua:13] execute sql[select * from account]
[INFO] 2016-12-21 13:50:58 [redispool] [./sprj/util/util.lua:13] Redis getDBC success
[INFO] 2016-12-21 13:56:29 [mysqlpool] [./sprj/util/util.lua:13] MySQL getDB success
[INFO] 2016-12-21 13:56:29 [mysqlpool] [./sprj/util/util.lua:13] execute sql[select * from account]
[INFO] 2016-12-21 13:56:29 [redispool] [./sprj/util/util.lua:13] Redis getDBC success
[INFO] 2016-12-21 13:56:50 [mysqlpool] [./sprj/util/util.lua:13] MySQL getDB success
[INFO] 2016-12-21 13:56:50 [mysqlpool] [./sprj/util/util.lua:13] execute sql[select * from account]
[INFO] 2016-12-21 13:56:50 [redispool] [./sprj/util/util.lua:13] Redis getDBC success
[INFO] 2016-12-21 14:49:25 [redispool] [./sprj/util/util.lua:13] Activity Redis DBC[5]
[INFO] 2016-12-21 14:49:25 [redispool] [./sprj/util/util.lua:13] Activity Redis DBC[6]
[INFO] 2016-12-21 14:49:25 [redispool] [./sprj/util/util.lua:13] Activity Redis DBC[7]
[INFO] 2016-12-21 14:49:25 [redispool] [./sprj/util/util.lua:13] Activity Redis DBC[8]
[INFO] 2016-12-21 14:49:25 [redispool] [./sprj/util/util.lua:13] Activity Redis DBC[9]
[INFO] 2016-12-21 14:49:25 [redispool] [./sprj/util/util.lua:13] Activity Redis DBC[10]
[INFO] 2016-12-21 14:49:25 [redispool] [./sprj/util/util.lua:13] Activity Redis DBC[11]
[INFO] 2016-12-21 14:49:25 [redispool] [./sprj/util/util.lua:13] Activity Redis DBC[12]
[INFO] 2016-12-21 14:49:25 [redispool] [./sprj/util/util.lua:13] Activity Redis DBC[13]
[INFO] 2016-12-21 14:49:25 [redispool] [./sprj/util/util.lua:13] Activity Redis DBC[14]
[INFO] 2016-12-21 14:49:25 [redispool] [./sprj/util/util.lua:13] Activity Redis DBC[15]
[INFO] 2016-12-21 14:49:25 [redispool] [./sprj/util/util.lua:13] Activity Redis DBC[16]
[INFO] 2016-12-21 14:49:25 [redispool] [./sprj/util/util.lua:13] Activity Redis DBC[18]
[INFO] 2016-12-21 14:49:25 [redispool] [./sprj/util/util.lua:13] Activity Redis DBC[19]
[INFO] 2016-12-21 14:49:25 [redispool] [./sprj/util/util.lua:13] Activity Redis DBC[17]
[INFO] 2016-12-21 14:49:25 [mysqlpool] [./sprj/util/util.lua:13] Activity MySQL DBC[4]
[INFO] 2016-12-21 14:49:25 [mysqlpool] [./sprj/util/util.lua:13] Activity MySQL DBC[5]
[INFO] 2016-12-21 14:49:25 [mysqlpool] [./sprj/util/util.lua:13] Activity MySQL DBC[6]
[INFO] 2016-12-21 14:49:25 [mysqlpool] [./sprj/util/util.lua:13] Activity MySQL DBC[7]
[INFO] 2016-12-21 14:49:25 [mysqlpool] [./sprj/util/util.lua:13] Activity MySQL DBC[8]
[INFO] 2016-12-21 14:49:25 [mysqlpool] [./sprj/util/util.lua:13] Activity MySQL DBC[9]
[INFO] 2016-12-21 14:49:25 [mysqlpool] [./sprj/util/util.lua:13] Activity MySQL DBC[10]
[INFO] 2016-12-21 14:49:25 [mysqlpool] [./sprj/util/util.lua:13] Activity MySQL DBC[11]
[INFO] 2016-12-21 14:49:25 [mysqlpool] [./sprj/util/util.lua:13] Activity MySQL DBC[12]
[INFO] 2016-12-21 14:49:25 [mysqlpool] [./sprj/util/util.lua:13] Activity MySQL DBC[13]
[INFO] 2016-12-21 14:49:25 [mysqlpool] [./sprj/util/util.lua:13] Activity MySQL DBC[14]
[INFO] 2016-12-21 14:49:25 [mysqlpool] [./sprj/util/util.lua:13] Activity MySQL DBC[15]
[INFO] 2016-12-21 14:49:25 [mysqlpool] [./sprj/util/util.lua:13] Activity MySQL DBC[16]
[INFO] 2016-12-21 14:49:25 [mysqlpool] [./sprj/util/util.lua:13] Activity MySQL DBC[18]
[INFO] 2016-12-21 14:49:25 [mysqlpool] [./sprj/util/util.lua:13] Activity MySQL DBC[17]
[INFO] 2016-12-21 15:49:25 [redispool] [./sprj/util/util.lua:13] Activity Redis DBC[5]
[INFO] 2016-12-21 15:49:25 [redispool] [./sprj/util/util.lua:13] Activity Redis DBC[6]
[INFO] 2016-12-21 15:49:25 [redispool] [./sprj/util/util.lua:13] Activity Redis DBC[7]
[INFO] 2016-12-21 15:49:25 [redispool] [./sprj/util/util.lua:13] Activity Redis DBC[8]
[INFO] 2016-12-21 15:49:25 [redispool] [./sprj/util/util.lua:13] Activity Redis DBC[9]
[INFO] 2016-12-21 15:49:25 [redispool] [./sprj/util/util.lua:13] Activity Redis DBC[10]
[INFO] 2016-12-21 15:49:25 [redispool] [./sprj/util/util.lua:13] Activity Redis DBC[11]
[INFO] 2016-12-21 15:49:25 [redispool] [./sprj/util/util.lua:13] Activity Redis DBC[12]
[INFO] 2016-12-21 15:49:25 [redispool] [./sprj/util/util.lua:13] Activity Redis DBC[13]
[INFO] 2016-12-21 15:49:25 [redispool] [./sprj/util/util.lua:13] Activity Redis DBC[14]
[INFO] 2016-12-21 15:49:25 [redispool] [./sprj/util/util.lua:13] Activity Redis DBC[15]
[INFO] 2016-12-21 15:49:25 [redispool] [./sprj/util/util.lua:13] Activity Redis DBC[16]
[INFO] 2016-12-21 15:49:25 [redispool] [./sprj/util/util.lua:13] Activity Redis DBC[18]
[INFO] 2016-12-21 15:49:25 [redispool] [./sprj/util/util.lua:13] Activity Redis DBC[19]
[INFO] 2016-12-21 15:49:25 [redispool] [./sprj/util/util.lua:13] Activity Redis DBC[17]
[INFO] 2016-12-21 15:49:25 [mysqlpool] [./sprj/util/util.lua:13] Activity MySQL DBC[4]
[INFO] 2016-12-21 15:49:25 [mysqlpool] [./sprj/util/util.lua:13] Activity MySQL DBC[5]
[INFO] 2016-12-21 15:49:25 [mysqlpool] [./sprj/util/util.lua:13] Activity MySQL DBC[6]
[INFO] 2016-12-21 15:49:25 [mysqlpool] [./sprj/util/util.lua:13] Activity MySQL DBC[7]
[INFO] 2016-12-21 15:49:25 [mysqlpool] [./sprj/util/util.lua:13] Activity MySQL DBC[8]
[INFO] 2016-12-21 15:49:25 [mysqlpool] [./sprj/util/util.lua:13] Activity MySQL DBC[9]
[INFO] 2016-12-21 15:49:25 [mysqlpool] [./sprj/util/util.lua:13] Activity MySQL DBC[10]
[INFO] 2016-12-21 15:49:25 [mysqlpool] [./sprj/util/util.lua:13] Activity MySQL DBC[11]
[INFO] 2016-12-21 15:49:25 [mysqlpool] [./sprj/util/util.lua:13] Activity MySQL DBC[12]
[INFO] 2016-12-21 15:49:25 [mysqlpool] [./sprj/util/util.lua:13] Activity MySQL DBC[13]
[INFO] 2016-12-21 15:49:25 [mysqlpool] [./sprj/util/util.lua:13] Activity MySQL DBC[14]
[INFO] 2016-12-21 15:49:25 [mysqlpool] [./sprj/util/util.lua:13] Activity MySQL DBC[15]
[INFO] 2016-12-21 15:49:25 [mysqlpool] [./sprj/util/util.lua:13] Activity MySQL DBC[16]
[INFO] 2016-12-21 15:49:25 [mysqlpool] [./sprj/util/util.lua:13] Activity MySQL DBC[18]
[INFO] 2016-12-21 15:49:25 [mysqlpool] [./sprj/util/util.lua:13] Activity MySQL DBC[17]
[INFO] 2016-12-21 16:49:25 [redispool] [./sprj/util/util.lua:13] Activity Redis DBC[5]
[INFO] 2016-12-21 16:49:25 [redispool] [./sprj/util/util.lua:13] Activity Redis DBC[6]
[INFO] 2016-12-21 16:49:25 [redispool] [./sprj/util/util.lua:13] Activity Redis DBC[7]
[INFO] 2016-12-21 16:49:25 [redispool] [./sprj/util/util.lua:13] Activity Redis DBC[8]
[INFO] 2016-12-21 16:49:25 [redispool] [./sprj/util/util.lua:13] Activity Redis DBC[9]
[INFO] 2016-12-21 16:49:25 [redispool] [./sprj/util/util.lua:13] Activity Redis DBC[10]
[INFO] 2016-12-21 16:49:25 [redispool] [./sprj/util/util.lua:13] Activity Redis DBC[11]
[INFO] 2016-12-21 16:49:25 [redispool] [./sprj/util/util.lua:13] Activity Redis DBC[12]
[INFO] 2016-12-21 16:49:25 [redispool] [./sprj/util/util.lua:13] Activity Redis DBC[13]
[INFO] 2016-12-21 16:49:25 [redispool] [./sprj/util/util.lua:13] Activity Redis DBC[14]
[INFO] 2016-12-21 16:49:25 [redispool] [./sprj/util/util.lua:13] Activity Redis DBC[15]
[INFO] 2016-12-21 16:49:25 [redispool] [./sprj/util/util.lua:13] Activity Redis DBC[16]
[INFO] 2016-12-21 16:49:25 [redispool] [./sprj/util/util.lua:13] Activity Redis DBC[18]
[INFO] 2016-12-21 16:49:25 [redispool] [./sprj/util/util.lua:13] Activity Redis DBC[19]
[INFO] 2016-12-21 16:49:25 [redispool] [./sprj/util/util.lua:13] Activity Redis DBC[17]
[INFO] 2016-12-21 16:49:25 [mysqlpool] [./sprj/util/util.lua:13] Activity MySQL DBC[4]
[INFO] 2016-12-21 16:49:25 [mysqlpool] [./sprj/util/util.lua:13] Activity MySQL DBC[5]
[INFO] 2016-12-21 16:49:25 [mysqlpool] [./sprj/util/util.lua:13] Activity MySQL DBC[6]
[INFO] 2016-12-21 16:49:25 [mysqlpool] [./sprj/util/util.lua:13] Activity MySQL DBC[7]
[INFO] 2016-12-21 16:49:25 [mysqlpool] [./sprj/util/util.lua:13] Activity MySQL DBC[8]
[INFO] 2016-12-21 16:49:25 [mysqlpool] [./sprj/util/util.lua:13] Activity MySQL DBC[9]
[INFO] 2016-12-21 16:49:25 [mysqlpool] [./sprj/util/util.lua:13] Activity MySQL DBC[10]
[INFO] 2016-12-21 16:49:25 [mysqlpool] [./sprj/util/util.lua:13] Activity MySQL DBC[11]
[INFO] 2016-12-21 16:49:25 [mysqlpool] [./sprj/util/util.lua:13] Activity MySQL DBC[12]
[INFO] 2016-12-21 16:49:25 [mysqlpool] [./sprj/util/util.lua:13] Activity MySQL DBC[13]
[INFO] 2016-12-21 16:49:25 [mysqlpool] [./sprj/util/util.lua:13] Activity MySQL DBC[14]
[INFO] 2016-12-21 16:49:25 [mysqlpool] [./sprj/util/util.lua:13] Activity MySQL DBC[15]
[INFO] 2016-12-21 16:49:25 [mysqlpool] [./sprj/util/util.lua:13] Activity MySQL DBC[16]
[INFO] 2016-12-21 16:49:25 [mysqlpool] [./sprj/util/util.lua:13] Activity MySQL DBC[18]
[INFO] 2016-12-21 16:49:25 [mysqlpool] [./sprj/util/util.lua:13] Activity MySQL DBC[17]
[INFO] 2016-12-21 17:07:46 [redispool] [./sprj/util/util.lua:13] Redis DBPool useful is 15
[INFO] 2016-12-21 17:07:46 [redispool] [./sprj/util/util.lua:13] Activity Redis DBC[1]
[INFO] 2016-12-21 17:07:46 [redispool] [./sprj/util/util.lua:13] Activity Redis DBC[2]
[INFO] 2016-12-21 17:07:46 [redispool] [./sprj/util/util.lua:13] Activity Redis DBC[3]
[INFO] 2016-12-21 17:07:46 [redispool] [./sprj/util/util.lua:13] Activity Redis DBC[4]
[INFO] 2016-12-21 17:07:46 [redispool] [./sprj/util/util.lua:13] Activity Redis DBC[5]
[INFO] 2016-12-21 17:07:46 [redispool] [./sprj/util/util.lua:13] Activity Redis DBC[6]
[INFO] 2016-12-21 17:07:46 [redispool] [./sprj/util/util.lua:13] Activity Redis DBC[7]
[INFO] 2016-12-21 17:07:46 [redispool] [./sprj/util/util.lua:13] Activity Redis DBC[8]
[INFO] 2016-12-21 17:07:46 [redispool] [./sprj/util/util.lua:13] Activity Redis DBC[9]
[INFO] 2016-12-21 17:07:46 [redispool] [./sprj/util/util.lua:13] Activity Redis DBC[10]
[INFO] 2016-12-21 17:07:46 [redispool] [./sprj/util/util.lua:13] Activity Redis DBC[11]
[INFO] 2016-12-21 17:07:46 [redispool] [./sprj/util/util.lua:13] Activity Redis DBC[12]
[INFO] 2016-12-21 17:07:46 [redispool] [./sprj/util/util.lua:13] Activity Redis DBC[13]
[INFO] 2016-12-21 17:07:46 [redispool] [./sprj/util/util.lua:13] Activity Redis DBC[14]
[INFO] 2016-12-21 17:07:46 [redispool] [./sprj/util/util.lua:13] Activity Redis DBC[0]
[INFO] 2016-12-21 17:07:46 [mysqlpool] [./sprj/util/util.lua:13] MySQL DBPool useful is 15
[INFO] 2016-12-21 17:07:46 [mysqlpool] [./sprj/util/util.lua:13] Activity MySQL DBC[1]
[INFO] 2016-12-21 17:07:46 [mysqlpool] [./sprj/util/util.lua:13] Activity MySQL DBC[2]
[INFO] 2016-12-21 17:07:46 [mysqlpool] [./sprj/util/util.lua:13] Activity MySQL DBC[3]
[INFO] 2016-12-21 17:07:46 [mysqlpool] [./sprj/util/util.lua:13] Activity MySQL DBC[4]
[INFO] 2016-12-21 17:07:46 [mysqlpool] [./sprj/util/util.lua:13] Activity MySQL DBC[5]
[INFO] 2016-12-21 17:07:46 [mysqlpool] [./sprj/util/util.lua:13] Activity MySQL DBC[6]
[INFO] 2016-12-21 17:07:46 [mysqlpool] [./sprj/util/util.lua:13] Activity MySQL DBC[7]
[INFO] 2016-12-21 17:07:46 [mysqlpool] [./sprj/util/util.lua:13] Activity MySQL DBC[8]
[INFO] 2016-12-21 17:07:46 [mysqlpool] [./sprj/util/util.lua:13] Activity MySQL DBC[9]
[INFO] 2016-12-21 17:07:46 [mysqlpool] [./sprj/util/util.lua:13] Activity MySQL DBC[10]
[INFO] 2016-12-21 17:07:46 [mysqlpool] [./sprj/util/util.lua:13] Activity MySQL DBC[11]
[INFO] 2016-12-21 17:07:46 [mysqlpool] [./sprj/util/util.lua:13] Activity MySQL DBC[12]
[INFO] 2016-12-21 17:07:46 [mysqlpool] [./sprj/util/util.lua:13] Activity MySQL DBC[13]
[INFO] 2016-12-21 17:07:46 [mysqlpool] [./sprj/util/util.lua:13] Activity MySQL DBC[14]
[INFO] 2016-12-21 17:07:46 [mysqlpool] [./sprj/util/util.lua:13] Activity MySQL DBC[0]
[INFO] 2016-12-21 17:07:50 [mysqlpool] [./sprj/util/util.lua:13] MySQL getDB success
[INFO] 2016-12-21 17:07:50 [mysqlpool] [./sprj/util/util.lua:13] execute sql[select * from account]
[INFO] 2016-12-21 17:07:50 [redispool] [./sprj/util/util.lua:13] Redis getDBC success
[INFO] 2016-12-21 18:07:46 [redispool] [./sprj/util/util.lua:13] Activity Redis DBC[1]
[INFO] 2016-12-21 18:07:46 [redispool] [./sprj/util/util.lua:13] Activity Redis DBC[2]
[INFO] 2016-12-21 18:07:46 [redispool] [./sprj/util/util.lua:13] Activity Redis DBC[3]
[INFO] 2016-12-21 18:07:46 [redispool] [./sprj/util/util.lua:13] Activity Redis DBC[4]
[INFO] 2016-12-21 18:07:46 [redispool] [./sprj/util/util.lua:13] Activity Redis DBC[5]
[INFO] 2016-12-21 18:07:46 [redispool] [./sprj/util/util.lua:13] Activity Redis DBC[6]
[INFO] 2016-12-21 18:07:46 [redispool] [./sprj/util/util.lua:13] Activity Redis DBC[7]
[INFO] 2016-12-21 18:07:46 [redispool] [./sprj/util/util.lua:13] Activity Redis DBC[8]
[INFO] 2016-12-21 18:07:46 [redispool] [./sprj/util/util.lua:13] Activity Redis DBC[9]
[INFO] 2016-12-21 18:07:46 [redispool] [./sprj/util/util.lua:13] Activity Redis DBC[10]
[INFO] 2016-12-21 18:07:46 [redispool] [./sprj/util/util.lua:13] Activity Redis DBC[11]
[INFO] 2016-12-21 18:07:46 [redispool] [./sprj/util/util.lua:13] Activity Redis DBC[12]
[INFO] 2016-12-21 18:07:46 [redispool] [./sprj/util/util.lua:13] Activity Redis DBC[13]
[INFO] 2016-12-21 18:07:46 [redispool] [./sprj/util/util.lua:13] Activity Redis DBC[14]
[INFO] 2016-12-21 18:07:46 [redispool] [./sprj/util/util.lua:13] Activity Redis DBC[15]
[INFO] 2016-12-21 18:07:46 [mysqlpool] [./sprj/util/util.lua:13] Activity MySQL DBC[1]
[INFO] 2016-12-21 18:07:46 [mysqlpool] [./sprj/util/util.lua:13] Activity MySQL DBC[2]
[INFO] 2016-12-21 18:07:46 [mysqlpool] [./sprj/util/util.lua:13] Activity MySQL DBC[3]
[INFO] 2016-12-21 18:07:46 [mysqlpool] [./sprj/util/util.lua:13] Activity MySQL DBC[4]
[INFO] 2016-12-21 18:07:46 [mysqlpool] [./sprj/util/util.lua:13] Activity MySQL DBC[5]
[INFO] 2016-12-21 18:07:46 [mysqlpool] [./sprj/util/util.lua:13] Activity MySQL DBC[6]
[INFO] 2016-12-21 18:07:46 [mysqlpool] [./sprj/util/util.lua:13] Activity MySQL DBC[7]
[INFO] 2016-12-21 18:07:46 [mysqlpool] [./sprj/util/util.lua:13] Activity MySQL DBC[8]
[INFO] 2016-12-21 18:07:46 [mysqlpool] [./sprj/util/util.lua:13] Activity MySQL DBC[9]
[INFO] 2016-12-21 18:07:46 [mysqlpool] [./sprj/util/util.lua:13] Activity MySQL DBC[10]
[INFO] 2016-12-21 18:07:46 [mysqlpool] [./sprj/util/util.lua:13] Activity MySQL DBC[11]
[INFO] 2016-12-21 18:07:46 [mysqlpool] [./sprj/util/util.lua:13] Activity MySQL DBC[12]
[INFO] 2016-12-21 18:07:46 [mysqlpool] [./sprj/util/util.lua:13] Activity MySQL DBC[13]
[INFO] 2016-12-21 18:07:46 [mysqlpool] [./sprj/util/util.lua:13] Activity MySQL DBC[14]
[INFO] 2016-12-21 18:07:46 [mysqlpool] [./sprj/util/util.lua:13] Activity MySQL DBC[15]
[INFO] 2016-12-21 18:10:13 [redispool] [./sprj/util/util.lua:13] Redis DBPool useful is 15
[INFO] 2016-12-21 18:10:13 [redispool] [./sprj/util/util.lua:13] Activity Redis DBC[1]
[INFO] 2016-12-21 18:10:13 [redispool] [./sprj/util/util.lua:13] Activity Redis DBC[2]
[INFO] 2016-12-21 18:10:13 [redispool] [./sprj/util/util.lua:13] Activity Redis DBC[3]
[INFO] 2016-12-21 18:10:13 [redispool] [./sprj/util/util.lua:13] Activity Redis DBC[4]
[INFO] 2016-12-21 18:10:13 [redispool] [./sprj/util/util.lua:13] Activity Redis DBC[5]
[INFO] 2016-12-21 18:10:13 [redispool] [./sprj/util/util.lua:13] Activity Redis DBC[6]
[INFO] 2016-12-21 18:10:13 [redispool] [./sprj/util/util.lua:13] Activity Redis DBC[7]
[INFO] 2016-12-21 18:10:13 [redispool] [./sprj/util/util.lua:13] Activity Redis DBC[8]
[INFO] 2016-12-21 18:10:13 [redispool] [./sprj/util/util.lua:13] Activity Redis DBC[9]
[INFO] 2016-12-21 18:10:13 [redispool] [./sprj/util/util.lua:13] Activity Redis DBC[10]
[INFO] 2016-12-21 18:10:13 [redispool] [./sprj/util/util.lua:13] Activity Redis DBC[11]
[INFO] 2016-12-21 18:10:13 [redispool] [./sprj/util/util.lua:13] Activity Redis DBC[12]
[INFO] 2016-12-21 18:10:13 [redispool] [./sprj/util/util.lua:13] Activity Redis DBC[13]
[INFO] 2016-12-21 18:10:13 [redispool] [./sprj/util/util.lua:13] Activity Redis DBC[14]
[INFO] 2016-12-21 18:10:13 [redispool] [./sprj/util/util.lua:13] Activity Redis DBC[0]
[INFO] 2016-12-21 18:10:13 [mysqlpool] [./sprj/util/util.lua:13] MySQL DBPool useful is 15
[INFO] 2016-12-21 18:10:13 [mysqlpool] [./sprj/util/util.lua:13] Activity MySQL DBC[1]
[INFO] 2016-12-21 18:10:13 [mysqlpool] [./sprj/util/util.lua:13] Activity MySQL DBC[2]
[INFO] 2016-12-21 18:10:13 [mysqlpool] [./sprj/util/util.lua:13] Activity MySQL DBC[3]
[INFO] 2016-12-21 18:10:13 [mysqlpool] [./sprj/util/util.lua:13] Activity MySQL DBC[4]
[INFO] 2016-12-21 18:10:13 [mysqlpool] [./sprj/util/util.lua:13] Activity MySQL DBC[5]
[INFO] 2016-12-21 18:10:13 [mysqlpool] [./sprj/util/util.lua:13] Activity MySQL DBC[6]
[INFO] 2016-12-21 18:10:13 [mysqlpool] [./sprj/util/util.lua:13] Activity MySQL DBC[7]
[INFO] 2016-12-21 18:10:13 [mysqlpool] [./sprj/util/util.lua:13] Activity MySQL DBC[8]
[INFO] 2016-12-21 18:10:13 [mysqlpool] [./sprj/util/util.lua:13] Activity MySQL DBC[9]
[INFO] 2016-12-21 18:10:13 [mysqlpool] [./sprj/util/util.lua:13] Activity MySQL DBC[10]
[INFO] 2016-12-21 18:10:13 [mysqlpool] [./sprj/util/util.lua:13] Activity MySQL DBC[11]
[INFO] 2016-12-21 18:10:13 [mysqlpool] [./sprj/util/util.lua:13] Activity MySQL DBC[12]
[INFO] 2016-12-21 18:10:13 [mysqlpool] [./sprj/util/util.lua:13] Activity MySQL DBC[13]
[INFO] 2016-12-21 18:10:13 [mysqlpool] [./sprj/util/util.lua:13] Activity MySQL DBC[14]
[INFO] 2016-12-21 18:10:13 [mysqlpool] [./sprj/util/util.lua:13] Activity MySQL DBC[0]
[INFO] 2016-12-21 18:10:16 [mysqlpool] [./sprj/util/util.lua:13] MySQL getDB success
[INFO] 2016-12-21 18:10:16 [mysqlpool] [./sprj/util/util.lua:13] execute sql[select * from account]
[INFO] 2016-12-21 18:10:16 [redispool] [./sprj/util/util.lua:13] Redis getDBC success
