[INFO] 2016-12-27 17:21:18 [redispool] [./sprj/util/util.lua:13] Redis DBPool useful is 15
[INFO] 2016-12-27 17:21:18 [redispool] [./sprj/util/util.lua:13] Activity Redis DBC[1]
[INFO] 2016-12-27 17:21:18 [redispool] [./sprj/util/util.lua:13] Activity Redis DBC[2]
[INFO] 2016-12-27 17:21:18 [redispool] [./sprj/util/util.lua:13] Activity Redis DBC[3]
[INFO] 2016-12-27 17:21:18 [redispool] [./sprj/util/util.lua:13] Activity Redis DBC[4]
[INFO] 2016-12-27 17:21:18 [redispool] [./sprj/util/util.lua:13] Activity Redis DBC[5]
[INFO] 2016-12-27 17:21:18 [redispool] [./sprj/util/util.lua:13] Activity Redis DBC[6]
[INFO] 2016-12-27 17:21:18 [redispool] [./sprj/util/util.lua:13] Activity Redis DBC[7]
[INFO] 2016-12-27 17:21:18 [redispool] [./sprj/util/util.lua:13] Activity Redis DBC[8]
[INFO] 2016-12-27 17:21:18 [redispool] [./sprj/util/util.lua:13] Activity Redis DBC[9]
[INFO] 2016-12-27 17:21:18 [redispool] [./sprj/util/util.lua:13] Activity Redis DBC[10]
[INFO] 2016-12-27 17:21:18 [redispool] [./sprj/util/util.lua:13] Activity Redis DBC[11]
[INFO] 2016-12-27 17:21:18 [redispool] [./sprj/util/util.lua:13] Activity Redis DBC[12]
[INFO] 2016-12-27 17:21:18 [redispool] [./sprj/util/util.lua:13] Activity Redis DBC[13]
[INFO] 2016-12-27 17:21:18 [redispool] [./sprj/util/util.lua:13] Activity Redis DBC[14]
[INFO] 2016-12-27 17:21:18 [redispool] [./sprj/util/util.lua:13] Activity Redis DBC[0]
[INFO] 2016-12-27 17:21:18 [mysqlpool] [./sprj/util/util.lua:13] MySQL DBPool useful is 15
[INFO] 2016-12-27 17:21:18 [mysqlpool] [./sprj/util/util.lua:13] Activity MySQL DBC[1]
[INFO] 2016-12-27 17:21:18 [mysqlpool] [./sprj/util/util.lua:13] Activity MySQL DBC[2]
[INFO] 2016-12-27 17:21:18 [mysqlpool] [./sprj/util/util.lua:13] Activity MySQL DBC[3]
[INFO] 2016-12-27 17:21:18 [mysqlpool] [./sprj/util/util.lua:13] Activity MySQL DBC[4]
[INFO] 2016-12-27 17:21:18 [mysqlpool] [./sprj/util/util.lua:13] Activity MySQL DBC[5]
[INFO] 2016-12-27 17:21:18 [mysqlpool] [./sprj/util/util.lua:13] Activity MySQL DBC[6]
[INFO] 2016-12-27 17:21:18 [mysqlpool] [./sprj/util/util.lua:13] Activity MySQL DBC[7]
[INFO] 2016-12-27 17:21:18 [mysqlpool] [./sprj/util/util.lua:13] Activity MySQL DBC[8]
[INFO] 2016-12-27 17:21:18 [mysqlpool] [./sprj/util/util.lua:13] Activity MySQL DBC[9]
[INFO] 2016-12-27 17:21:18 [mysqlpool] [./sprj/util/util.lua:13] Activity MySQL DBC[10]
[INFO] 2016-12-27 17:21:18 [mysqlpool] [./sprj/util/util.lua:13] Activity MySQL DBC[11]
[INFO] 2016-12-27 17:21:18 [mysqlpool] [./sprj/util/util.lua:13] Activity MySQL DBC[12]
[INFO] 2016-12-27 17:21:18 [mysqlpool] [./sprj/util/util.lua:13] Activity MySQL DBC[13]
[INFO] 2016-12-27 17:21:18 [mysqlpool] [./sprj/util/util.lua:13] Activity MySQL DBC[14]
[INFO] 2016-12-27 17:21:18 [mysqlpool] [./sprj/util/util.lua:13] Activity MySQL DBC[0]
[INFO] 2016-12-27 17:21:31 [mysqlpool] [./sprj/util/util.lua:13] MySQL getDB success
[INFO] 2016-12-27 17:21:31 [mysqlpool] [./sprj/util/util.lua:13] execute sql[select * from account where username='interface' and password='interface']
[INFO] 2016-12-27 17:27:44 [mysqlpool] [./sprj/util/util.lua:13] MySQL getDB success
[INFO] 2016-12-27 17:27:44 [mysqlpool] [./sprj/util/util.lua:13] execute sql[select * from user where username='interface' and password='interface']
[INFO] 2016-12-27 17:28:33 [mysqlpool] [./sprj/util/util.lua:13] MySQL getDB success
[INFO] 2016-12-27 17:28:33 [mysqlpool] [./sprj/util/util.lua:13] execute sql[select * from user where username='inter' and password='int']
[INFO] 2016-12-27 17:39:41 [redispool] [./sprj/util/util.lua:13] Redis DBPool useful is 15
[INFO] 2016-12-27 17:39:41 [redispool] [./sprj/util/util.lua:13] Activity Redis DBC[1]
[INFO] 2016-12-27 17:39:41 [redispool] [./sprj/util/util.lua:13] Activity Redis DBC[2]
[INFO] 2016-12-27 17:39:41 [redispool] [./sprj/util/util.lua:13] Activity Redis DBC[3]
[INFO] 2016-12-27 17:39:41 [redispool] [./sprj/util/util.lua:13] Activity Redis DBC[4]
[INFO] 2016-12-27 17:39:41 [redispool] [./sprj/util/util.lua:13] Activity Redis DBC[5]
[INFO] 2016-12-27 17:39:41 [redispool] [./sprj/util/util.lua:13] Activity Redis DBC[6]
[INFO] 2016-12-27 17:39:41 [redispool] [./sprj/util/util.lua:13] Activity Redis DBC[7]
[INFO] 2016-12-27 17:39:41 [redispool] [./sprj/util/util.lua:13] Activity Redis DBC[8]
[INFO] 2016-12-27 17:39:41 [redispool] [./sprj/util/util.lua:13] Activity Redis DBC[9]
[INFO] 2016-12-27 17:39:41 [redispool] [./sprj/util/util.lua:13] Activity Redis DBC[10]
[INFO] 2016-12-27 17:39:41 [redispool] [./sprj/util/util.lua:13] Activity Redis DBC[11]
[INFO] 2016-12-27 17:39:41 [redispool] [./sprj/util/util.lua:13] Activity Redis DBC[12]
[INFO] 2016-12-27 17:39:41 [redispool] [./sprj/util/util.lua:13] Activity Redis DBC[13]
[INFO] 2016-12-27 17:39:41 [redispool] [./sprj/util/util.lua:13] Activity Redis DBC[14]
[INFO] 2016-12-27 17:39:41 [redispool] [./sprj/util/util.lua:13] Activity Redis DBC[0]
[INFO] 2016-12-27 17:39:41 [mysqlpool] [./sprj/util/util.lua:13] MySQL DBPool useful is 15
[INFO] 2016-12-27 17:39:41 [mysqlpool] [./sprj/util/util.lua:13] Activity MySQL DBC[1]
[INFO] 2016-12-27 17:39:41 [mysqlpool] [./sprj/util/util.lua:13] Activity MySQL DBC[2]
[INFO] 2016-12-27 17:39:41 [mysqlpool] [./sprj/util/util.lua:13] Activity MySQL DBC[3]
[INFO] 2016-12-27 17:39:41 [mysqlpool] [./sprj/util/util.lua:13] Activity MySQL DBC[4]
[INFO] 2016-12-27 17:39:41 [mysqlpool] [./sprj/util/util.lua:13] Activity MySQL DBC[5]
[INFO] 2016-12-27 17:39:41 [mysqlpool] [./sprj/util/util.lua:13] Activity MySQL DBC[6]
[INFO] 2016-12-27 17:39:41 [mysqlpool] [./sprj/util/util.lua:13] Activity MySQL DBC[7]
[INFO] 2016-12-27 17:39:41 [mysqlpool] [./sprj/util/util.lua:13] Activity MySQL DBC[8]
[INFO] 2016-12-27 17:39:41 [mysqlpool] [./sprj/util/util.lua:13] Activity MySQL DBC[9]
[INFO] 2016-12-27 17:39:41 [mysqlpool] [./sprj/util/util.lua:13] Activity MySQL DBC[10]
[INFO] 2016-12-27 17:39:41 [mysqlpool] [./sprj/util/util.lua:13] Activity MySQL DBC[11]
[INFO] 2016-12-27 17:39:41 [mysqlpool] [./sprj/util/util.lua:13] Activity MySQL DBC[12]
[INFO] 2016-12-27 17:39:41 [mysqlpool] [./sprj/util/util.lua:13] Activity MySQL DBC[13]
[INFO] 2016-12-27 17:39:41 [mysqlpool] [./sprj/util/util.lua:13] Activity MySQL DBC[14]
[INFO] 2016-12-27 17:39:41 [mysqlpool] [./sprj/util/util.lua:13] Activity MySQL DBC[0]
[INFO] 2016-12-27 17:39:49 [mysqlpool] [./sprj/util/util.lua:13] MySQL getDB success
[INFO] 2016-12-27 17:39:49 [mysqlpool] [./sprj/util/util.lua:13] execute sql[select * from user where username='interface' and password='interface']
[INFO] 2016-12-27 17:40:03 [mysqlpool] [./sprj/util/util.lua:13] MySQL getDB success
[INFO] 2016-12-27 17:40:03 [mysqlpool] [./sprj/util/util.lua:13] execute sql[select * from user where username='dd' and password='dd']
[INFO] 2016-12-27 17:45:29 [mysqlpool] [./sprj/util/util.lua:13] MySQL getDB success
[INFO] 2016-12-27 17:45:29 [mysqlpool] [./sprj/util/util.lua:13] execute sql[select * from user where username='interface' and password='interface']
[INFO] 2016-12-27 18:04:15 [redispool] [./sprj/util/util.lua:13] Redis DBPool useful is 15
[INFO] 2016-12-27 18:04:15 [redispool] [./sprj/util/util.lua:13] Activity Redis DBC[1]
[INFO] 2016-12-27 18:04:15 [redispool] [./sprj/util/util.lua:13] Activity Redis DBC[2]
[INFO] 2016-12-27 18:04:15 [redispool] [./sprj/util/util.lua:13] Activity Redis DBC[3]
[INFO] 2016-12-27 18:04:15 [redispool] [./sprj/util/util.lua:13] Activity Redis DBC[4]
[INFO] 2016-12-27 18:04:15 [redispool] [./sprj/util/util.lua:13] Activity Redis DBC[5]
[INFO] 2016-12-27 18:04:15 [redispool] [./sprj/util/util.lua:13] Activity Redis DBC[6]
[INFO] 2016-12-27 18:04:15 [redispool] [./sprj/util/util.lua:13] Activity Redis DBC[7]
[INFO] 2016-12-27 18:04:15 [redispool] [./sprj/util/util.lua:13] Activity Redis DBC[8]
[INFO] 2016-12-27 18:04:15 [redispool] [./sprj/util/util.lua:13] Activity Redis DBC[9]
[INFO] 2016-12-27 18:04:15 [redispool] [./sprj/util/util.lua:13] Activity Redis DBC[10]
[INFO] 2016-12-27 18:04:15 [redispool] [./sprj/util/util.lua:13] Activity Redis DBC[11]
[INFO] 2016-12-27 18:04:15 [redispool] [./sprj/util/util.lua:13] Activity Redis DBC[12]
[INFO] 2016-12-27 18:04:15 [redispool] [./sprj/util/util.lua:13] Activity Redis DBC[13]
[INFO] 2016-12-27 18:04:15 [redispool] [./sprj/util/util.lua:13] Activity Redis DBC[14]
[INFO] 2016-12-27 18:04:15 [redispool] [./sprj/util/util.lua:13] Activity Redis DBC[0]
[INFO] 2016-12-27 18:04:15 [mysqlpool] [./sprj/util/util.lua:13] MySQL DBPool useful is 15
[INFO] 2016-12-27 18:04:15 [mysqlpool] [./sprj/util/util.lua:13] Activity MySQL DBC[1]
[INFO] 2016-12-27 18:04:15 [mysqlpool] [./sprj/util/util.lua:13] Activity MySQL DBC[2]
[INFO] 2016-12-27 18:04:15 [mysqlpool] [./sprj/util/util.lua:13] Activity MySQL DBC[3]
[INFO] 2016-12-27 18:04:15 [mysqlpool] [./sprj/util/util.lua:13] Activity MySQL DBC[4]
[INFO] 2016-12-27 18:04:15 [mysqlpool] [./sprj/util/util.lua:13] Activity MySQL DBC[5]
[INFO] 2016-12-27 18:04:15 [mysqlpool] [./sprj/util/util.lua:13] Activity MySQL DBC[6]
[INFO] 2016-12-27 18:04:15 [mysqlpool] [./sprj/util/util.lua:13] Activity MySQL DBC[7]
[INFO] 2016-12-27 18:04:15 [mysqlpool] [./sprj/util/util.lua:13] Activity MySQL DBC[8]
[INFO] 2016-12-27 18:04:15 [mysqlpool] [./sprj/util/util.lua:13] Activity MySQL DBC[9]
[INFO] 2016-12-27 18:04:15 [mysqlpool] [./sprj/util/util.lua:13] Activity MySQL DBC[10]
[INFO] 2016-12-27 18:04:15 [mysqlpool] [./sprj/util/util.lua:13] Activity MySQL DBC[11]
[INFO] 2016-12-27 18:04:15 [mysqlpool] [./sprj/util/util.lua:13] Activity MySQL DBC[12]
[INFO] 2016-12-27 18:04:15 [mysqlpool] [./sprj/util/util.lua:13] Activity MySQL DBC[13]
[INFO] 2016-12-27 18:04:15 [mysqlpool] [./sprj/util/util.lua:13] Activity MySQL DBC[14]
[INFO] 2016-12-27 18:04:15 [mysqlpool] [./sprj/util/util.lua:13] Activity MySQL DBC[0]
[INFO] 2016-12-27 18:04:30 [mysqlpool] [./sprj/util/util.lua:13] MySQL getDB success
[INFO] 2016-12-27 18:04:30 [mysqlpool] [./sprj/util/util.lua:13] execute sql[select * from user where username='interface' and password='interface']
