[INFO] 2016-12-22 10:15:38 [redispool] [./sprj/util/util.lua:13] Redis DBPool useful is 15
[INFO] 2016-12-22 10:15:38 [redispool] [./sprj/util/util.lua:13] Activity Redis DBC[1]
[INFO] 2016-12-22 10:15:38 [redispool] [./sprj/util/util.lua:13] Activity Redis DBC[2]
[INFO] 2016-12-22 10:15:38 [redispool] [./sprj/util/util.lua:13] Activity Redis DBC[3]
[INFO] 2016-12-22 10:15:38 [redispool] [./sprj/util/util.lua:13] Activity Redis DBC[4]
[INFO] 2016-12-22 10:15:38 [redispool] [./sprj/util/util.lua:13] Activity Redis DBC[5]
[INFO] 2016-12-22 10:15:38 [redispool] [./sprj/util/util.lua:13] Activity Redis DBC[6]
[INFO] 2016-12-22 10:15:38 [redispool] [./sprj/util/util.lua:13] Activity Redis DBC[7]
[INFO] 2016-12-22 10:15:38 [redispool] [./sprj/util/util.lua:13] Activity Redis DBC[8]
[INFO] 2016-12-22 10:15:38 [redispool] [./sprj/util/util.lua:13] Activity Redis DBC[9]
[INFO] 2016-12-22 10:15:38 [redispool] [./sprj/util/util.lua:13] Activity Redis DBC[10]
[INFO] 2016-12-22 10:15:38 [redispool] [./sprj/util/util.lua:13] Activity Redis DBC[11]
[INFO] 2016-12-22 10:15:38 [redispool] [./sprj/util/util.lua:13] Activity Redis DBC[12]
[INFO] 2016-12-22 10:15:38 [redispool] [./sprj/util/util.lua:13] Activity Redis DBC[13]
[INFO] 2016-12-22 10:15:38 [redispool] [./sprj/util/util.lua:13] Activity Redis DBC[14]
[INFO] 2016-12-22 10:15:38 [redispool] [./sprj/util/util.lua:13] Activity Redis DBC[0]
[INFO] 2016-12-22 10:15:38 [mysqlpool] [./sprj/util/util.lua:13] MySQL DBPool useful is 15
[INFO] 2016-12-22 10:15:38 [mysqlpool] [./sprj/util/util.lua:13] Activity MySQL DBC[1]
[INFO] 2016-12-22 10:15:38 [mysqlpool] [./sprj/util/util.lua:13] Activity MySQL DBC[2]
[INFO] 2016-12-22 10:15:38 [mysqlpool] [./sprj/util/util.lua:13] Activity MySQL DBC[3]
[INFO] 2016-12-22 10:15:38 [mysqlpool] [./sprj/util/util.lua:13] Activity MySQL DBC[4]
[INFO] 2016-12-22 10:15:38 [mysqlpool] [./sprj/util/util.lua:13] Activity MySQL DBC[5]
[INFO] 2016-12-22 10:15:38 [mysqlpool] [./sprj/util/util.lua:13] Activity MySQL DBC[6]
[INFO] 2016-12-22 10:15:38 [mysqlpool] [./sprj/util/util.lua:13] Activity MySQL DBC[7]
[INFO] 2016-12-22 10:15:38 [mysqlpool] [./sprj/util/util.lua:13] Activity MySQL DBC[8]
[INFO] 2016-12-22 10:15:38 [mysqlpool] [./sprj/util/util.lua:13] Activity MySQL DBC[9]
[INFO] 2016-12-22 10:15:38 [mysqlpool] [./sprj/util/util.lua:13] Activity MySQL DBC[10]
[INFO] 2016-12-22 10:15:38 [mysqlpool] [./sprj/util/util.lua:13] Activity MySQL DBC[11]
[INFO] 2016-12-22 10:15:38 [mysqlpool] [./sprj/util/util.lua:13] Activity MySQL DBC[12]
[INFO] 2016-12-22 10:15:38 [mysqlpool] [./sprj/util/util.lua:13] Activity MySQL DBC[13]
[INFO] 2016-12-22 10:15:38 [mysqlpool] [./sprj/util/util.lua:13] Activity MySQL DBC[14]
[INFO] 2016-12-22 10:15:38 [mysqlpool] [./sprj/util/util.lua:13] Activity MySQL DBC[0]
[INFO] 2016-12-22 10:17:07 [mysqlpool] [./sprj/util/util.lua:13] MySQL getDB success
[INFO] 2016-12-22 10:17:07 [mysqlpool] [./sprj/util/util.lua:13] execute sql[select * from account]
[INFO] 2016-12-22 10:17:07 [redispool] [./sprj/util/util.lua:13] Redis getDBC success
[INFO] 2016-12-22 10:18:05 [mysqlpool] [./sprj/util/util.lua:13] MySQL getDB success
[INFO] 2016-12-22 10:18:05 [mysqlpool] [./sprj/util/util.lua:13] execute sql[select * from account]
[INFO] 2016-12-22 10:18:05 [redispool] [./sprj/util/util.lua:13] Redis getDBC success
[INFO] 2016-12-22 10:19:11 [redispool] [./sprj/util/util.lua:13] Redis DBPool useful is 15
[INFO] 2016-12-22 10:19:11 [redispool] [./sprj/util/util.lua:13] Activity Redis DBC[1]
[INFO] 2016-12-22 10:19:11 [redispool] [./sprj/util/util.lua:13] Activity Redis DBC[2]
[INFO] 2016-12-22 10:19:11 [redispool] [./sprj/util/util.lua:13] Activity Redis DBC[3]
[INFO] 2016-12-22 10:19:11 [redispool] [./sprj/util/util.lua:13] Activity Redis DBC[4]
[INFO] 2016-12-22 10:19:11 [redispool] [./sprj/util/util.lua:13] Activity Redis DBC[5]
[INFO] 2016-12-22 10:19:11 [redispool] [./sprj/util/util.lua:13] Activity Redis DBC[6]
[INFO] 2016-12-22 10:19:11 [redispool] [./sprj/util/util.lua:13] Activity Redis DBC[7]
[INFO] 2016-12-22 10:19:11 [redispool] [./sprj/util/util.lua:13] Activity Redis DBC[8]
[INFO] 2016-12-22 10:19:11 [redispool] [./sprj/util/util.lua:13] Activity Redis DBC[9]
[INFO] 2016-12-22 10:19:11 [redispool] [./sprj/util/util.lua:13] Activity Redis DBC[10]
[INFO] 2016-12-22 10:19:11 [redispool] [./sprj/util/util.lua:13] Activity Redis DBC[11]
[INFO] 2016-12-22 10:19:11 [redispool] [./sprj/util/util.lua:13] Activity Redis DBC[12]
[INFO] 2016-12-22 10:19:11 [redispool] [./sprj/util/util.lua:13] Activity Redis DBC[13]
[INFO] 2016-12-22 10:19:11 [redispool] [./sprj/util/util.lua:13] Activity Redis DBC[14]
[INFO] 2016-12-22 10:19:11 [redispool] [./sprj/util/util.lua:13] Activity Redis DBC[0]
[INFO] 2016-12-22 10:19:11 [mysqlpool] [./sprj/util/util.lua:13] MySQL DBPool useful is 15
[INFO] 2016-12-22 10:19:11 [mysqlpool] [./sprj/util/util.lua:13] Activity MySQL DBC[1]
[INFO] 2016-12-22 10:19:11 [mysqlpool] [./sprj/util/util.lua:13] Activity MySQL DBC[2]
[INFO] 2016-12-22 10:19:11 [mysqlpool] [./sprj/util/util.lua:13] Activity MySQL DBC[3]
[INFO] 2016-12-22 10:19:11 [mysqlpool] [./sprj/util/util.lua:13] Activity MySQL DBC[4]
[INFO] 2016-12-22 10:19:11 [mysqlpool] [./sprj/util/util.lua:13] Activity MySQL DBC[5]
[INFO] 2016-12-22 10:19:11 [mysqlpool] [./sprj/util/util.lua:13] Activity MySQL DBC[6]
[INFO] 2016-12-22 10:19:11 [mysqlpool] [./sprj/util/util.lua:13] Activity MySQL DBC[7]
[INFO] 2016-12-22 10:19:11 [mysqlpool] [./sprj/util/util.lua:13] Activity MySQL DBC[8]
[INFO] 2016-12-22 10:19:11 [mysqlpool] [./sprj/util/util.lua:13] Activity MySQL DBC[9]
[INFO] 2016-12-22 10:19:11 [mysqlpool] [./sprj/util/util.lua:13] Activity MySQL DBC[10]
[INFO] 2016-12-22 10:19:11 [mysqlpool] [./sprj/util/util.lua:13] Activity MySQL DBC[11]
[INFO] 2016-12-22 10:19:11 [mysqlpool] [./sprj/util/util.lua:13] Activity MySQL DBC[12]
[INFO] 2016-12-22 10:19:11 [mysqlpool] [./sprj/util/util.lua:13] Activity MySQL DBC[13]
[INFO] 2016-12-22 10:19:11 [mysqlpool] [./sprj/util/util.lua:13] Activity MySQL DBC[14]
[INFO] 2016-12-22 10:19:11 [mysqlpool] [./sprj/util/util.lua:13] Activity MySQL DBC[0]
[INFO] 2016-12-22 10:19:13 [mysqlpool] [./sprj/util/util.lua:13] MySQL getDB success
[INFO] 2016-12-22 10:19:13 [mysqlpool] [./sprj/util/util.lua:13] execute sql[select * from account]
[INFO] 2016-12-22 10:19:13 [redispool] [./sprj/util/util.lua:13] Redis getDBC success
[INFO] 2016-12-22 10:21:05 [redispool] [./sprj/util/util.lua:13] Redis DBPool useful is 15
[INFO] 2016-12-22 10:21:05 [redispool] [./sprj/util/util.lua:13] Activity Redis DBC[1]
[INFO] 2016-12-22 10:21:05 [redispool] [./sprj/util/util.lua:13] Activity Redis DBC[2]
[INFO] 2016-12-22 10:21:05 [redispool] [./sprj/util/util.lua:13] Activity Redis DBC[3]
[INFO] 2016-12-22 10:21:05 [redispool] [./sprj/util/util.lua:13] Activity Redis DBC[4]
[INFO] 2016-12-22 10:21:05 [redispool] [./sprj/util/util.lua:13] Activity Redis DBC[5]
[INFO] 2016-12-22 10:21:05 [redispool] [./sprj/util/util.lua:13] Activity Redis DBC[6]
[INFO] 2016-12-22 10:21:05 [redispool] [./sprj/util/util.lua:13] Activity Redis DBC[7]
[INFO] 2016-12-22 10:21:05 [redispool] [./sprj/util/util.lua:13] Activity Redis DBC[8]
[INFO] 2016-12-22 10:21:05 [redispool] [./sprj/util/util.lua:13] Activity Redis DBC[9]
[INFO] 2016-12-22 10:21:05 [redispool] [./sprj/util/util.lua:13] Activity Redis DBC[10]
[INFO] 2016-12-22 10:21:05 [redispool] [./sprj/util/util.lua:13] Activity Redis DBC[11]
[INFO] 2016-12-22 10:21:05 [redispool] [./sprj/util/util.lua:13] Activity Redis DBC[12]
[INFO] 2016-12-22 10:21:05 [redispool] [./sprj/util/util.lua:13] Activity Redis DBC[13]
[INFO] 2016-12-22 10:21:05 [redispool] [./sprj/util/util.lua:13] Activity Redis DBC[14]
[INFO] 2016-12-22 10:21:05 [redispool] [./sprj/util/util.lua:13] Activity Redis DBC[0]
[INFO] 2016-12-22 10:21:05 [mysqlpool] [./sprj/util/util.lua:13] MySQL DBPool useful is 15
[INFO] 2016-12-22 10:21:05 [mysqlpool] [./sprj/util/util.lua:13] Activity MySQL DBC[1]
[INFO] 2016-12-22 10:21:05 [mysqlpool] [./sprj/util/util.lua:13] Activity MySQL DBC[2]
[INFO] 2016-12-22 10:21:05 [mysqlpool] [./sprj/util/util.lua:13] Activity MySQL DBC[3]
[INFO] 2016-12-22 10:21:05 [mysqlpool] [./sprj/util/util.lua:13] Activity MySQL DBC[4]
[INFO] 2016-12-22 10:21:05 [mysqlpool] [./sprj/util/util.lua:13] Activity MySQL DBC[5]
[INFO] 2016-12-22 10:21:05 [mysqlpool] [./sprj/util/util.lua:13] Activity MySQL DBC[6]
[INFO] 2016-12-22 10:21:05 [mysqlpool] [./sprj/util/util.lua:13] Activity MySQL DBC[7]
[INFO] 2016-12-22 10:21:05 [mysqlpool] [./sprj/util/util.lua:13] Activity MySQL DBC[8]
[INFO] 2016-12-22 10:21:05 [mysqlpool] [./sprj/util/util.lua:13] Activity MySQL DBC[9]
[INFO] 2016-12-22 10:21:05 [mysqlpool] [./sprj/util/util.lua:13] Activity MySQL DBC[10]
[INFO] 2016-12-22 10:21:05 [mysqlpool] [./sprj/util/util.lua:13] Activity MySQL DBC[11]
[INFO] 2016-12-22 10:21:05 [mysqlpool] [./sprj/util/util.lua:13] Activity MySQL DBC[12]
[INFO] 2016-12-22 10:21:05 [mysqlpool] [./sprj/util/util.lua:13] Activity MySQL DBC[13]
[INFO] 2016-12-22 10:21:05 [mysqlpool] [./sprj/util/util.lua:13] Activity MySQL DBC[14]
[INFO] 2016-12-22 10:21:05 [mysqlpool] [./sprj/util/util.lua:13] Activity MySQL DBC[0]
[INFO] 2016-12-22 10:21:09 [mysqlpool] [./sprj/util/util.lua:13] MySQL getDB success
[INFO] 2016-12-22 10:21:09 [mysqlpool] [./sprj/util/util.lua:13] execute sql[select * from account]
[INFO] 2016-12-22 10:21:09 [redispool] [./sprj/util/util.lua:13] Redis getDBC success
[INFO] 2016-12-22 16:23:00 [redispool] [./sprj/util/util.lua:13] Redis DBPool useful is 15
[INFO] 2016-12-22 16:23:00 [redispool] [./sprj/util/util.lua:13] Activity Redis DBC[1]
[INFO] 2016-12-22 16:23:00 [redispool] [./sprj/util/util.lua:13] Activity Redis DBC[2]
[INFO] 2016-12-22 16:23:00 [redispool] [./sprj/util/util.lua:13] Activity Redis DBC[3]
[INFO] 2016-12-22 16:23:00 [redispool] [./sprj/util/util.lua:13] Activity Redis DBC[4]
[INFO] 2016-12-22 16:23:00 [redispool] [./sprj/util/util.lua:13] Activity Redis DBC[5]
[INFO] 2016-12-22 16:23:00 [redispool] [./sprj/util/util.lua:13] Activity Redis DBC[6]
[INFO] 2016-12-22 16:23:00 [redispool] [./sprj/util/util.lua:13] Activity Redis DBC[7]
[INFO] 2016-12-22 16:23:00 [redispool] [./sprj/util/util.lua:13] Activity Redis DBC[8]
[INFO] 2016-12-22 16:23:00 [redispool] [./sprj/util/util.lua:13] Activity Redis DBC[9]
[INFO] 2016-12-22 16:23:00 [redispool] [./sprj/util/util.lua:13] Activity Redis DBC[10]
[INFO] 2016-12-22 16:23:00 [redispool] [./sprj/util/util.lua:13] Activity Redis DBC[11]
[INFO] 2016-12-22 16:23:00 [redispool] [./sprj/util/util.lua:13] Activity Redis DBC[12]
[INFO] 2016-12-22 16:23:00 [redispool] [./sprj/util/util.lua:13] Activity Redis DBC[13]
[INFO] 2016-12-22 16:23:00 [redispool] [./sprj/util/util.lua:13] Activity Redis DBC[14]
[INFO] 2016-12-22 16:23:00 [redispool] [./sprj/util/util.lua:13] Activity Redis DBC[0]
[INFO] 2016-12-22 16:23:00 [mysqlpool] [./sprj/util/util.lua:13] MySQL DBPool useful is 15
[INFO] 2016-12-22 16:23:00 [mysqlpool] [./sprj/util/util.lua:13] Activity MySQL DBC[1]
[INFO] 2016-12-22 16:23:00 [mysqlpool] [./sprj/util/util.lua:13] Activity MySQL DBC[2]
[INFO] 2016-12-22 16:23:00 [mysqlpool] [./sprj/util/util.lua:13] Activity MySQL DBC[3]
[INFO] 2016-12-22 16:23:00 [mysqlpool] [./sprj/util/util.lua:13] Activity MySQL DBC[4]
[INFO] 2016-12-22 16:23:00 [mysqlpool] [./sprj/util/util.lua:13] Activity MySQL DBC[5]
[INFO] 2016-12-22 16:23:00 [mysqlpool] [./sprj/util/util.lua:13] Activity MySQL DBC[6]
[INFO] 2016-12-22 16:23:00 [mysqlpool] [./sprj/util/util.lua:13] Activity MySQL DBC[7]
[INFO] 2016-12-22 16:23:00 [mysqlpool] [./sprj/util/util.lua:13] Activity MySQL DBC[8]
[INFO] 2016-12-22 16:23:00 [mysqlpool] [./sprj/util/util.lua:13] Activity MySQL DBC[9]
[INFO] 2016-12-22 16:23:00 [mysqlpool] [./sprj/util/util.lua:13] Activity MySQL DBC[10]
[INFO] 2016-12-22 16:23:00 [mysqlpool] [./sprj/util/util.lua:13] Activity MySQL DBC[11]
[INFO] 2016-12-22 16:23:00 [mysqlpool] [./sprj/util/util.lua:13] Activity MySQL DBC[12]
[INFO] 2016-12-22 16:23:00 [mysqlpool] [./sprj/util/util.lua:13] Activity MySQL DBC[13]
[INFO] 2016-12-22 16:23:00 [mysqlpool] [./sprj/util/util.lua:13] Activity MySQL DBC[14]
[INFO] 2016-12-22 16:23:00 [mysqlpool] [./sprj/util/util.lua:13] Activity MySQL DBC[0]
