[INFO] 2016-12-22 18:24:29 [gateway] [./sprj/util/util.lua:13] Client fd[5] connect gateway
[INFO] 2016-12-22 18:28:42 [gateway] [./sprj/util/util.lua:13] Gateway open source[8]
[INFO] 2016-12-22 18:28:53 [gateway] [./sprj/util/util.lua:13] Client fd[5] connect gateway
[INFO] 2016-12-22 18:28:58 [gateway] [./sprj/util/util.lua:13] Client fd[5] connect gateway
[INFO] 2016-12-22 18:28:58 [gateway] [./sprj/util/util.lua:13] Client fd[5] connect gateway
[INFO] 2016-12-22 18:29:33 [gateway] [./sprj/util/util.lua:13] Gateway open source[8]
[INFO] 2016-12-22 18:29:36 [gateway] [./sprj/util/util.lua:13] Client fd[5] connect gateway
[INFO] 2016-12-22 18:29:40 [gateway] [./sprj/util/util.lua:13] Client fd[5] disconnect gateway
[INFO] 2016-12-22 18:29:40 [gateway] [./sprj/util/util.lua:13] Client fd[5] disconnect gateway
[INFO] 2016-12-22 18:34:52 [gateway] [./sprj/util/util.lua:13] Client fd[6] connect gateway
[INFO] 2016-12-22 18:34:57 [gateway] [./sprj/util/util.lua:13] Client fd[6] disconnect gateway
[INFO] 2016-12-22 18:34:57 [gateway] [./sprj/util/util.lua:13] Client fd[6] disconnect gateway
[INFO] 2016-12-22 18:35:12 [gateway] [./sprj/util/util.lua:13] Gateway open source[8]
[INFO] 2016-12-22 18:35:15 [gateway] [./sprj/util/util.lua:13] Client fd[5] connect gateway
[INFO] 2016-12-22 18:35:22 [gateway] [./sprj/util/util.lua:13] Client fd[5] disconnect gateway
[INFO] 2016-12-22 18:35:22 [gateway] [./sprj/util/util.lua:13] Client fd[5] disconnect gateway
[INFO] 2016-12-22 18:36:45 [gateway] [./sprj/util/util.lua:13] Gateway open source[8]
[INFO] 2016-12-22 18:36:48 [gateway] [./sprj/util/util.lua:13] Client fd[5] connect gateway
[INFO] 2016-12-22 18:36:49 [gateway] [./sprj/util/util.lua:13] Client fd[5] disconnect gateway i[1]
[INFO] 2016-12-22 18:36:49 [gateway] [./sprj/util/util.lua:13] Client fd[5] disconnect gateway i[2]
[INFO] 2016-12-22 18:48:17 [gateway] [./sprj/util/util.lua:13] Gateway open source[8]
[INFO] 2016-12-22 18:48:20 [gateway] [./sprj/util/util.lua:13] Client fd[5] connect gateway
[INFO] 2016-12-22 18:49:13 [gateway] [./sprj/util/util.lua:13] Gateway open source[8]
[INFO] 2016-12-22 18:49:15 [gateway] [./sprj/util/util.lua:13] Client fd[5] connect gateway
[INFO] 2016-12-22 18:49:17 [gateway] [./sprj/util/util.lua:13] Client fd[5] disconnect gateway
[INFO] 2016-12-22 19:27:38 [gateway] [./sprj/util/util.lua:13] Gateway open source[8]
[INFO] 2016-12-22 19:27:42 [gateway] [./sprj/util/util.lua:13] Client fd[5] connect gateway
[INFO] 2016-12-22 19:27:42 [gateway] [./sprj/util/util.lua:13] Client fd[5] disconnect gateway
[INFO] 2016-12-22 19:29:39 [gateway] [./sprj/util/util.lua:13] Client fd[6] connect gateway
[INFO] 2016-12-22 19:34:47 [gateway] [./sprj/util/util.lua:13] Gateway open source[8]
[INFO] 2016-12-22 19:34:49 [gateway] [./sprj/util/util.lua:13] Client fd[5] connect gateway
[INFO] 2016-12-22 19:36:00 [gateway] [./sprj/util/util.lua:13] Gateway open source[8]
[INFO] 2016-12-22 19:36:04 [gateway] [./sprj/util/util.lua:13] Client fd[5] connect gateway
[INFO] 2016-12-22 19:36:04 [gateway] [./sprj/util/util.lua:13] code[5378]
[INFO] 2016-12-22 19:37:12 [gateway] [./sprj/util/util.lua:13] Gateway open source[8]
[INFO] 2016-12-22 19:37:15 [gateway] [./sprj/util/util.lua:13] Client fd[5] connect gateway
[INFO] 2016-12-22 19:37:15 [gateway] [./sprj/util/util.lua:13] code[5378]
[INFO] 2016-12-22 19:37:26 [gateway] [./sprj/util/util.lua:13] Client fd[5] disconnect gateway
[INFO] 2016-12-22 19:37:39 [gateway] [./sprj/util/util.lua:13] Gateway open source[8]
[INFO] 2016-12-22 19:37:41 [gateway] [./sprj/util/util.lua:13] Client fd[5] connect gateway
[INFO] 2016-12-22 19:37:41 [gateway] [./sprj/util/util.lua:13] code[4100]
[INFO] 2016-12-22 19:37:41 [gateway] [./sprj/util/util.lua:13] code[4614]
[INFO] 2016-12-22 19:37:52 [gateway] [./sprj/util/util.lua:13] Client fd[5] disconnect gateway
[INFO] 2016-12-22 19:38:03 [gateway] [./sprj/util/util.lua:13] Client fd[6] connect gateway
[INFO] 2016-12-22 19:38:03 [gateway] [./sprj/util/util.lua:13] code[5378]
[INFO] 2016-12-22 19:39:06 [gateway] [./sprj/util/util.lua:13] Client fd[6] disconnect gateway
[INFO] 2016-12-22 19:41:29 [gateway] [./sprj/util/util.lua:13] Gateway open source[8]
[INFO] 2016-12-22 19:41:31 [gateway] [./sprj/util/util.lua:13] Client fd[5] connect gateway
[INFO] 2016-12-22 19:41:31 [gateway] [./sprj/util/util.lua:13] code[1]
[INFO] 2016-12-22 19:41:31 [gateway] [./sprj/util/util.lua:13] Forword cluster_name[cluster_login] fd[5]
[INFO] 2016-12-22 19:43:08 [gateway] [./sprj/util/util.lua:13] Gateway open source[8]
[INFO] 2016-12-22 19:43:10 [gateway] [./sprj/util/util.lua:13] Client fd[5] connect gateway
[INFO] 2016-12-22 19:43:10 [gateway] [./sprj/util/util.lua:13] code[1]
[INFO] 2016-12-22 19:43:10 [gateway] [./sprj/util/util.lua:13] Msg[
[INFO] 2016-12-22 19:43:10 [gateway] [./sprj/util/util.lua:13] Forword cluster_name[cluster_login] fd[5]
[INFO] 2016-12-22 19:47:28 [gateway] [./sprj/util/util.lua:13] Gateway open source[8]
[INFO] 2016-12-22 19:47:31 [gateway] [./sprj/util/util.lua:13] Client fd[5] connect gateway
[INFO] 2016-12-22 19:47:31 [gateway] [./sprj/util/util.lua:13] code[1]
[INFO] 2016-12-22 19:47:31 [gateway] [./sprj/util/util.lua:13] code2[5378]
[INFO] 2016-12-22 19:47:31 [gateway] [./sprj/util/util.lua:13] Forword cluster_name[cluster_login] fd[5]
[INFO] 2016-12-22 19:52:06 [gateway] [./sprj/util/util.lua:13] Gateway open source[8]
[INFO] 2016-12-22 19:52:08 [gateway] [./sprj/util/util.lua:13] Client fd[5] connect gateway
[INFO] 2016-12-22 19:52:08 [gateway] [./sprj/util/util.lua:13] code[1]
[INFO] 2016-12-22 19:52:08 [gateway] [./sprj/util/util.lua:13] cut_sz[4]
[INFO] 2016-12-22 19:52:08 [gateway] [./sprj/util/util.lua:13] cut_sz[6]
[INFO] 2016-12-22 19:52:08 [gateway] [./sprj/util/util.lua:13] Forword cluster_name[cluster_login] fd[5]
[INFO] 2016-12-22 20:00:27 [gateway] [./sprj/util/util.lua:13] Gateway open source[8]
[INFO] 2016-12-22 20:00:30 [gateway] [./sprj/util/util.lua:13] Client fd[5] connect gateway
[INFO] 2016-12-22 20:00:30 [gateway] [./sprj/util/util.lua:13] code[1]
[INFO] 2016-12-22 20:03:56 [gateway] [./sprj/util/util.lua:13] Gateway open source[8]
[INFO] 2016-12-22 20:03:58 [gateway] [./sprj/util/util.lua:13] Client fd[5] connect gateway
[INFO] 2016-12-22 20:03:58 [gateway] [./sprj/util/util.lua:13] code[1]
[INFO] 2016-12-22 20:05:17 [gateway] [./sprj/util/util.lua:13] Gateway open source[8]
[INFO] 2016-12-22 20:05:20 [gateway] [./sprj/util/util.lua:13] Client fd[5] connect gateway
[INFO] 2016-12-22 20:05:20 [gateway] [./sprj/util/util.lua:13] code[1]
[INFO] 2016-12-22 20:07:32 [gateway] [./sprj/util/util.lua:13] Gateway open source[8]
[INFO] 2016-12-22 20:07:34 [gateway] [./sprj/util/util.lua:13] Client fd[5] connect gateway
[INFO] 2016-12-22 20:07:34 [gateway] [./sprj/util/util.lua:13] Msg sz[6]
[INFO] 2016-12-22 20:07:34 [gateway] [./sprj/util/util.lua:13] code[1]
[INFO] 2016-12-22 20:07:34 [gateway] [./sprj/util/util.lua:13] Forword cluster_name[nil] fd[5]
[INFO] 2016-12-22 20:08:21 [gateway] [./sprj/util/util.lua:13] Gateway open source[8]
[INFO] 2016-12-22 20:08:23 [gateway] [./sprj/util/util.lua:13] Client fd[5] connect gateway
[INFO] 2016-12-22 20:08:23 [gateway] [./sprj/util/util.lua:13] Msg sz[6]
[INFO] 2016-12-22 20:08:23 [gateway] [./sprj/util/util.lua:13] code[1]
[INFO] 2016-12-22 20:08:23 [gateway] [./sprj/util/util.lua:13] Msg sz[4]
[INFO] 2016-12-22 20:08:23 [gateway] [./sprj/util/util.lua:13] Forword cluster_name[nil] fd[5]
[INFO] 2016-12-22 20:09:11 [gateway] [./sprj/util/util.lua:13] Gateway open source[8]
[INFO] 2016-12-22 20:09:13 [gateway] [./sprj/util/util.lua:13] Client fd[5] connect gateway
[INFO] 2016-12-22 20:09:13 [gateway] [./sprj/util/util.lua:13] Msg sz[6]
[INFO] 2016-12-22 20:09:13 [gateway] [./sprj/util/util.lua:13] code[2]
[INFO] 2016-12-22 20:09:13 [gateway] [./sprj/util/util.lua:13] Msg sz[4]
[INFO] 2016-12-22 20:09:13 [gateway] [./sprj/util/util.lua:13] Forword cluster_name[nil] fd[5]
[INFO] 2016-12-22 20:10:15 [gateway] [./sprj/util/util.lua:13] Gateway open source[8]
[INFO] 2016-12-22 20:10:18 [gateway] [./sprj/util/util.lua:13] Client fd[5] connect gateway
[INFO] 2016-12-22 20:10:18 [gateway] [./sprj/util/util.lua:13] Msg sz[6]
[INFO] 2016-12-22 20:10:18 [gateway] [./sprj/util/util.lua:13] code[2]
[INFO] 2016-12-22 20:10:18 [gateway] [./sprj/util/util.lua:13] Msg sz[4]
[INFO] 2016-12-22 20:10:18 [gateway] [./sprj/util/util.lua:13] Forword cluster_name[nil] fd[5]
[INFO] 2016-12-22 20:10:39 [gateway] [./sprj/util/util.lua:13] Gateway open source[8]
[INFO] 2016-12-22 20:10:42 [gateway] [./sprj/util/util.lua:13] Client fd[5] connect gateway
[INFO] 2016-12-22 20:10:42 [gateway] [./sprj/util/util.lua:13] Msg sz[6]
[INFO] 2016-12-22 20:10:42 [gateway] [./sprj/util/util.lua:13] code[2]
[INFO] 2016-12-22 20:10:42 [gateway] [./sprj/util/util.lua:13] Msg sz[4]
[INFO] 2016-12-22 20:10:42 [gateway] [./sprj/util/util.lua:13] Forword cluster_name[nil] fd[5]
[INFO] 2016-12-22 20:10:58 [gateway] [./sprj/util/util.lua:13] Gateway open source[8]
[INFO] 2016-12-22 20:11:01 [gateway] [./sprj/util/util.lua:13] Client fd[5] connect gateway
[INFO] 2016-12-22 20:11:01 [gateway] [./sprj/util/util.lua:13] Msg sz[6]
[INFO] 2016-12-22 20:11:01 [gateway] [./sprj/util/util.lua:13] code[2]
[INFO] 2016-12-22 20:11:01 [gateway] [./sprj/util/util.lua:13] Msg sz[4]
[INFO] 2016-12-22 20:11:01 [gateway] [./sprj/util/util.lua:13] Forword cluster_name[nil] fd[5]
[INFO] 2016-12-22 20:12:08 [gateway] [./sprj/util/util.lua:13] Gateway open source[8]
[INFO] 2016-12-22 20:12:12 [gateway] [./sprj/util/util.lua:13] Client fd[5] connect gateway
[INFO] 2016-12-22 20:12:12 [gateway] [./sprj/util/util.lua:13] Msg sz[6]
[INFO] 2016-12-22 20:12:12 [gateway] [./sprj/util/util.lua:13] code[2]
[INFO] 2016-12-22 20:12:12 [gateway] [./sprj/util/util.lua:13] Msg sz[4]
[INFO] 2016-12-22 20:12:12 [gateway] [./sprj/util/util.lua:13] Forword cluster_name[cluster_login] fd[5]
